mode: set
github.com/sametyilmaztemel/remotty/tui/main.go:58.27,66.2 1 1
github.com/sametyilmaztemel/remotty/tui/main.go:68.31,73.2 1 1
github.com/sametyilmaztemel/remotty/tui/main.go:75.57,76.27 1 1
github.com/sametyilmaztemel/remotty/tui/main.go:77.18,78.23 1 1
github.com/sametyilmaztemel/remotty/tui/main.go:79.22,80.22 1 1
github.com/sametyilmaztemel/remotty/tui/main.go:81.18,82.20 1 1
github.com/sametyilmaztemel/remotty/tui/main.go:82.20,84.5 1 1
github.com/sametyilmaztemel/remotty/tui/main.go:85.20,86.33 1 1
github.com/sametyilmaztemel/remotty/tui/main.go:86.33,88.5 1 1
github.com/sametyilmaztemel/remotty/tui/main.go:89.16,90.24 1 1
github.com/sametyilmaztemel/remotty/tui/main.go:90.24,94.5 3 1
github.com/sametyilmaztemel/remotty/tui/main.go:95.12,97.36 2 1
github.com/sametyilmaztemel/remotty/tui/main.go:100.16,103.115 3 1
github.com/sametyilmaztemel/remotty/tui/main.go:105.17,106.25 1 1
github.com/sametyilmaztemel/remotty/tui/main.go:108.16,109.51 1 1
github.com/sametyilmaztemel/remotty/tui/main.go:112.2,112.15 1 1
github.com/sametyilmaztemel/remotty/tui/main.go:115.30,118.23 2 1
github.com/sametyilmaztemel/remotty/tui/main.go:118.23,121.3 2 1
github.com/sametyilmaztemel/remotty/tui/main.go:123.2,125.31 2 1
github.com/sametyilmaztemel/remotty/tui/main.go:125.31,128.20 3 1
github.com/sametyilmaztemel/remotty/tui/main.go:128.20,131.4 2 1
github.com/sametyilmaztemel/remotty/tui/main.go:132.3,132.42 1 1
github.com/sametyilmaztemel/remotty/tui/main.go:135.2,136.27 2 1
github.com/sametyilmaztemel/remotty/tui/main.go:144.42,145.24 1 1
github.com/sametyilmaztemel/remotty/tui/main.go:145.24,149.17 2 0
github.com/sametyilmaztemel/remotty/tui/main.go:149.17,151.4 1 0
github.com/sametyilmaztemel/remotty/tui/main.go:153.3,154.17 2 0
github.com/sametyilmaztemel/remotty/tui/main.go:154.17,156.4 1 0
github.com/sametyilmaztemel/remotty/tui/main.go:158.3,159.27 2 0
github.com/sametyilmaztemel/remotty/tui/main.go:159.27,162.4 1 0
github.com/sametyilmaztemel/remotty/tui/main.go:163.3,163.25 1 0
github.com/sametyilmaztemel/remotty/tui/main.go:167.56,168.24 1 1
github.com/sametyilmaztemel/remotty/tui/main.go:168.24,171.18 2 0
github.com/sametyilmaztemel/remotty/tui/main.go:171.18,173.4 1 0
github.com/sametyilmaztemel/remotty/tui/main.go:175.3,181.17 3 0
github.com/sametyilmaztemel/remotty/tui/main.go:181.17,183.4 1 0
github.com/sametyilmaztemel/remotty/tui/main.go:186.3,186.51 1 0
github.com/sametyilmaztemel/remotty/tui/main.go:186.51,188.4 1 0
github.com/sametyilmaztemel/remotty/tui/main.go:189.3,189.35 1 0
github.com/sametyilmaztemel/remotty/tui/main.go:193.49,195.22 2 1
github.com/sametyilmaztemel/remotty/tui/main.go:195.22,196.12 1 1
github.com/sametyilmaztemel/remotty/tui/main.go:196.12,198.4 1 1
github.com/sametyilmaztemel/remotty/tui/main.go:199.3,199.14 1 1
github.com/sametyilmaztemel/remotty/tui/main.go:201.2,201.15 1 1
github.com/sametyilmaztemel/remotty/tui/main.go:204.37,205.22 1 1
github.com/sametyilmaztemel/remotty/tui/main.go:205.22,206.15 1 1
github.com/sametyilmaztemel/remotty/tui/main.go:206.15,208.4 1 1
github.com/sametyilmaztemel/remotty/tui/main.go:210.2,210.10 1 1
github.com/sametyilmaztemel/remotty/tui/main.go:213.13,215.35 2 0
github.com/sametyilmaztemel/remotty/tui/main.go:215.35,218.3 2 0
