mode: set
github.com/sametyilmaztemel/remotty/cmd/remotty/main.go:5.13,7.2 1 0
github.com/sametyilmaztemel/remotty/internal/client/client.go:31.78,36.2 1 1
github.com/sametyilmaztemel/remotty/internal/client/client.go:39.59,41.16 2 0
github.com/sametyilmaztemel/remotty/internal/client/client.go:41.16,43.3 1 0
github.com/sametyilmaztemel/remotty/internal/client/client.go:44.2,49.16 4 0
github.com/sametyilmaztemel/remotty/internal/client/client.go:49.16,51.3 1 0
github.com/sametyilmaztemel/remotty/internal/client/client.go:53.2,56.38 3 0
github.com/sametyilmaztemel/remotty/internal/client/client.go:56.38,63.3 4 0
github.com/sametyilmaztemel/remotty/internal/client/client.go:65.2,65.61 1 0
github.com/sametyilmaztemel/remotty/internal/client/client.go:69.64,71.16 2 0
github.com/sametyilmaztemel/remotty/internal/client/client.go:71.16,73.3 1 0
github.com/sametyilmaztemel/remotty/internal/client/client.go:74.2,85.16 5 0
github.com/sametyilmaztemel/remotty/internal/client/client.go:85.16,87.3 1 0
github.com/sametyilmaztemel/remotty/internal/client/client.go:89.2,92.35 3 0
github.com/sametyilmaztemel/remotty/internal/client/client.go:92.35,96.3 3 0
github.com/sametyilmaztemel/remotty/internal/client/client.go:98.2,98.39 1 0
github.com/sametyilmaztemel/remotty/internal/client/client.go:98.39,100.3 1 0
github.com/sametyilmaztemel/remotty/internal/client/client.go:102.2,113.65 4 0
github.com/sametyilmaztemel/remotty/internal/client/client.go:113.65,117.3 3 0
github.com/sametyilmaztemel/remotty/internal/client/client.go:118.2,118.16 1 0
github.com/sametyilmaztemel/remotty/internal/client/client.go:118.16,120.3 1 0
github.com/sametyilmaztemel/remotty/internal/client/client.go:121.2,124.12 2 0
github.com/sametyilmaztemel/remotty/internal/client/client.go:124.12,125.7 1 0
github.com/sametyilmaztemel/remotty/internal/client/client.go:125.7,127.18 2 0
github.com/sametyilmaztemel/remotty/internal/client/client.go:127.18,129.5 1 0
github.com/sametyilmaztemel/remotty/internal/client/client.go:130.4,133.23 3 0
github.com/sametyilmaztemel/remotty/internal/client/client.go:134.27,135.31 1 0
github.com/sametyilmaztemel/remotty/internal/client/client.go:136.34,137.29 1 0
github.com/sametyilmaztemel/remotty/internal/client/client.go:146.2,152.16 5 0
github.com/sametyilmaztemel/remotty/internal/client/client.go:152.16,154.3 1 0
github.com/sametyilmaztemel/remotty/internal/client/client.go:155.2,159.16 3 0
github.com/sametyilmaztemel/remotty/internal/client/client.go:159.16,161.3 1 0
github.com/sametyilmaztemel/remotty/internal/client/client.go:163.2,168.32 4 0
github.com/sametyilmaztemel/remotty/internal/client/client.go:168.32,172.3 1 0
github.com/sametyilmaztemel/remotty/internal/client/client.go:175.2,181.12 2 0
github.com/sametyilmaztemel/remotty/internal/client/client.go:181.12,183.7 2 0
github.com/sametyilmaztemel/remotty/internal/client/client.go:183.7,185.18 2 0
github.com/sametyilmaztemel/remotty/internal/client/client.go:185.18,187.5 1 0
github.com/sametyilmaztemel/remotty/internal/client/client.go:188.4,188.13 1 0
github.com/sametyilmaztemel/remotty/internal/client/client.go:188.13,190.5 1 0
github.com/sametyilmaztemel/remotty/internal/client/client.go:195.2,202.12 7 0
github.com/sametyilmaztemel/remotty/internal/client/client.go:202.12,203.22 1 0
github.com/sametyilmaztemel/remotty/internal/client/client.go:203.22,205.18 2 0
github.com/sametyilmaztemel/remotty/internal/client/client.go:205.18,206.13 1 0
github.com/sametyilmaztemel/remotty/internal/client/client.go:208.4,209.38 2 0
github.com/sametyilmaztemel/remotty/internal/client/client.go:209.38,211.13 2 0
github.com/sametyilmaztemel/remotty/internal/client/client.go:213.4,222.7 4 0
github.com/sametyilmaztemel/remotty/internal/client/client.go:227.2,229.41 2 0
github.com/sametyilmaztemel/remotty/internal/client/client.go:229.41,231.3 1 0
github.com/sametyilmaztemel/remotty/internal/client/client.go:233.2,233.37 1 0
github.com/sametyilmaztemel/remotty/internal/client/client.go:233.37,236.37 3 0
github.com/sametyilmaztemel/remotty/internal/client/client.go:236.37,238.4 1 0
github.com/sametyilmaztemel/remotty/internal/client/client.go:238.9,238.46 1 0
github.com/sametyilmaztemel/remotty/internal/client/client.go:238.46,241.4 2 0
github.com/sametyilmaztemel/remotty/internal/client/client.go:245.2,245.41 1 0
github.com/sametyilmaztemel/remotty/internal/client/client.go:245.41,247.52 2 0
github.com/sametyilmaztemel/remotty/internal/client/client.go:247.52,249.4 1 0
github.com/sametyilmaztemel/remotty/internal/client/client.go:251.3,251.19 1 0
github.com/sametyilmaztemel/remotty/internal/client/client.go:252.33,254.65 2 0
github.com/sametyilmaztemel/remotty/internal/client/client.go:254.65,256.5 1 0
github.com/sametyilmaztemel/remotty/internal/client/client.go:257.4,258.66 1 0
github.com/sametyilmaztemel/remotty/internal/client/client.go:260.33,262.65 2 0
github.com/sametyilmaztemel/remotty/internal/client/client.go:262.65,264.5 1 0
github.com/sametyilmaztemel/remotty/internal/client/client.go:265.4,266.40 1 0
github.com/sametyilmaztemel/remotty/internal/client/client.go:268.30,270.67 2 0
github.com/sametyilmaztemel/remotty/internal/client/client.go:270.67,272.5 1 0
github.com/sametyilmaztemel/remotty/internal/client/client.go:273.4,274.64 1 0
github.com/sametyilmaztemel/remotty/internal/client/client.go:276.31,280.70 2 0
github.com/sametyilmaztemel/remotty/internal/client/client.go:280.70,282.5 1 0
github.com/sametyilmaztemel/remotty/internal/client/client.go:283.4,283.80 1 0
github.com/sametyilmaztemel/remotty/internal/client/client.go:287.2,288.12 2 0
github.com/sametyilmaztemel/remotty/cmd/remotty/cmd/connect.go:21.54,25.55 2 0
github.com/sametyilmaztemel/remotty/cmd/remotty/cmd/connect.go:25.55,27.4 1 0
github.com/sametyilmaztemel/remotty/cmd/remotty/cmd/connect.go:28.3,28.57 1 0
github.com/sametyilmaztemel/remotty/cmd/remotty/cmd/connect.go:28.57,30.4 1 0
github.com/sametyilmaztemel/remotty/cmd/remotty/cmd/connect.go:33.3,33.79 1 0
github.com/sametyilmaztemel/remotty/cmd/remotty/cmd/connect.go:33.79,35.4 1 0
github.com/sametyilmaztemel/remotty/cmd/remotty/cmd/connect.go:36.3,36.89 1 0
github.com/sametyilmaztemel/remotty/cmd/remotty/cmd/connect.go:36.89,38.4 1 0
github.com/sametyilmaztemel/remotty/cmd/remotty/cmd/connect.go:41.3,41.20 1 0
github.com/sametyilmaztemel/remotty/cmd/remotty/cmd/connect.go:41.20,43.4 1 0
github.com/sametyilmaztemel/remotty/cmd/remotty/cmd/connect.go:45.3,46.17 2 0
github.com/sametyilmaztemel/remotty/cmd/remotty/cmd/connect.go:46.17,48.4 1 0
github.com/sametyilmaztemel/remotty/cmd/remotty/cmd/connect.go:51.3,51.23 1 0
github.com/sametyilmaztemel/remotty/cmd/remotty/cmd/connect.go:51.23,53.18 2 0
github.com/sametyilmaztemel/remotty/cmd/remotty/cmd/connect.go:53.18,55.5 1 0
github.com/sametyilmaztemel/remotty/cmd/remotty/cmd/connect.go:56.4,56.23 1 0
github.com/sametyilmaztemel/remotty/cmd/remotty/cmd/connect.go:56.23,59.5 2 0
github.com/sametyilmaztemel/remotty/cmd/remotty/cmd/connect.go:60.4,61.28 2 0
github.com/sametyilmaztemel/remotty/cmd/remotty/cmd/connect.go:61.28,64.5 1 0
github.com/sametyilmaztemel/remotty/cmd/remotty/cmd/connect.go:65.4,65.14 1 0
github.com/sametyilmaztemel/remotty/cmd/remotty/cmd/connect.go:68.3,72.35 3 0
github.com/sametyilmaztemel/remotty/cmd/remotty/cmd/connect.go:76.13,80.2 3 1
github.com/sametyilmaztemel/remotty/cmd/remotty/cmd/connect.go:82.49,84.22 2 1
github.com/sametyilmaztemel/remotty/cmd/remotty/cmd/connect.go:84.22,85.12 1 1
github.com/sametyilmaztemel/remotty/cmd/remotty/cmd/connect.go:85.12,87.4 1 1
github.com/sametyilmaztemel/remotty/cmd/remotty/cmd/connect.go:88.3,88.14 1 1
github.com/sametyilmaztemel/remotty/cmd/remotty/cmd/connect.go:90.2,90.15 1 1
github.com/sametyilmaztemel/remotty/cmd/remotty/cmd/host.go:22.54,28.23 4 0
github.com/sametyilmaztemel/remotty/cmd/remotty/cmd/host.go:28.23,30.4 1 0
github.com/sametyilmaztemel/remotty/cmd/remotty/cmd/host.go:31.3,31.21 1 0
github.com/sametyilmaztemel/remotty/cmd/remotty/cmd/host.go:31.21,33.4 1 0
github.com/sametyilmaztemel/remotty/cmd/remotty/cmd/host.go:34.3,34.64 1 0
github.com/sametyilmaztemel/remotty/cmd/remotty/cmd/host.go:34.64,36.4 1 0
github.com/sametyilmaztemel/remotty/cmd/remotty/cmd/host.go:37.3,37.43 1 0
github.com/sametyilmaztemel/remotty/cmd/remotty/cmd/host.go:37.43,39.4 1 0
github.com/sametyilmaztemel/remotty/cmd/remotty/cmd/host.go:42.3,42.79 1 0
github.com/sametyilmaztemel/remotty/cmd/remotty/cmd/host.go:42.79,44.4 1 0
github.com/sametyilmaztemel/remotty/cmd/remotty/cmd/host.go:45.3,45.89 1 0
github.com/sametyilmaztemel/remotty/cmd/remotty/cmd/host.go:45.89,47.4 1 0
github.com/sametyilmaztemel/remotty/cmd/remotty/cmd/host.go:49.3,50.17 2 0
github.com/sametyilmaztemel/remotty/cmd/remotty/cmd/host.go:50.17,53.4 2 0
github.com/sametyilmaztemel/remotty/cmd/remotty/cmd/host.go:55.3,55.17 1 0
github.com/sametyilmaztemel/remotty/cmd/remotty/cmd/host.go:55.17,56.43 1 0
github.com/sametyilmaztemel/remotty/cmd/remotty/cmd/host.go:56.43,63.19 2 0
github.com/sametyilmaztemel/remotty/cmd/remotty/cmd/host.go:63.19,66.6 2 0
github.com/sametyilmaztemel/remotty/cmd/remotty/cmd/host.go:67.5,71.18 5 0
github.com/sametyilmaztemel/remotty/cmd/remotty/cmd/host.go:75.3,87.25 4 0
github.com/sametyilmaztemel/remotty/cmd/remotty/cmd/host.go:91.13,97.2 5 1
github.com/sametyilmaztemel/remotty/cmd/remotty/cmd/root.go:29.67,32.3 2 0
github.com/sametyilmaztemel/remotty/cmd/remotty/cmd/root.go:33.47,35.3 1 0
github.com/sametyilmaztemel/remotty/cmd/remotty/cmd/root.go:38.16,39.42 1 0
github.com/sametyilmaztemel/remotty/cmd/remotty/cmd/root.go:39.42,42.3 2 0
github.com/sametyilmaztemel/remotty/cmd/remotty/cmd/root.go:45.13,50.2 4 1
github.com/sametyilmaztemel/remotty/cmd/remotty/cmd/root.go:52.19,54.16 2 0
github.com/sametyilmaztemel/remotty/cmd/remotty/cmd/root.go:54.16,57.3 2 0
github.com/sametyilmaztemel/remotty/cmd/remotty/cmd/root.go:58.2,60.24 2 0
github.com/sametyilmaztemel/remotty/cmd/remotty/cmd/root.go:60.24,62.3 1 0
github.com/sametyilmaztemel/remotty/cmd/remotty/cmd/root.go:63.2,63.28 1 0
github.com/sametyilmaztemel/remotty/cmd/remotty/cmd/root.go:63.28,65.3 1 0
github.com/sametyilmaztemel/remotty/cmd/remotty/cmd/root.go:66.2,66.19 1 0
github.com/sametyilmaztemel/remotty/cmd/remotty/cmd/root.go:66.19,68.3 1 0
github.com/sametyilmaztemel/remotty/cmd/remotty/cmd/root.go:71.26,73.16 2 0
github.com/sametyilmaztemel/remotty/cmd/remotty/cmd/root.go:73.16,75.3 1 0
github.com/sametyilmaztemel/remotty/cmd/remotty/cmd/root.go:76.2,78.12 3 0
github.com/sametyilmaztemel/remotty/cmd/remotty/cmd/signal.go:21.54,25.49 2 0
github.com/sametyilmaztemel/remotty/cmd/remotty/cmd/signal.go:25.49,27.4 1 0
github.com/sametyilmaztemel/remotty/cmd/remotty/cmd/signal.go:28.3,28.53 1 0
github.com/sametyilmaztemel/remotty/cmd/remotty/cmd/signal.go:28.53,30.4 1 0
github.com/sametyilmaztemel/remotty/cmd/remotty/cmd/signal.go:31.3,31.44 1 0
github.com/sametyilmaztemel/remotty/cmd/remotty/cmd/signal.go:31.44,33.4 1 0
github.com/sametyilmaztemel/remotty/cmd/remotty/cmd/signal.go:34.3,34.44 1 0
github.com/sametyilmaztemel/remotty/cmd/remotty/cmd/signal.go:34.44,36.4 1 0
github.com/sametyilmaztemel/remotty/cmd/remotty/cmd/signal.go:37.3,37.57 1 0
github.com/sametyilmaztemel/remotty/cmd/remotty/cmd/signal.go:37.57,39.4 1 0
github.com/sametyilmaztemel/remotty/cmd/remotty/cmd/signal.go:40.3,40.56 1 0
github.com/sametyilmaztemel/remotty/cmd/remotty/cmd/signal.go:40.56,42.4 1 0
github.com/sametyilmaztemel/remotty/cmd/remotty/cmd/signal.go:43.3,43.56 1 0
github.com/sametyilmaztemel/remotty/cmd/remotty/cmd/signal.go:43.56,45.4 1 0
github.com/sametyilmaztemel/remotty/cmd/remotty/cmd/signal.go:48.3,48.68 1 0
github.com/sametyilmaztemel/remotty/cmd/remotty/cmd/signal.go:48.68,50.4 1 0
github.com/sametyilmaztemel/remotty/cmd/remotty/cmd/signal.go:52.3,65.27 5 0
github.com/sametyilmaztemel/remotty/cmd/remotty/cmd/signal.go:69.13,78.2 8 1
github.com/sametyilmaztemel/remotty/internal/backup/backup.go:38.64,40.53 2 1
github.com/sametyilmaztemel/remotty/internal/backup/backup.go:40.53,42.3 1 0
github.com/sametyilmaztemel/remotty/internal/backup/backup.go:44.2,49.16 5 1
github.com/sametyilmaztemel/remotty/internal/backup/backup.go:49.16,51.3 1 0
github.com/sametyilmaztemel/remotty/internal/backup/backup.go:52.2,63.22 7 1
github.com/sametyilmaztemel/remotty/internal/backup/backup.go:63.22,64.68 1 1
github.com/sametyilmaztemel/remotty/internal/backup/backup.go:64.68,65.70 1 1
github.com/sametyilmaztemel/remotty/internal/backup/backup.go:65.70,67.5 1 0
github.com/sametyilmaztemel/remotty/internal/backup/backup.go:68.4,68.16 1 1
github.com/sametyilmaztemel/remotty/internal/backup/backup.go:73.2,78.32 2 1
github.com/sametyilmaztemel/remotty/internal/backup/backup.go:78.32,79.22 1 1
github.com/sametyilmaztemel/remotty/internal/backup/backup.go:79.22,80.12 1 0
github.com/sametyilmaztemel/remotty/internal/backup/backup.go:82.3,82.59 1 1
github.com/sametyilmaztemel/remotty/internal/backup/backup.go:82.59,83.64 1 0
github.com/sametyilmaztemel/remotty/internal/backup/backup.go:83.64,85.5 1 0
github.com/sametyilmaztemel/remotty/internal/backup/backup.go:86.4,87.9 2 0
github.com/sametyilmaztemel/remotty/internal/backup/backup.go:92.2,93.16 2 1
github.com/sametyilmaztemel/remotty/internal/backup/backup.go:93.16,94.13 1 0
github.com/sametyilmaztemel/remotty/internal/backup/backup.go:94.13,96.4 1 0
github.com/sametyilmaztemel/remotty/internal/backup/backup.go:98.8,98.32 1 1
github.com/sametyilmaztemel/remotty/internal/backup/backup.go:98.32,99.85 1 1
github.com/sametyilmaztemel/remotty/internal/backup/backup.go:99.85,100.18 1 1
github.com/sametyilmaztemel/remotty/internal/backup/backup.go:100.18,102.5 1 0
github.com/sametyilmaztemel/remotty/internal/backup/backup.go:104.4,105.18 2 1
github.com/sametyilmaztemel/remotty/internal/backup/backup.go:105.18,107.5 1 0
github.com/sametyilmaztemel/remotty/internal/backup/backup.go:108.4,108.96 1 1
github.com/sametyilmaztemel/remotty/internal/backup/backup.go:108.96,109.29 1 1
github.com/sametyilmaztemel/remotty/internal/backup/backup.go:109.29,111.6 1 0
github.com/sametyilmaztemel/remotty/internal/backup/backup.go:112.5,112.28 1 1
github.com/sametyilmaztemel/remotty/internal/backup/backup.go:115.4,115.26 1 1
github.com/sametyilmaztemel/remotty/internal/backup/backup.go:115.26,117.5 1 0
github.com/sametyilmaztemel/remotty/internal/backup/backup.go:118.4,118.20 1 1
github.com/sametyilmaztemel/remotty/internal/backup/backup.go:118.20,120.5 1 1
github.com/sametyilmaztemel/remotty/internal/backup/backup.go:121.4,122.58 2 1
github.com/sametyilmaztemel/remotty/internal/backup/backup.go:122.58,124.5 1 0
github.com/sametyilmaztemel/remotty/internal/backup/backup.go:125.4,126.14 2 1
github.com/sametyilmaztemel/remotty/internal/backup/backup.go:128.3,128.17 1 1
github.com/sametyilmaztemel/remotty/internal/backup/backup.go:128.17,130.4 1 0
github.com/sametyilmaztemel/remotty/internal/backup/backup.go:133.2,133.12 1 1
github.com/sametyilmaztemel/remotty/internal/backup/backup.go:133.12,136.3 2 1
github.com/sametyilmaztemel/remotty/internal/backup/backup.go:138.2,138.24 1 1
github.com/sametyilmaztemel/remotty/internal/backup/backup.go:144.57,146.16 2 1
github.com/sametyilmaztemel/remotty/internal/backup/backup.go:146.16,148.3 1 1
github.com/sametyilmaztemel/remotty/internal/backup/backup.go:149.2,152.16 3 1
github.com/sametyilmaztemel/remotty/internal/backup/backup.go:152.16,154.3 1 0
github.com/sametyilmaztemel/remotty/internal/backup/backup.go:155.2,159.6 3 1
github.com/sametyilmaztemel/remotty/internal/backup/backup.go:159.6,161.20 2 1
github.com/sametyilmaztemel/remotty/internal/backup/backup.go:161.20,162.9 1 1
github.com/sametyilmaztemel/remotty/internal/backup/backup.go:164.3,164.17 1 1
github.com/sametyilmaztemel/remotty/internal/backup/backup.go:164.17,166.4 1 0
github.com/sametyilmaztemel/remotty/internal/backup/backup.go:169.3,170.10 2 1
github.com/sametyilmaztemel/remotty/internal/backup/backup.go:171.37,172.57 1 1
github.com/sametyilmaztemel/remotty/internal/backup/backup.go:173.48,175.50 2 1
github.com/sametyilmaztemel/remotty/internal/backup/backup.go:176.11,177.54 1 0
github.com/sametyilmaztemel/remotty/internal/backup/backup.go:181.3,181.80 1 1
github.com/sametyilmaztemel/remotty/internal/backup/backup.go:181.80,183.4 1 0
github.com/sametyilmaztemel/remotty/internal/backup/backup.go:185.3,185.37 1 1
github.com/sametyilmaztemel/remotty/internal/backup/backup.go:185.37,186.76 1 0
github.com/sametyilmaztemel/remotty/internal/backup/backup.go:186.76,188.5 1 0
github.com/sametyilmaztemel/remotty/internal/backup/backup.go:189.4,189.12 1 0
github.com/sametyilmaztemel/remotty/internal/backup/backup.go:193.3,193.69 1 1
github.com/sametyilmaztemel/remotty/internal/backup/backup.go:193.69,195.4 1 0
github.com/sametyilmaztemel/remotty/internal/backup/backup.go:197.3,198.17 2 1
github.com/sametyilmaztemel/remotty/internal/backup/backup.go:198.17,200.4 1 0
github.com/sametyilmaztemel/remotty/internal/backup/backup.go:202.3,202.49 1 1
github.com/sametyilmaztemel/remotty/internal/backup/backup.go:202.49,205.4 2 0
github.com/sametyilmaztemel/remotty/internal/backup/backup.go:206.3,206.18 1 1
github.com/sametyilmaztemel/remotty/internal/backup/backup.go:209.2,209.12 1 1
github.com/sametyilmaztemel/remotty/internal/backup/backup.go:213.44,217.16 3 1
github.com/sametyilmaztemel/remotty/internal/backup/backup.go:217.16,218.25 1 1
github.com/sametyilmaztemel/remotty/internal/backup/backup.go:218.25,220.4 1 1
github.com/sametyilmaztemel/remotty/internal/backup/backup.go:221.3,221.53 1 0
github.com/sametyilmaztemel/remotty/internal/backup/backup.go:224.2,225.32 2 1
github.com/sametyilmaztemel/remotty/internal/backup/backup.go:225.32,226.122 1 1
github.com/sametyilmaztemel/remotty/internal/backup/backup.go:226.122,227.12 1 0
github.com/sametyilmaztemel/remotty/internal/backup/backup.go:230.3,231.17 2 1
github.com/sametyilmaztemel/remotty/internal/backup/backup.go:231.17,232.12 1 0
github.com/sametyilmaztemel/remotty/internal/backup/backup.go:235.3,240.5 1 1
github.com/sametyilmaztemel/remotty/internal/backup/backup.go:244.2,244.42 1 1
github.com/sametyilmaztemel/remotty/internal/backup/backup.go:244.42,246.3 1 1
github.com/sametyilmaztemel/remotty/internal/backup/backup.go:248.2,248.21 1 1
github.com/sametyilmaztemel/remotty/internal/backup/backup.go:253.78,255.16 2 1
github.com/sametyilmaztemel/remotty/internal/backup/backup.go:255.16,257.3 1 0
github.com/sametyilmaztemel/remotty/internal/backup/backup.go:259.2,259.18 1 1
github.com/sametyilmaztemel/remotty/internal/backup/backup.go:259.18,261.3 1 1
github.com/sametyilmaztemel/remotty/internal/backup/backup.go:262.2,262.17 1 1
github.com/sametyilmaztemel/remotty/internal/backup/backup.go:262.17,264.3 1 1
github.com/sametyilmaztemel/remotty/internal/backup/backup.go:266.2,269.28 3 1
github.com/sametyilmaztemel/remotty/internal/backup/backup.go:269.28,271.47 1 1
github.com/sametyilmaztemel/remotty/internal/backup/backup.go:271.47,272.44 1 1
github.com/sametyilmaztemel/remotty/internal/backup/backup.go:272.44,274.13 2 0
github.com/sametyilmaztemel/remotty/internal/backup/backup.go:276.4,276.13 1 1
github.com/sametyilmaztemel/remotty/internal/backup/backup.go:280.2,280.21 1 1
github.com/sametyilmaztemel/remotty/internal/backup/backup.go:284.76,286.16 2 1
github.com/sametyilmaztemel/remotty/internal/backup/backup.go:286.16,288.3 1 0
github.com/sametyilmaztemel/remotty/internal/backup/backup.go:290.2,291.16 2 1
github.com/sametyilmaztemel/remotty/internal/backup/backup.go:291.16,293.3 1 0
github.com/sametyilmaztemel/remotty/internal/backup/backup.go:294.2,297.47 3 1
github.com/sametyilmaztemel/remotty/internal/backup/backup.go:297.47,299.3 1 0
github.com/sametyilmaztemel/remotty/internal/backup/backup.go:301.2,302.16 2 1
github.com/sametyilmaztemel/remotty/internal/backup/backup.go:302.16,304.3 1 0
github.com/sametyilmaztemel/remotty/internal/backup/backup.go:305.2,308.12 3 1
github.com/sametyilmaztemel/remotty/internal/config/config.go:118.47,159.36 25 1
github.com/sametyilmaztemel/remotty/internal/config/config.go:159.36,161.3 1 1
github.com/sametyilmaztemel/remotty/internal/config/config.go:164.2,164.22 1 1
github.com/sametyilmaztemel/remotty/internal/config/config.go:164.22,166.3 1 1
github.com/sametyilmaztemel/remotty/internal/config/config.go:166.8,172.3 5 1
github.com/sametyilmaztemel/remotty/internal/config/config.go:175.2,175.41 1 1
github.com/sametyilmaztemel/remotty/internal/config/config.go:175.41,176.56 1 1
github.com/sametyilmaztemel/remotty/internal/config/config.go:176.56,178.4 1 0
github.com/sametyilmaztemel/remotty/internal/config/config.go:181.2,182.42 2 1
github.com/sametyilmaztemel/remotty/internal/config/config.go:182.42,184.3 1 0
github.com/sametyilmaztemel/remotty/internal/config/config.go:187.2,187.25 1 1
github.com/sametyilmaztemel/remotty/internal/config/config.go:187.25,189.3 1 1
github.com/sametyilmaztemel/remotty/internal/config/config.go:191.2,191.18 1 1
github.com/sametyilmaztemel/remotty/internal/config/config.go:195.38,197.2 1 1
github.com/sametyilmaztemel/remotty/internal/config/config.go:200.41,202.19 2 1
github.com/sametyilmaztemel/remotty/internal/config/config.go:202.19,204.3 1 1
github.com/sametyilmaztemel/remotty/internal/config/config.go:205.2,205.58 1 1
github.com/sametyilmaztemel/remotty/internal/config/config.go:209.52,210.34 1 1
github.com/sametyilmaztemel/remotty/internal/config/config.go:211.15,212.28 1 1
github.com/sametyilmaztemel/remotty/internal/config/config.go:213.14,214.27 1 1
github.com/sametyilmaztemel/remotty/internal/config/config.go:215.14,216.27 1 1
github.com/sametyilmaztemel/remotty/internal/config/config.go:217.15,218.28 1 1
github.com/sametyilmaztemel/remotty/internal/config/config.go:219.10,220.27 1 1
github.com/sametyilmaztemel/remotty/internal/config/config.go:224.30,226.16 2 1
github.com/sametyilmaztemel/remotty/internal/config/config.go:226.16,228.3 1 0
github.com/sametyilmaztemel/remotty/internal/config/config.go:229.2,229.40 1 1
github.com/sametyilmaztemel/remotty/internal/config/config.go:233.35,237.28 2 1
github.com/sametyilmaztemel/remotty/internal/config/config.go:237.28,239.40 1 0
github.com/sametyilmaztemel/remotty/internal/config/config.go:239.40,241.4 1 0
github.com/sametyilmaztemel/remotty/internal/config/config.go:245.2,245.48 1 1
github.com/sametyilmaztemel/remotty/internal/config/config.go:245.48,247.3 1 1
github.com/sametyilmaztemel/remotty/internal/config/config.go:248.2,248.45 1 1
github.com/sametyilmaztemel/remotty/internal/config/config.go:248.45,250.3 1 1
github.com/sametyilmaztemel/remotty/internal/config/config.go:251.2,251.28 1 1
github.com/sametyilmaztemel/remotty/internal/config/config.go:251.28,253.3 1 0
github.com/sametyilmaztemel/remotty/internal/config/config.go:254.2,254.26 1 1
github.com/sametyilmaztemel/remotty/internal/config/config.go:254.26,255.34 1 1
github.com/sametyilmaztemel/remotty/internal/config/config.go:255.34,257.4 1 1
github.com/sametyilmaztemel/remotty/internal/config/config.go:258.3,258.33 1 1
github.com/sametyilmaztemel/remotty/internal/config/config.go:258.33,260.4 1 1
github.com/sametyilmaztemel/remotty/internal/config/config.go:263.2,263.49 1 1
github.com/sametyilmaztemel/remotty/internal/config/config.go:263.49,264.103 1 0
github.com/sametyilmaztemel/remotty/internal/config/config.go:264.103,266.4 1 0
github.com/sametyilmaztemel/remotty/internal/config/config.go:270.2,270.63 1 1
github.com/sametyilmaztemel/remotty/internal/config/config.go:270.63,272.3 1 1
github.com/sametyilmaztemel/remotty/internal/config/config.go:273.2,273.28 1 1
github.com/sametyilmaztemel/remotty/internal/config/config.go:273.28,274.102 1 0
github.com/sametyilmaztemel/remotty/internal/config/config.go:274.102,276.4 1 0
github.com/sametyilmaztemel/remotty/internal/config/config.go:278.2,278.30 1 1
github.com/sametyilmaztemel/remotty/internal/config/config.go:278.30,280.3 1 1
github.com/sametyilmaztemel/remotty/internal/config/config.go:281.2,281.68 1 1
github.com/sametyilmaztemel/remotty/internal/config/config.go:281.68,283.3 1 0
github.com/sametyilmaztemel/remotty/internal/config/config.go:284.2,284.33 1 1
github.com/sametyilmaztemel/remotty/internal/config/config.go:284.33,286.3 1 0
github.com/sametyilmaztemel/remotty/internal/config/config.go:287.2,287.111 1 1
github.com/sametyilmaztemel/remotty/internal/config/config.go:287.111,289.3 1 0
github.com/sametyilmaztemel/remotty/internal/config/config.go:290.2,290.29 1 1
github.com/sametyilmaztemel/remotty/internal/config/config.go:290.29,292.3 1 0
github.com/sametyilmaztemel/remotty/internal/config/config.go:293.2,293.68 1 1
github.com/sametyilmaztemel/remotty/internal/config/config.go:293.68,295.3 1 0
github.com/sametyilmaztemel/remotty/internal/config/config.go:296.2,296.31 1 1
github.com/sametyilmaztemel/remotty/internal/config/config.go:296.31,298.3 1 0
github.com/sametyilmaztemel/remotty/internal/config/config.go:299.2,299.70 1 1
github.com/sametyilmaztemel/remotty/internal/config/config.go:299.70,301.3 1 0
github.com/sametyilmaztemel/remotty/internal/config/config.go:302.2,302.28 1 1
github.com/sametyilmaztemel/remotty/internal/config/config.go:302.28,304.3 1 0
github.com/sametyilmaztemel/remotty/internal/config/config.go:306.2,306.36 1 1
github.com/sametyilmaztemel/remotty/internal/config/config.go:306.36,309.36 3 0
github.com/sametyilmaztemel/remotty/internal/config/config.go:309.36,310.32 1 0
github.com/sametyilmaztemel/remotty/internal/config/config.go:310.32,313.10 3 0
github.com/sametyilmaztemel/remotty/internal/config/config.go:316.3,316.13 1 0
github.com/sametyilmaztemel/remotty/internal/config/config.go:316.13,318.4 1 0
github.com/sametyilmaztemel/remotty/internal/config/config.go:322.2,322.30 1 1
github.com/sametyilmaztemel/remotty/internal/config/config.go:322.30,323.106 1 0
github.com/sametyilmaztemel/remotty/internal/config/config.go:323.106,325.4 1 0
github.com/sametyilmaztemel/remotty/internal/config/config.go:329.2,329.29 1 1
github.com/sametyilmaztemel/remotty/internal/config/config.go:329.29,331.3 1 1
github.com/sametyilmaztemel/remotty/internal/config/config.go:332.2,332.33 1 1
github.com/sametyilmaztemel/remotty/internal/config/config.go:332.33,334.3 1 0
github.com/sametyilmaztemel/remotty/internal/config/config.go:335.2,335.44 1 1
github.com/sametyilmaztemel/remotty/internal/config/config.go:335.44,337.3 1 0
github.com/sametyilmaztemel/remotty/internal/config/config.go:339.2,339.40 1 1
github.com/sametyilmaztemel/remotty/internal/config/config.go:339.40,340.106 1 0
github.com/sametyilmaztemel/remotty/internal/config/config.go:340.106,342.4 1 0
github.com/sametyilmaztemel/remotty/internal/config/config.go:346.2,346.44 1 1
github.com/sametyilmaztemel/remotty/internal/config/config.go:346.44,348.3 1 1
github.com/sametyilmaztemel/remotty/internal/config/config.go:349.2,349.52 1 1
github.com/sametyilmaztemel/remotty/internal/config/config.go:349.52,351.3 1 0
github.com/sametyilmaztemel/remotty/internal/config/config.go:352.2,352.31 1 1
github.com/sametyilmaztemel/remotty/internal/config/config.go:352.31,354.3 1 0
github.com/sametyilmaztemel/remotty/internal/config/config.go:355.2,355.34 1 1
github.com/sametyilmaztemel/remotty/internal/config/config.go:355.34,357.3 1 0
github.com/sametyilmaztemel/remotty/internal/config/config.go:360.2,360.42 1 1
github.com/sametyilmaztemel/remotty/internal/config/config.go:361.74,361.74 0 1
github.com/sametyilmaztemel/remotty/internal/config/config.go:363.10,364.81 1 1
github.com/sametyilmaztemel/remotty/internal/config/config.go:366.2,366.43 1 1
github.com/sametyilmaztemel/remotty/internal/config/config.go:367.29,367.29 0 1
github.com/sametyilmaztemel/remotty/internal/config/config.go:369.10,370.106 1 0
github.com/sametyilmaztemel/remotty/internal/config/config.go:374.2,374.51 1 1
github.com/sametyilmaztemel/remotty/internal/config/config.go:374.51,376.3 1 1
github.com/sametyilmaztemel/remotty/internal/config/config.go:377.2,377.82 1 1
github.com/sametyilmaztemel/remotty/internal/config/config.go:377.82,379.3 1 1
github.com/sametyilmaztemel/remotty/internal/config/config.go:380.2,380.60 1 1
github.com/sametyilmaztemel/remotty/internal/config/config.go:380.60,382.3 1 0
github.com/sametyilmaztemel/remotty/internal/config/config.go:384.2,384.19 1 1
github.com/sametyilmaztemel/remotty/internal/config/config.go:384.19,386.3 1 1
github.com/sametyilmaztemel/remotty/internal/config/config.go:387.2,387.12 1 1
github.com/sametyilmaztemel/remotty/internal/auth/password.go:14.52,16.16 2 1
github.com/sametyilmaztemel/remotty/internal/auth/password.go:16.16,18.3 1 0
github.com/sametyilmaztemel/remotty/internal/auth/password.go:19.2,19.27 1 1
github.com/sametyilmaztemel/remotty/internal/auth/password.go:23.48,26.2 2 1
github.com/sametyilmaztemel/remotty/internal/auth/password.go:29.58,31.43 2 1
github.com/sametyilmaztemel/remotty/internal/auth/password.go:31.43,33.3 1 0
github.com/sametyilmaztemel/remotty/internal/auth/password.go:35.2,37.59 2 1
github.com/sametyilmaztemel/remotty/internal/auth/password.go:41.48,43.40 2 1
github.com/sametyilmaztemel/remotty/internal/auth/password.go:43.40,45.3 1 0
github.com/sametyilmaztemel/remotty/internal/auth/password.go:46.2,46.35 1 1
github.com/sametyilmaztemel/remotty/internal/auth/password.go:50.65,51.25 1 1
github.com/sametyilmaztemel/remotty/internal/auth/password.go:51.25,53.3 1 1
github.com/sametyilmaztemel/remotty/internal/auth/password.go:54.2,54.31 1 1
github.com/sametyilmaztemel/remotty/internal/auth/password.go:54.31,55.34 1 1
github.com/sametyilmaztemel/remotty/internal/auth/password.go:55.34,57.4 1 1
github.com/sametyilmaztemel/remotty/internal/auth/password.go:59.2,59.14 1 1
github.com/sametyilmaztemel/remotty/internal/logging/logger.go:22.73,29.42 5 1
github.com/sametyilmaztemel/remotty/internal/logging/logger.go:29.42,33.44 1 1
github.com/sametyilmaztemel/remotty/internal/logging/logger.go:33.44,34.17 1 0
github.com/sametyilmaztemel/remotty/internal/logging/logger.go:34.17,36.6 1 0
github.com/sametyilmaztemel/remotty/internal/logging/logger.go:37.5,37.36 1 0
github.com/sametyilmaztemel/remotty/internal/logging/logger.go:39.46,41.5 1 0
github.com/sametyilmaztemel/remotty/internal/logging/logger.go:44.3,44.37 1 1
github.com/sametyilmaztemel/remotty/internal/logging/logger.go:47.2,47.19 1 1
github.com/sametyilmaztemel/remotty/internal/logging/logger.go:47.19,49.17 2 1
github.com/sametyilmaztemel/remotty/internal/logging/logger.go:49.17,51.4 1 1
github.com/sametyilmaztemel/remotty/internal/logging/logger.go:52.3,52.31 1 1
github.com/sametyilmaztemel/remotty/internal/logging/logger.go:55.2,59.16 4 1
github.com/sametyilmaztemel/remotty/internal/logging/logger.go:59.16,61.3 1 0
github.com/sametyilmaztemel/remotty/internal/logging/logger.go:63.2,63.49 1 1
github.com/sametyilmaztemel/remotty/internal/logging/logger.go:83.59,85.19 2 1
github.com/sametyilmaztemel/remotty/internal/logging/logger.go:85.19,88.17 3 1
github.com/sametyilmaztemel/remotty/internal/logging/logger.go:88.17,90.4 1 0
github.com/sametyilmaztemel/remotty/internal/logging/logger.go:91.3,91.8 1 1
github.com/sametyilmaztemel/remotty/internal/logging/logger.go:93.2,93.32 1 1
github.com/sametyilmaztemel/remotty/internal/logging/logger.go:97.94,109.2 3 1
github.com/sametyilmaztemel/remotty/internal/mux/mux.go:28.36,33.2 1 1
github.com/sametyilmaztemel/remotty/internal/mux/mux.go:36.70,40.34 3 1
github.com/sametyilmaztemel/remotty/internal/mux/mux.go:40.34,42.3 1 1
github.com/sametyilmaztemel/remotty/internal/mux/mux.go:44.2,46.16 3 1
github.com/sametyilmaztemel/remotty/internal/mux/mux.go:50.64,55.9 4 1
github.com/sametyilmaztemel/remotty/internal/mux/mux.go:55.9,57.3 1 1
github.com/sametyilmaztemel/remotty/internal/mux/mux.go:59.2,59.9 1 1
github.com/sametyilmaztemel/remotty/internal/mux/mux.go:60.18,60.18 0 1
github.com/sametyilmaztemel/remotty/internal/mux/mux.go:61.10,61.10 0 1
github.com/sametyilmaztemel/remotty/internal/mux/mux.go:64.2,64.12 1 1
github.com/sametyilmaztemel/remotty/internal/mux/mux.go:68.43,72.2 3 1
github.com/sametyilmaztemel/remotty/internal/monitoring/monitoring.go:44.28,45.24 1 1
github.com/sametyilmaztemel/remotty/internal/monitoring/monitoring.go:45.24,99.3 2 1
github.com/sametyilmaztemel/remotty/internal/monitoring/monitoring.go:100.2,100.16 1 1
github.com/sametyilmaztemel/remotty/internal/monitoring/monitoring.go:114.53,115.54 1 1
github.com/sametyilmaztemel/remotty/internal/monitoring/monitoring.go:115.54,125.3 4 1
github.com/sametyilmaztemel/remotty/internal/monitoring/monitoring.go:141.46,143.2 1 1
github.com/sametyilmaztemel/remotty/internal/monitoring/monitoring.go:146.67,150.2 3 1
github.com/sametyilmaztemel/remotty/internal/monitoring/monitoring.go:153.78,159.33 4 1
github.com/sametyilmaztemel/remotty/internal/monitoring/monitoring.go:159.33,160.33 1 1
github.com/sametyilmaztemel/remotty/internal/monitoring/monitoring.go:160.33,163.4 2 0
github.com/sametyilmaztemel/remotty/internal/monitoring/monitoring.go:166.2,166.17 1 1
github.com/sametyilmaztemel/remotty/internal/monitoring/monitoring.go:166.17,173.3 3 0
github.com/sametyilmaztemel/remotty/internal/monitoring/monitoring.go:175.2,179.4 2 1
github.com/sametyilmaztemel/remotty/internal/monitoring/monitoring.go:185.36,187.2 1 1
github.com/sametyilmaztemel/remotty/internal/monitoring/monitoring.go:191.45,196.14 5 1
github.com/sametyilmaztemel/remotty/internal/monitoring/monitoring.go:196.14,198.3 1 1
github.com/sametyilmaztemel/remotty/internal/monitoring/monitoring.go:199.2,199.15 1 1
github.com/sametyilmaztemel/remotty/internal/monitoring/monitoring.go:199.15,201.3 1 1
github.com/sametyilmaztemel/remotty/internal/monitoring/monitoring.go:202.2,202.14 1 1
github.com/sametyilmaztemel/remotty/internal/monitoring/monitoring.go:202.14,204.3 1 1
github.com/sametyilmaztemel/remotty/internal/monitoring/monitoring.go:205.2,205.33 1 1
github.com/sametyilmaztemel/remotty/internal/monitoring/monitoring.go:212.21,213.20 1 0
github.com/sametyilmaztemel/remotty/internal/monitoring/monitoring.go:213.20,215.3 1 0
github.com/sametyilmaztemel/remotty/internal/monitoring/monitoring.go:216.2,216.64 1 0
github.com/sametyilmaztemel/remotty/internal/monitoring/monitoring.go:222.24,223.20 1 0
github.com/sametyilmaztemel/remotty/internal/monitoring/monitoring.go:223.20,225.3 1 0
github.com/sametyilmaztemel/remotty/internal/monitoring/monitoring.go:226.2,227.26 2 0
github.com/sametyilmaztemel/remotty/internal/monitoring/monitoring.go:232.28,234.2 1 0
github.com/sametyilmaztemel/remotty/internal/protocol/message.go:91.61,97.2 2 1
github.com/sametyilmaztemel/remotty/internal/qr/qr.go:22.37,25.2 2 1
github.com/sametyilmaztemel/remotty/internal/qr/qr.go:29.60,34.16 3 1
github.com/sametyilmaztemel/remotty/internal/qr/qr.go:34.16,36.3 1 0
github.com/sametyilmaztemel/remotty/internal/qr/qr.go:38.2,39.24 2 1
github.com/sametyilmaztemel/remotty/internal/qr/qr.go:43.65,46.16 3 1
github.com/sametyilmaztemel/remotty/internal/qr/qr.go:46.16,48.3 1 0
github.com/sametyilmaztemel/remotty/internal/qr/qr.go:49.2,50.24 2 1
github.com/sametyilmaztemel/remotty/internal/qr/qr.go:54.49,55.51 1 1
github.com/sametyilmaztemel/remotty/internal/qr/qr.go:55.51,57.3 1 1
github.com/sametyilmaztemel/remotty/internal/qr/qr.go:58.2,60.60 3 1
github.com/sametyilmaztemel/remotty/internal/qr/qr.go:60.60,62.3 1 1
github.com/sametyilmaztemel/remotty/internal/qr/qr.go:63.2,63.16 1 1
github.com/sametyilmaztemel/remotty/internal/pty/pty.go:36.28,40.2 1 1
github.com/sametyilmaztemel/remotty/internal/pty/pty.go:43.62,45.17 2 1
github.com/sametyilmaztemel/remotty/internal/pty/pty.go:45.17,47.3 1 0
github.com/sametyilmaztemel/remotty/internal/pty/pty.go:49.2,60.16 4 1
github.com/sametyilmaztemel/remotty/internal/pty/pty.go:60.16,62.3 1 0
github.com/sametyilmaztemel/remotty/internal/pty/pty.go:64.2,81.12 7 1
github.com/sametyilmaztemel/remotty/internal/pty/pty.go:81.12,82.36 1 1
github.com/sametyilmaztemel/remotty/internal/pty/pty.go:82.36,84.4 1 1
github.com/sametyilmaztemel/remotty/internal/pty/pty.go:85.3,88.16 4 1
github.com/sametyilmaztemel/remotty/internal/pty/pty.go:91.2,92.15 2 1
github.com/sametyilmaztemel/remotty/internal/pty/pty.go:96.49,98.2 1 1
github.com/sametyilmaztemel/remotty/internal/pty/pty.go:101.84,106.2 4 1
github.com/sametyilmaztemel/remotty/internal/pty/pty.go:109.51,113.2 3 1
github.com/sametyilmaztemel/remotty/internal/pty/pty.go:116.51,122.2 5 1
github.com/sametyilmaztemel/remotty/internal/pty/pty.go:125.33,128.2 2 1
github.com/sametyilmaztemel/remotty/internal/pty/pty.go:131.42,133.2 1 1
github.com/sametyilmaztemel/remotty/internal/pty/pty.go:136.34,137.9 1 1
github.com/sametyilmaztemel/remotty/internal/pty/pty.go:138.16,139.15 1 1
github.com/sametyilmaztemel/remotty/internal/pty/pty.go:140.10,141.14 1 1
github.com/sametyilmaztemel/remotty/internal/pty/recorder.go:31.64,33.47 2 1
github.com/sametyilmaztemel/remotty/internal/pty/recorder.go:33.47,35.3 1 0
github.com/sametyilmaztemel/remotty/internal/pty/recorder.go:37.2,38.16 2 1
github.com/sametyilmaztemel/remotty/internal/pty/recorder.go:38.16,40.3 1 0
github.com/sametyilmaztemel/remotty/internal/pty/recorder.go:42.2,46.8 1 1
github.com/sametyilmaztemel/remotty/internal/pty/recorder.go:50.56,51.16 1 1
github.com/sametyilmaztemel/remotty/internal/pty/recorder.go:51.16,53.3 1 1
github.com/sametyilmaztemel/remotty/internal/pty/recorder.go:54.2,60.4 3 1
github.com/sametyilmaztemel/remotty/internal/pty/recorder.go:64.52,65.16 1 1
github.com/sametyilmaztemel/remotty/internal/pty/recorder.go:65.16,67.3 1 0
github.com/sametyilmaztemel/remotty/internal/pty/recorder.go:68.2,75.4 3 1
github.com/sametyilmaztemel/remotty/internal/pty/recorder.go:79.34,85.46 6 1
github.com/sametyilmaztemel/remotty/internal/pty/recorder.go:85.46,87.3 1 0
github.com/sametyilmaztemel/remotty/internal/pty/recorder.go:88.2,88.23 1 1
github.com/sametyilmaztemel/remotty/internal/transfer/transfer.go:58.42,63.2 1 1
github.com/sametyilmaztemel/remotty/internal/transfer/transfer.go:66.50,68.2 1 1
github.com/sametyilmaztemel/remotty/internal/transfer/transfer.go:71.64,73.16 2 1
github.com/sametyilmaztemel/remotty/internal/transfer/transfer.go:73.16,75.3 1 1
github.com/sametyilmaztemel/remotty/internal/transfer/transfer.go:77.2,93.15 5 1
github.com/sametyilmaztemel/remotty/internal/transfer/transfer.go:97.87,99.47 2 1
github.com/sametyilmaztemel/remotty/internal/transfer/transfer.go:99.47,101.3 1 0
github.com/sametyilmaztemel/remotty/internal/transfer/transfer.go:103.2,120.15 5 1
github.com/sametyilmaztemel/remotty/internal/transfer/transfer.go:124.78,128.31 3 1
github.com/sametyilmaztemel/remotty/internal/transfer/transfer.go:128.31,130.3 1 1
github.com/sametyilmaztemel/remotty/internal/transfer/transfer.go:133.2,133.20 1 1
github.com/sametyilmaztemel/remotty/internal/transfer/transfer.go:133.20,135.43 2 1
github.com/sametyilmaztemel/remotty/internal/transfer/transfer.go:135.43,137.4 1 1
github.com/sametyilmaztemel/remotty/internal/transfer/transfer.go:141.2,142.16 2 1
github.com/sametyilmaztemel/remotty/internal/transfer/transfer.go:142.16,144.3 1 0
github.com/sametyilmaztemel/remotty/internal/transfer/transfer.go:145.2,148.56 3 1
github.com/sametyilmaztemel/remotty/internal/transfer/transfer.go:148.56,150.3 1 0
github.com/sametyilmaztemel/remotty/internal/transfer/transfer.go:151.2,151.41 1 1
github.com/sametyilmaztemel/remotty/internal/transfer/transfer.go:151.41,153.3 1 0
github.com/sametyilmaztemel/remotty/internal/transfer/transfer.go:155.2,158.12 3 1
github.com/sametyilmaztemel/remotty/internal/transfer/transfer.go:162.65,166.34 3 1
github.com/sametyilmaztemel/remotty/internal/transfer/transfer.go:166.34,168.3 1 1
github.com/sametyilmaztemel/remotty/internal/transfer/transfer.go:170.2,171.16 2 1
github.com/sametyilmaztemel/remotty/internal/transfer/transfer.go:171.16,173.3 1 1
github.com/sametyilmaztemel/remotty/internal/transfer/transfer.go:174.2,181.33 6 1
github.com/sametyilmaztemel/remotty/internal/transfer/transfer.go:181.33,183.3 1 0
github.com/sametyilmaztemel/remotty/internal/transfer/transfer.go:184.2,189.28 4 1
github.com/sametyilmaztemel/remotty/internal/transfer/transfer.go:193.31,198.2 4 1
github.com/sametyilmaztemel/remotty/internal/transfer/transfer.go:201.29,205.2 3 1
github.com/sametyilmaztemel/remotty/internal/transfer/transfer.go:208.39,211.24 3 1
github.com/sametyilmaztemel/remotty/internal/transfer/transfer.go:211.24,213.3 1 1
github.com/sametyilmaztemel/remotty/internal/transfer/transfer.go:214.2,214.59 1 1
github.com/sametyilmaztemel/remotty/internal/transfer/transfer.go:217.44,221.2 3 1
github.com/sametyilmaztemel/remotty/internal/signal/ratelimit.go:24.53,36.2 3 1
github.com/sametyilmaztemel/remotty/internal/signal/ratelimit.go:40.46,47.9 5 1
github.com/sametyilmaztemel/remotty/internal/signal/ratelimit.go:47.9,53.3 2 1
github.com/sametyilmaztemel/remotty/internal/signal/ratelimit.go:56.2,61.34 5 1
github.com/sametyilmaztemel/remotty/internal/signal/ratelimit.go:61.34,63.3 1 0
github.com/sametyilmaztemel/remotty/internal/signal/ratelimit.go:65.2,65.18 1 1
github.com/sametyilmaztemel/remotty/internal/signal/ratelimit.go:65.18,67.3 1 1
github.com/sametyilmaztemel/remotty/internal/signal/ratelimit.go:69.2,70.13 2 1
github.com/sametyilmaztemel/remotty/internal/signal/ratelimit.go:73.38,77.21 3 1
github.com/sametyilmaztemel/remotty/internal/signal/ratelimit.go:77.21,80.33 3 0
github.com/sametyilmaztemel/remotty/internal/signal/ratelimit.go:80.33,81.33 1 0
github.com/sametyilmaztemel/remotty/internal/signal/ratelimit.go:81.33,83.5 1 0
github.com/sametyilmaztemel/remotty/internal/signal/ratelimit.go:85.3,85.17 1 0
github.com/sametyilmaztemel/remotty/internal/signal/ratelimit.go:90.42,92.16 2 1
github.com/sametyilmaztemel/remotty/internal/signal/ratelimit.go:92.16,94.3 1 1
github.com/sametyilmaztemel/remotty/internal/signal/ratelimit.go:95.2,95.13 1 1
github.com/sametyilmaztemel/remotty/internal/signal/server.go:34.48,34.63 1 1
github.com/sametyilmaztemel/remotty/internal/signal/server.go:91.70,103.23 3 1
github.com/sametyilmaztemel/remotty/internal/signal/server.go:103.23,105.3 1 1
github.com/sametyilmaztemel/remotty/internal/signal/server.go:107.2,107.10 1 1
github.com/sametyilmaztemel/remotty/internal/signal/server.go:111.51,121.24 7 0
github.com/sametyilmaztemel/remotty/internal/signal/server.go:121.24,122.69 1 0
github.com/sametyilmaztemel/remotty/internal/signal/server.go:122.69,126.4 3 0
github.com/sametyilmaztemel/remotty/internal/signal/server.go:126.9,128.4 1 0
github.com/sametyilmaztemel/remotty/internal/signal/server.go:131.2,138.71 2 0
github.com/sametyilmaztemel/remotty/internal/signal/server.go:138.71,138.85 1 0
github.com/sametyilmaztemel/remotty/internal/signal/server.go:142.2,143.16 2 0
github.com/sametyilmaztemel/remotty/internal/signal/server.go:143.16,145.3 1 0
github.com/sametyilmaztemel/remotty/internal/signal/server.go:147.2,154.12 2 0
github.com/sametyilmaztemel/remotty/internal/signal/server.go:154.12,155.24 1 0
github.com/sametyilmaztemel/remotty/internal/signal/server.go:155.24,157.4 1 0
github.com/sametyilmaztemel/remotty/internal/signal/server.go:157.9,159.4 1 0
github.com/sametyilmaztemel/remotty/internal/signal/server.go:160.3,160.48 1 0
github.com/sametyilmaztemel/remotty/internal/signal/server.go:160.48,162.4 1 0
github.com/sametyilmaztemel/remotty/internal/signal/server.go:166.2,167.21 2 0
github.com/sametyilmaztemel/remotty/internal/signal/server.go:171.35,173.25 2 1
github.com/sametyilmaztemel/remotty/internal/signal/server.go:173.25,177.3 3 0
github.com/sametyilmaztemel/remotty/internal/signal/server.go:178.2,178.12 1 1
github.com/sametyilmaztemel/remotty/internal/signal/server.go:182.74,183.25 1 1
github.com/sametyilmaztemel/remotty/internal/signal/server.go:183.25,186.3 2 0
github.com/sametyilmaztemel/remotty/internal/signal/server.go:189.2,189.27 1 1
github.com/sametyilmaztemel/remotty/internal/signal/server.go:189.27,191.18 2 1
github.com/sametyilmaztemel/remotty/internal/signal/server.go:191.18,194.42 2 1
github.com/sametyilmaztemel/remotty/internal/signal/server.go:194.42,196.5 1 1
github.com/sametyilmaztemel/remotty/internal/signal/server.go:198.3,198.31 1 1
github.com/sametyilmaztemel/remotty/internal/signal/server.go:198.31,204.4 4 1
github.com/sametyilmaztemel/remotty/internal/signal/server.go:207.2,208.16 2 1
github.com/sametyilmaztemel/remotty/internal/signal/server.go:208.16,211.3 2 0
github.com/sametyilmaztemel/remotty/internal/signal/server.go:213.2,235.18 10 1
github.com/sametyilmaztemel/remotty/internal/signal/server.go:239.39,243.6 2 1
github.com/sametyilmaztemel/remotty/internal/signal/server.go:243.6,245.17 2 1
github.com/sametyilmaztemel/remotty/internal/signal/server.go:245.17,246.61 1 1
github.com/sametyilmaztemel/remotty/internal/signal/server.go:246.61,248.5 1 0
github.com/sametyilmaztemel/remotty/internal/signal/server.go:248.10,248.108 1 1
github.com/sametyilmaztemel/remotty/internal/signal/server.go:248.108,250.5 1 1
github.com/sametyilmaztemel/remotty/internal/signal/server.go:251.4,251.10 1 1
github.com/sametyilmaztemel/remotty/internal/signal/server.go:255.3,257.33 2 1
github.com/sametyilmaztemel/remotty/internal/signal/server.go:257.33,260.12 3 1
github.com/sametyilmaztemel/remotty/internal/signal/server.go:263.3,264.52 2 1
github.com/sametyilmaztemel/remotty/internal/signal/server.go:264.52,267.12 3 1
github.com/sametyilmaztemel/remotty/internal/signal/server.go:270.3,270.28 1 1
github.com/sametyilmaztemel/remotty/internal/signal/server.go:275.65,278.18 2 1
github.com/sametyilmaztemel/remotty/internal/signal/server.go:279.28,280.30 1 1
github.com/sametyilmaztemel/remotty/internal/signal/server.go:281.29,282.26 1 1
github.com/sametyilmaztemel/remotty/internal/signal/server.go:283.26,284.28 1 0
github.com/sametyilmaztemel/remotty/internal/signal/server.go:285.29,286.26 1 1
github.com/sametyilmaztemel/remotty/internal/signal/server.go:287.27,288.29 1 1
github.com/sametyilmaztemel/remotty/internal/signal/server.go:289.71,290.27 1 1
github.com/sametyilmaztemel/remotty/internal/signal/server.go:291.24,292.66 1 1
github.com/sametyilmaztemel/remotty/internal/signal/server.go:293.10,294.76 1 0
github.com/sametyilmaztemel/remotty/internal/signal/server.go:298.67,299.27 1 1
github.com/sametyilmaztemel/remotty/internal/signal/server.go:299.27,302.3 2 1
github.com/sametyilmaztemel/remotty/internal/signal/server.go:304.2,305.58 2 1
github.com/sametyilmaztemel/remotty/internal/signal/server.go:305.58,308.3 2 0
github.com/sametyilmaztemel/remotty/internal/signal/server.go:311.2,312.20 2 1
github.com/sametyilmaztemel/remotty/internal/signal/server.go:312.20,315.3 2 1
github.com/sametyilmaztemel/remotty/internal/signal/server.go:316.2,316.36 1 1
github.com/sametyilmaztemel/remotty/internal/signal/server.go:316.36,319.3 2 1
github.com/sametyilmaztemel/remotty/internal/signal/server.go:320.2,320.42 1 1
github.com/sametyilmaztemel/remotty/internal/signal/server.go:320.42,323.3 2 1
github.com/sametyilmaztemel/remotty/internal/signal/server.go:325.2,353.5 9 1
github.com/sametyilmaztemel/remotty/internal/signal/server.go:356.46,360.2 3 1
github.com/sametyilmaztemel/remotty/internal/signal/server.go:362.65,364.61 2 1
github.com/sametyilmaztemel/remotty/internal/signal/server.go:364.61,366.3 1 1
github.com/sametyilmaztemel/remotty/internal/signal/server.go:367.2,368.28 2 1
github.com/sametyilmaztemel/remotty/internal/signal/server.go:368.28,370.3 1 1
github.com/sametyilmaztemel/remotty/internal/signal/server.go:371.2,371.18 1 1
github.com/sametyilmaztemel/remotty/internal/signal/server.go:374.46,375.21 1 1
github.com/sametyilmaztemel/remotty/internal/signal/server.go:375.21,377.3 1 1
github.com/sametyilmaztemel/remotty/internal/signal/server.go:378.2,382.32 4 1
github.com/sametyilmaztemel/remotty/internal/signal/server.go:382.32,383.57 1 1
github.com/sametyilmaztemel/remotty/internal/signal/server.go:383.57,385.4 1 1
github.com/sametyilmaztemel/remotty/internal/signal/server.go:387.2,391.5 2 1
github.com/sametyilmaztemel/remotty/internal/signal/server.go:394.66,396.58 2 1
github.com/sametyilmaztemel/remotty/internal/signal/server.go:396.58,399.3 2 0
github.com/sametyilmaztemel/remotty/internal/signal/server.go:401.2,401.21 1 1
github.com/sametyilmaztemel/remotty/internal/signal/server.go:401.21,403.3 1 1
github.com/sametyilmaztemel/remotty/internal/signal/server.go:406.2,408.9 3 1
github.com/sametyilmaztemel/remotty/internal/signal/server.go:408.9,410.49 1 1
github.com/sametyilmaztemel/remotty/internal/signal/server.go:410.49,412.4 1 1
github.com/sametyilmaztemel/remotty/internal/signal/server.go:414.2,416.51 2 1
github.com/sametyilmaztemel/remotty/internal/signal/server.go:416.51,419.3 2 1
github.com/sametyilmaztemel/remotty/internal/signal/server.go:422.2,459.5 14 1
github.com/sametyilmaztemel/remotty/internal/signal/server.go:462.66,467.24 4 1
github.com/sametyilmaztemel/remotty/internal/signal/server.go:467.24,470.3 2 1
github.com/sametyilmaztemel/remotty/internal/signal/server.go:472.2,473.31 2 1
github.com/sametyilmaztemel/remotty/internal/signal/server.go:473.31,475.3 1 1
github.com/sametyilmaztemel/remotty/internal/signal/server.go:475.8,477.3 1 1
github.com/sametyilmaztemel/remotty/internal/signal/server.go:479.2,479.19 1 1
github.com/sametyilmaztemel/remotty/internal/signal/server.go:479.19,481.3 1 0
github.com/sametyilmaztemel/remotty/internal/signal/server.go:483.2,484.28 2 1
github.com/sametyilmaztemel/remotty/internal/signal/server.go:487.42,491.57 2 1
github.com/sametyilmaztemel/remotty/internal/signal/server.go:491.57,493.30 2 1
github.com/sametyilmaztemel/remotty/internal/signal/server.go:493.30,495.4 1 1
github.com/sametyilmaztemel/remotty/internal/signal/server.go:495.9,497.4 1 1
github.com/sametyilmaztemel/remotty/internal/signal/server.go:498.3,498.19 1 1
github.com/sametyilmaztemel/remotty/internal/signal/server.go:498.19,505.4 3 1
github.com/sametyilmaztemel/remotty/internal/signal/server.go:506.3,507.22 2 1
github.com/sametyilmaztemel/remotty/internal/signal/server.go:511.2,511.35 1 1
github.com/sametyilmaztemel/remotty/internal/signal/server.go:511.35,512.22 1 1
github.com/sametyilmaztemel/remotty/internal/signal/server.go:512.22,514.9 2 1
github.com/sametyilmaztemel/remotty/internal/signal/server.go:518.2,526.23 6 1
github.com/sametyilmaztemel/remotty/internal/signal/server.go:526.23,529.3 1 1
github.com/sametyilmaztemel/remotty/internal/signal/server.go:531.2,534.27 1 1
github.com/sametyilmaztemel/remotty/internal/signal/server.go:539.71,554.2 7 1
github.com/sametyilmaztemel/remotty/internal/signal/server.go:558.77,559.32 1 1
github.com/sametyilmaztemel/remotty/internal/signal/server.go:559.32,562.3 2 1
github.com/sametyilmaztemel/remotty/internal/signal/server.go:563.2,566.32 4 1
github.com/sametyilmaztemel/remotty/internal/signal/server.go:566.32,568.3 1 0
github.com/sametyilmaztemel/remotty/internal/signal/server.go:569.2,570.34 2 1
github.com/sametyilmaztemel/remotty/internal/signal/server.go:573.70,584.2 5 1
github.com/sametyilmaztemel/remotty/internal/signal/server.go:588.64,591.49 3 1
github.com/sametyilmaztemel/remotty/internal/signal/server.go:591.49,593.3 1 0
github.com/sametyilmaztemel/remotty/internal/signal/server.go:596.69,598.14 2 1
github.com/sametyilmaztemel/remotty/internal/signal/server.go:599.22,600.37 1 0
github.com/sametyilmaztemel/remotty/internal/signal/server.go:601.23,602.37 1 1
github.com/sametyilmaztemel/remotty/internal/signal/server.go:603.44,604.39 1 1
github.com/sametyilmaztemel/remotty/internal/signal/server.go:605.27,606.40 1 1
github.com/sametyilmaztemel/remotty/internal/signal/server.go:607.24,608.37 1 1
github.com/sametyilmaztemel/remotty/internal/signal/server.go:609.17,610.37 1 1
github.com/sametyilmaztemel/remotty/internal/signal/server.go:611.10,612.33 1 0
github.com/sametyilmaztemel/remotty/internal/signal/server.go:614.2,617.5 1 1
github.com/sametyilmaztemel/remotty/internal/signal/server.go:621.45,628.2 6 1
github.com/sametyilmaztemel/remotty/internal/signal/server.go:631.105,632.71 1 1
github.com/sametyilmaztemel/remotty/internal/signal/server.go:632.71,635.68 2 1
github.com/sametyilmaztemel/remotty/internal/signal/server.go:635.68,638.4 2 1
github.com/sametyilmaztemel/remotty/internal/signal/server.go:641.3,641.30 1 1
github.com/sametyilmaztemel/remotty/internal/signal/server.go:641.30,643.4 1 1
github.com/sametyilmaztemel/remotty/internal/signal/server.go:643.9,645.4 1 1
github.com/sametyilmaztemel/remotty/internal/signal/server.go:646.3,649.37 3 1
github.com/sametyilmaztemel/remotty/internal/signal/server.go:649.37,652.4 2 1
github.com/sametyilmaztemel/remotty/internal/signal/server.go:655.3,655.16 1 1
github.com/sametyilmaztemel/remotty/internal/signal/server.go:655.16,657.21 2 1
github.com/sametyilmaztemel/remotty/internal/signal/server.go:657.21,661.5 3 1
github.com/sametyilmaztemel/remotty/internal/signal/server.go:665.3,672.23 3 1
github.com/sametyilmaztemel/remotty/internal/signal/server.go:678.70,679.23 1 1
github.com/sametyilmaztemel/remotty/internal/signal/server.go:679.23,681.3 1 1
github.com/sametyilmaztemel/remotty/internal/signal/server.go:682.2,682.28 1 1
github.com/sametyilmaztemel/remotty/internal/signal/server.go:682.28,683.30 1 1
github.com/sametyilmaztemel/remotty/internal/signal/server.go:683.30,685.4 1 1
github.com/sametyilmaztemel/remotty/internal/signal/server.go:687.2,687.14 1 1
github.com/sametyilmaztemel/remotty/internal/host/clipboard.go:34.64,39.2 1 1
github.com/sametyilmaztemel/remotty/internal/host/clipboard.go:42.59,46.2 3 1
github.com/sametyilmaztemel/remotty/internal/host/clipboard.go:49.42,53.15 3 1
github.com/sametyilmaztemel/remotty/internal/host/clipboard.go:53.15,55.3 1 1
github.com/sametyilmaztemel/remotty/internal/host/clipboard.go:57.2,62.16 4 1
github.com/sametyilmaztemel/remotty/internal/host/clipboard.go:62.16,64.3 1 1
github.com/sametyilmaztemel/remotty/internal/host/clipboard.go:65.2,69.12 4 1
github.com/sametyilmaztemel/remotty/internal/host/clipboard.go:73.35,77.16 3 1
github.com/sametyilmaztemel/remotty/internal/host/clipboard.go:77.16,79.3 1 1
github.com/sametyilmaztemel/remotty/internal/host/clipboard.go:80.2,82.47 3 1
github.com/sametyilmaztemel/remotty/internal/host/clipboard.go:86.50,88.2 1 1
github.com/sametyilmaztemel/remotty/internal/host/clipboard.go:91.51,95.45 3 1
github.com/sametyilmaztemel/remotty/internal/host/clipboard.go:95.45,97.3 1 1
github.com/sametyilmaztemel/remotty/internal/host/clipboard.go:98.2,99.12 2 0
github.com/sametyilmaztemel/remotty/internal/host/clipboard.go:103.39,107.6 3 1
github.com/sametyilmaztemel/remotty/internal/host/clipboard.go:107.6,108.10 1 1
github.com/sametyilmaztemel/remotty/internal/host/clipboard.go:109.19,110.10 1 1
github.com/sametyilmaztemel/remotty/internal/host/clipboard.go:111.19,112.22 1 1
github.com/sametyilmaztemel/remotty/internal/host/clipboard.go:118.45,120.16 2 1
github.com/sametyilmaztemel/remotty/internal/host/clipboard.go:120.16,122.3 1 1
github.com/sametyilmaztemel/remotty/internal/host/clipboard.go:124.2,126.16 3 0
github.com/sametyilmaztemel/remotty/internal/host/clipboard.go:126.16,128.3 1 0
github.com/sametyilmaztemel/remotty/internal/host/clipboard.go:129.2,132.35 3 0
github.com/sametyilmaztemel/remotty/internal/host/clipboard.go:132.35,135.3 2 0
github.com/sametyilmaztemel/remotty/internal/host/clipboard.go:139.38,141.16 2 1
github.com/sametyilmaztemel/remotty/internal/host/clipboard.go:141.16,143.3 1 1
github.com/sametyilmaztemel/remotty/internal/host/clipboard.go:144.2,146.34 3 0
github.com/sametyilmaztemel/remotty/internal/host/clipboard.go:146.34,148.3 1 0
github.com/sametyilmaztemel/remotty/internal/host/clipboard.go:149.2,149.53 1 0
github.com/sametyilmaztemel/remotty/internal/host/clipboard.go:153.40,155.16 2 1
github.com/sametyilmaztemel/remotty/internal/host/clipboard.go:155.16,157.3 1 1
github.com/sametyilmaztemel/remotty/internal/host/clipboard.go:158.2,159.34 2 0
github.com/sametyilmaztemel/remotty/internal/host/clipboard.go:159.34,161.3 1 0
github.com/sametyilmaztemel/remotty/internal/host/clipboard.go:162.2,162.12 1 0
github.com/sametyilmaztemel/remotty/internal/host/clipboard.go:167.35,168.22 1 1
github.com/sametyilmaztemel/remotty/internal/host/clipboard.go:169.16,170.33 1 0
github.com/sametyilmaztemel/remotty/internal/host/clipboard.go:171.15,172.24 1 1
github.com/sametyilmaztemel/remotty/internal/host/clipboard.go:173.10,174.13 1 0
github.com/sametyilmaztemel/remotty/internal/host/clipboard.go:180.36,181.22 1 1
github.com/sametyilmaztemel/remotty/internal/host/clipboard.go:182.16,183.32 1 0
github.com/sametyilmaztemel/remotty/internal/host/clipboard.go:184.15,185.25 1 1
github.com/sametyilmaztemel/remotty/internal/host/clipboard.go:186.10,187.13 1 0
github.com/sametyilmaztemel/remotty/internal/host/clipboard.go:193.31,194.28 1 1
github.com/sametyilmaztemel/remotty/internal/host/clipboard.go:194.28,196.3 1 0
github.com/sametyilmaztemel/remotty/internal/host/clipboard.go:197.2,197.25 1 1
github.com/sametyilmaztemel/remotty/internal/host/clipboard.go:197.25,199.3 1 0
github.com/sametyilmaztemel/remotty/internal/host/clipboard.go:200.2,200.24 1 1
github.com/sametyilmaztemel/remotty/internal/host/clipboard.go:200.24,202.3 1 0
github.com/sametyilmaztemel/remotty/internal/host/clipboard.go:203.2,203.12 1 1
github.com/sametyilmaztemel/remotty/internal/host/clipboard.go:208.32,209.27 1 1
github.com/sametyilmaztemel/remotty/internal/host/clipboard.go:209.27,211.3 1 0
github.com/sametyilmaztemel/remotty/internal/host/clipboard.go:212.2,212.25 1 1
github.com/sametyilmaztemel/remotty/internal/host/clipboard.go:212.25,214.3 1 0
github.com/sametyilmaztemel/remotty/internal/host/clipboard.go:215.2,215.24 1 1
github.com/sametyilmaztemel/remotty/internal/host/clipboard.go:215.24,217.3 1 0
github.com/sametyilmaztemel/remotty/internal/host/clipboard.go:218.2,218.12 1 1
github.com/sametyilmaztemel/remotty/internal/host/clipboard.go:222.35,225.2 2 1
github.com/sametyilmaztemel/remotty/internal/host/clipboard.go:228.84,230.62 2 0
github.com/sametyilmaztemel/remotty/internal/host/clipboard.go:230.62,233.3 2 0
github.com/sametyilmaztemel/remotty/internal/host/clipboard.go:235.2,238.22 2 0
github.com/sametyilmaztemel/remotty/internal/host/clipboard.go:238.22,239.62 1 0
github.com/sametyilmaztemel/remotty/internal/host/clipboard.go:239.62,241.4 1 0
github.com/sametyilmaztemel/remotty/internal/host/clipboard.go:246.75,252.41 3 0
github.com/sametyilmaztemel/remotty/internal/host/clipboard.go:252.41,254.3 1 0
github.com/sametyilmaztemel/remotty/internal/host/daemon.go:66.76,68.54 1 1
github.com/sametyilmaztemel/remotty/internal/host/daemon.go:68.54,70.17 2 1
github.com/sametyilmaztemel/remotty/internal/host/daemon.go:70.17,72.4 1 0
github.com/sametyilmaztemel/remotty/internal/host/daemon.go:73.3,73.24 1 1
github.com/sametyilmaztemel/remotty/internal/host/daemon.go:77.2,77.54 1 1
github.com/sametyilmaztemel/remotty/internal/host/daemon.go:77.54,79.3 1 1
github.com/sametyilmaztemel/remotty/internal/host/daemon.go:80.2,80.73 1 1
github.com/sametyilmaztemel/remotty/internal/host/daemon.go:80.73,82.3 1 1
github.com/sametyilmaztemel/remotty/internal/host/daemon.go:84.2,84.20 1 1
github.com/sametyilmaztemel/remotty/internal/host/daemon.go:84.20,86.3 1 1
github.com/sametyilmaztemel/remotty/internal/host/daemon.go:87.2,87.25 1 1
github.com/sametyilmaztemel/remotty/internal/host/daemon.go:87.25,89.31 2 1
github.com/sametyilmaztemel/remotty/internal/host/daemon.go:89.31,91.4 1 0
github.com/sametyilmaztemel/remotty/internal/host/daemon.go:93.2,93.28 1 1
github.com/sametyilmaztemel/remotty/internal/host/daemon.go:93.28,95.3 1 1
github.com/sametyilmaztemel/remotty/internal/host/daemon.go:96.2,96.27 1 1
github.com/sametyilmaztemel/remotty/internal/host/daemon.go:96.27,98.3 1 1
github.com/sametyilmaztemel/remotty/internal/host/daemon.go:99.2,99.26 1 1
github.com/sametyilmaztemel/remotty/internal/host/daemon.go:99.26,101.3 1 1
github.com/sametyilmaztemel/remotty/internal/host/daemon.go:103.2,104.47 2 1
github.com/sametyilmaztemel/remotty/internal/host/daemon.go:104.47,106.3 1 1
github.com/sametyilmaztemel/remotty/internal/host/daemon.go:108.2,115.8 1 1
github.com/sametyilmaztemel/remotty/internal/host/daemon.go:119.49,127.26 5 0
github.com/sametyilmaztemel/remotty/internal/host/daemon.go:127.26,129.3 1 0
github.com/sametyilmaztemel/remotty/internal/host/daemon.go:131.2,131.6 1 0
github.com/sametyilmaztemel/remotty/internal/host/daemon.go:131.6,132.10 1 0
github.com/sametyilmaztemel/remotty/internal/host/daemon.go:133.21,134.14 1 0
github.com/sametyilmaztemel/remotty/internal/host/daemon.go:135.11,136.41 1 0
github.com/sametyilmaztemel/remotty/internal/host/daemon.go:136.41,141.12 2 0
github.com/sametyilmaztemel/remotty/internal/host/daemon.go:142.23,143.16 1 0
github.com/sametyilmaztemel/remotty/internal/host/daemon.go:144.32,147.30 2 0
github.com/sametyilmaztemel/remotty/internal/host/daemon.go:147.30,149.7 1 0
github.com/sametyilmaztemel/remotty/internal/host/daemon.go:151.10,154.5 1 0
github.com/sametyilmaztemel/remotty/internal/host/daemon.go:159.53,163.16 3 0
github.com/sametyilmaztemel/remotty/internal/host/daemon.go:163.16,165.3 1 0
github.com/sametyilmaztemel/remotty/internal/host/daemon.go:167.2,183.47 6 0
github.com/sametyilmaztemel/remotty/internal/host/daemon.go:183.47,185.3 1 0
github.com/sametyilmaztemel/remotty/internal/host/daemon.go:188.2,189.16 2 0
github.com/sametyilmaztemel/remotty/internal/host/daemon.go:189.16,191.3 1 0
github.com/sametyilmaztemel/remotty/internal/host/daemon.go:193.2,195.39 3 0
github.com/sametyilmaztemel/remotty/internal/host/daemon.go:195.39,202.32 5 0
github.com/sametyilmaztemel/remotty/internal/host/daemon.go:202.32,204.4 1 0
github.com/sametyilmaztemel/remotty/internal/host/daemon.go:208.2,213.30 4 0
github.com/sametyilmaztemel/remotty/internal/host/daemon.go:216.75,220.6 3 0
github.com/sametyilmaztemel/remotty/internal/host/daemon.go:220.6,221.10 1 0
github.com/sametyilmaztemel/remotty/internal/host/daemon.go:222.21,223.10 1 0
github.com/sametyilmaztemel/remotty/internal/host/daemon.go:224.19,225.90 1 0
github.com/sametyilmaztemel/remotty/internal/host/daemon.go:225.90,228.5 2 0
github.com/sametyilmaztemel/remotty/internal/host/daemon.go:233.76,234.6 1 0
github.com/sametyilmaztemel/remotty/internal/host/daemon.go:234.6,235.10 1 0
github.com/sametyilmaztemel/remotty/internal/host/daemon.go:236.21,237.14 1 0
github.com/sametyilmaztemel/remotty/internal/host/daemon.go:238.11,240.18 2 0
github.com/sametyilmaztemel/remotty/internal/host/daemon.go:240.18,242.5 1 0
github.com/sametyilmaztemel/remotty/internal/host/daemon.go:244.4,245.53 2 0
github.com/sametyilmaztemel/remotty/internal/host/daemon.go:245.53,247.13 2 0
github.com/sametyilmaztemel/remotty/internal/host/daemon.go:250.4,250.24 1 0
github.com/sametyilmaztemel/remotty/internal/host/daemon.go:255.54,256.18 1 0
github.com/sametyilmaztemel/remotty/internal/host/daemon.go:257.27,258.30 1 0
github.com/sametyilmaztemel/remotty/internal/host/daemon.go:259.28,260.30 1 0
github.com/sametyilmaztemel/remotty/internal/host/daemon.go:261.25,262.21 1 0
github.com/sametyilmaztemel/remotty/internal/host/daemon.go:266.61,280.66 7 0
github.com/sametyilmaztemel/remotty/internal/host/daemon.go:280.66,287.3 3 0
github.com/sametyilmaztemel/remotty/internal/host/daemon.go:290.2,290.30 1 0
github.com/sametyilmaztemel/remotty/internal/host/daemon.go:290.30,292.38 2 0
github.com/sametyilmaztemel/remotty/internal/host/daemon.go:292.38,293.43 1 0
github.com/sametyilmaztemel/remotty/internal/host/daemon.go:293.43,295.10 2 0
github.com/sametyilmaztemel/remotty/internal/host/daemon.go:298.3,298.15 1 0
github.com/sametyilmaztemel/remotty/internal/host/daemon.go:298.15,301.4 2 0
github.com/sametyilmaztemel/remotty/internal/host/daemon.go:305.2,305.65 1 0
github.com/sametyilmaztemel/remotty/internal/host/daemon.go:305.65,314.40 5 0
github.com/sametyilmaztemel/remotty/internal/host/daemon.go:314.40,319.5 1 0
github.com/sametyilmaztemel/remotty/internal/host/daemon.go:320.31,324.5 1 0
github.com/sametyilmaztemel/remotty/internal/host/daemon.go:325.30,330.5 2 0
github.com/sametyilmaztemel/remotty/internal/host/daemon.go:333.2,333.16 1 0
github.com/sametyilmaztemel/remotty/internal/host/daemon.go:333.16,336.3 2 0
github.com/sametyilmaztemel/remotty/internal/host/daemon.go:338.2,352.16 6 0
github.com/sametyilmaztemel/remotty/internal/host/daemon.go:352.16,355.3 2 0
github.com/sametyilmaztemel/remotty/internal/host/daemon.go:357.2,369.70 10 0
github.com/sametyilmaztemel/remotty/internal/host/daemon.go:372.81,373.52 1 0
github.com/sametyilmaztemel/remotty/internal/host/daemon.go:373.52,378.21 3 0
github.com/sametyilmaztemel/remotty/internal/host/daemon.go:378.21,380.4 1 0
github.com/sametyilmaztemel/remotty/internal/host/daemon.go:382.3,382.16 1 0
github.com/sametyilmaztemel/remotty/internal/host/daemon.go:383.15,384.36 1 0
github.com/sametyilmaztemel/remotty/internal/host/daemon.go:385.19,386.40 1 0
github.com/sametyilmaztemel/remotty/internal/host/daemon.go:387.17,388.38 1 0
github.com/sametyilmaztemel/remotty/internal/host/daemon.go:389.19,390.40 1 0
github.com/sametyilmaztemel/remotty/internal/host/daemon.go:391.15,392.36 1 0
github.com/sametyilmaztemel/remotty/internal/host/daemon.go:393.20,394.41 1 0
github.com/sametyilmaztemel/remotty/internal/host/daemon.go:399.78,400.33 1 0
github.com/sametyilmaztemel/remotty/internal/host/daemon.go:400.33,402.52 2 0
github.com/sametyilmaztemel/remotty/internal/host/daemon.go:402.52,404.4 1 0
github.com/sametyilmaztemel/remotty/internal/host/daemon.go:406.3,406.35 1 0
github.com/sametyilmaztemel/remotty/internal/host/daemon.go:406.35,413.13 4 0
github.com/sametyilmaztemel/remotty/internal/host/daemon.go:413.13,417.5 3 0
github.com/sametyilmaztemel/remotty/internal/host/daemon.go:417.10,420.5 2 0
github.com/sametyilmaztemel/remotty/internal/host/daemon.go:425.82,426.21 1 0
github.com/sametyilmaztemel/remotty/internal/host/daemon.go:426.21,429.3 2 0
github.com/sametyilmaztemel/remotty/internal/host/daemon.go:432.2,433.16 2 0
github.com/sametyilmaztemel/remotty/internal/host/daemon.go:433.16,437.3 3 0
github.com/sametyilmaztemel/remotty/internal/host/daemon.go:438.2,441.12 2 0
github.com/sametyilmaztemel/remotty/internal/host/daemon.go:441.12,443.7 2 0
github.com/sametyilmaztemel/remotty/internal/host/daemon.go:443.7,445.18 2 0
github.com/sametyilmaztemel/remotty/internal/host/daemon.go:445.18,446.10 1 0
github.com/sametyilmaztemel/remotty/internal/host/daemon.go:448.4,448.13 1 0
github.com/sametyilmaztemel/remotty/internal/host/daemon.go:448.13,450.5 1 0
github.com/sametyilmaztemel/remotty/internal/host/daemon.go:455.2,455.33 1 0
github.com/sametyilmaztemel/remotty/internal/host/daemon.go:455.33,456.22 1 0
github.com/sametyilmaztemel/remotty/internal/host/daemon.go:456.22,458.4 1 0
github.com/sametyilmaztemel/remotty/internal/host/daemon.go:460.3,461.52 2 0
github.com/sametyilmaztemel/remotty/internal/host/daemon.go:461.52,465.4 2 0
github.com/sametyilmaztemel/remotty/internal/host/daemon.go:467.3,467.19 1 0
github.com/sametyilmaztemel/remotty/internal/host/daemon.go:468.26,471.30 3 0
github.com/sametyilmaztemel/remotty/internal/host/daemon.go:472.27,475.42 3 0
github.com/sametyilmaztemel/remotty/internal/host/daemon.go:480.80,481.21 1 0
github.com/sametyilmaztemel/remotty/internal/host/daemon.go:481.21,484.3 2 0
github.com/sametyilmaztemel/remotty/internal/host/daemon.go:486.2,486.33 1 0
github.com/sametyilmaztemel/remotty/internal/host/daemon.go:486.33,488.52 2 0
github.com/sametyilmaztemel/remotty/internal/host/daemon.go:488.52,490.4 1 0
github.com/sametyilmaztemel/remotty/internal/host/daemon.go:492.3,492.19 1 0
github.com/sametyilmaztemel/remotty/internal/host/daemon.go:493.32,495.37 1 0
github.com/sametyilmaztemel/remotty/internal/host/daemon.go:495.37,498.5 2 0
github.com/sametyilmaztemel/remotty/internal/host/daemon.go:500.4,501.26 2 0
github.com/sametyilmaztemel/remotty/internal/host/daemon.go:501.26,503.5 1 0
github.com/sametyilmaztemel/remotty/internal/host/daemon.go:505.4,506.19 2 0
github.com/sametyilmaztemel/remotty/internal/host/daemon.go:506.19,508.5 1 0
github.com/sametyilmaztemel/remotty/internal/host/daemon.go:509.4,509.23 1 0
github.com/sametyilmaztemel/remotty/internal/host/daemon.go:509.23,511.5 1 0
github.com/sametyilmaztemel/remotty/internal/host/daemon.go:512.4,512.28 1 0
github.com/sametyilmaztemel/remotty/internal/host/daemon.go:512.28,515.5 2 0
github.com/sametyilmaztemel/remotty/internal/host/daemon.go:517.4,519.127 3 0
github.com/sametyilmaztemel/remotty/internal/host/daemon.go:519.127,521.43 1 0
github.com/sametyilmaztemel/remotty/internal/host/daemon.go:521.43,523.6 1 0
github.com/sametyilmaztemel/remotty/internal/host/daemon.go:526.5,533.49 4 0
github.com/sametyilmaztemel/remotty/internal/host/daemon.go:533.49,536.6 2 0
github.com/sametyilmaztemel/remotty/internal/host/daemon.go:537.5,537.16 1 0
github.com/sametyilmaztemel/remotty/internal/host/daemon.go:539.4,539.18 1 0
github.com/sametyilmaztemel/remotty/internal/host/daemon.go:539.18,543.5 3 0
github.com/sametyilmaztemel/remotty/internal/host/daemon.go:545.4,546.48 2 0
github.com/sametyilmaztemel/remotty/internal/host/daemon.go:546.48,551.5 4 0
github.com/sametyilmaztemel/remotty/internal/host/daemon.go:553.4,553.46 1 0
github.com/sametyilmaztemel/remotty/internal/host/daemon.go:555.31,556.37 1 0
github.com/sametyilmaztemel/remotty/internal/host/daemon.go:556.37,560.5 3 0
github.com/sametyilmaztemel/remotty/internal/host/daemon.go:562.30,564.64 2 0
github.com/sametyilmaztemel/remotty/internal/host/daemon.go:564.64,566.5 1 0
github.com/sametyilmaztemel/remotty/internal/host/daemon.go:567.4,567.65 1 0
github.com/sametyilmaztemel/remotty/internal/host/daemon.go:567.65,569.5 1 0
github.com/sametyilmaztemel/remotty/internal/host/daemon.go:571.31,573.64 2 0
github.com/sametyilmaztemel/remotty/internal/host/daemon.go:573.64,575.5 1 0
github.com/sametyilmaztemel/remotty/internal/host/daemon.go:576.4,576.20 1 0
github.com/sametyilmaztemel/remotty/internal/host/daemon.go:576.20,577.88 1 0
github.com/sametyilmaztemel/remotty/internal/host/daemon.go:577.88,579.6 1 0
github.com/sametyilmaztemel/remotty/internal/host/daemon.go:580.10,581.86 1 0
github.com/sametyilmaztemel/remotty/internal/host/daemon.go:581.86,583.6 1 0
github.com/sametyilmaztemel/remotty/internal/host/daemon.go:586.32,588.64 2 0
github.com/sametyilmaztemel/remotty/internal/host/daemon.go:588.64,590.5 1 0
github.com/sametyilmaztemel/remotty/internal/host/daemon.go:591.4,591.77 1 0
github.com/sametyilmaztemel/remotty/internal/host/daemon.go:591.77,593.5 1 0
github.com/sametyilmaztemel/remotty/internal/host/daemon.go:595.29,597.64 2 0
github.com/sametyilmaztemel/remotty/internal/host/daemon.go:597.64,599.5 1 0
github.com/sametyilmaztemel/remotty/internal/host/daemon.go:600.4,600.27 1 0
github.com/sametyilmaztemel/remotty/internal/host/daemon.go:600.27,602.38 1 0
github.com/sametyilmaztemel/remotty/internal/host/daemon.go:602.38,604.22 2 0
github.com/sametyilmaztemel/remotty/internal/host/daemon.go:604.22,605.54 1 0
github.com/sametyilmaztemel/remotty/internal/host/daemon.go:605.54,607.8 1 0
github.com/sametyilmaztemel/remotty/internal/host/daemon.go:610.10,610.35 1 0
github.com/sametyilmaztemel/remotty/internal/host/daemon.go:610.35,611.60 1 0
github.com/sametyilmaztemel/remotty/internal/host/daemon.go:611.60,613.6 1 0
github.com/sametyilmaztemel/remotty/internal/host/daemon.go:616.31,618.64 2 0
github.com/sametyilmaztemel/remotty/internal/host/daemon.go:618.64,620.5 1 0
github.com/sametyilmaztemel/remotty/internal/host/daemon.go:621.4,622.27 2 0
github.com/sametyilmaztemel/remotty/internal/host/daemon.go:622.27,624.5 1 0
github.com/sametyilmaztemel/remotty/internal/host/daemon.go:624.10,626.5 1 0
github.com/sametyilmaztemel/remotty/internal/host/daemon.go:627.4,627.20 1 0
github.com/sametyilmaztemel/remotty/internal/host/daemon.go:627.20,628.54 1 0
github.com/sametyilmaztemel/remotty/internal/host/daemon.go:628.54,630.6 1 0
github.com/sametyilmaztemel/remotty/internal/host/daemon.go:636.82,637.21 1 0
github.com/sametyilmaztemel/remotty/internal/host/daemon.go:637.21,640.3 2 0
github.com/sametyilmaztemel/remotty/internal/host/daemon.go:642.2,642.33 1 0
github.com/sametyilmaztemel/remotty/internal/host/daemon.go:642.33,644.52 2 0
github.com/sametyilmaztemel/remotty/internal/host/daemon.go:644.52,646.4 1 0
github.com/sametyilmaztemel/remotty/internal/host/daemon.go:648.3,648.19 1 0
github.com/sametyilmaztemel/remotty/internal/host/daemon.go:649.32,651.60 2 0
github.com/sametyilmaztemel/remotty/internal/host/daemon.go:651.60,653.5 1 0
github.com/sametyilmaztemel/remotty/internal/host/daemon.go:656.4,657.18 2 0
github.com/sametyilmaztemel/remotty/internal/host/daemon.go:657.18,666.5 3 0
github.com/sametyilmaztemel/remotty/internal/host/daemon.go:668.4,677.7 2 0
github.com/sametyilmaztemel/remotty/internal/host/daemon.go:679.30,681.62 2 0
github.com/sametyilmaztemel/remotty/internal/host/daemon.go:681.62,683.5 1 0
github.com/sametyilmaztemel/remotty/internal/host/daemon.go:685.4,686.16 2 0
github.com/sametyilmaztemel/remotty/internal/host/daemon.go:686.16,689.5 2 0
github.com/sametyilmaztemel/remotty/internal/host/daemon.go:691.4,691.80 1 0
github.com/sametyilmaztemel/remotty/internal/host/daemon.go:691.80,703.5 3 0
github.com/sametyilmaztemel/remotty/internal/host/daemon.go:706.4,711.8 1 0
github.com/sametyilmaztemel/remotty/internal/host/daemon.go:713.33,715.65 2 0
github.com/sametyilmaztemel/remotty/internal/host/daemon.go:715.65,717.5 1 0
github.com/sametyilmaztemel/remotty/internal/host/daemon.go:719.4,720.16 2 0
github.com/sametyilmaztemel/remotty/internal/host/daemon.go:720.16,722.5 1 0
github.com/sametyilmaztemel/remotty/internal/host/daemon.go:723.4,728.35 2 0
github.com/sametyilmaztemel/remotty/internal/host/daemon.go:730.31,734.70 2 0
github.com/sametyilmaztemel/remotty/internal/host/daemon.go:734.70,736.5 1 0
github.com/sametyilmaztemel/remotty/internal/host/daemon.go:737.4,738.16 2 0
github.com/sametyilmaztemel/remotty/internal/host/daemon.go:738.16,741.5 2 0
github.com/sametyilmaztemel/remotty/internal/host/daemon.go:743.30,745.67 2 0
github.com/sametyilmaztemel/remotty/internal/host/daemon.go:745.67,747.5 1 0
github.com/sametyilmaztemel/remotty/internal/host/daemon.go:748.4,749.16 2 0
github.com/sametyilmaztemel/remotty/internal/host/daemon.go:749.16,751.5 1 0
github.com/sametyilmaztemel/remotty/internal/host/daemon.go:752.4,756.43 1 0
github.com/sametyilmaztemel/remotty/internal/host/daemon.go:761.78,762.21 1 0
github.com/sametyilmaztemel/remotty/internal/host/daemon.go:762.21,765.3 2 0
github.com/sametyilmaztemel/remotty/internal/host/daemon.go:767.2,769.33 2 0
github.com/sametyilmaztemel/remotty/internal/host/daemon.go:769.33,771.52 2 0
github.com/sametyilmaztemel/remotty/internal/host/daemon.go:771.52,774.4 2 0
github.com/sametyilmaztemel/remotty/internal/host/daemon.go:776.3,776.19 1 0
github.com/sametyilmaztemel/remotty/internal/host/daemon.go:777.32,779.60 2 0
github.com/sametyilmaztemel/remotty/internal/host/daemon.go:779.60,782.5 2 0
github.com/sametyilmaztemel/remotty/internal/host/daemon.go:785.4,786.18 2 0
github.com/sametyilmaztemel/remotty/internal/host/daemon.go:786.18,795.5 3 0
github.com/sametyilmaztemel/remotty/internal/host/daemon.go:797.4,806.7 2 0
github.com/sametyilmaztemel/remotty/internal/host/daemon.go:808.30,810.62 2 0
github.com/sametyilmaztemel/remotty/internal/host/daemon.go:810.62,813.5 2 0
github.com/sametyilmaztemel/remotty/internal/host/daemon.go:817.4,817.27 1 0
github.com/sametyilmaztemel/remotty/internal/host/daemon.go:817.27,820.39 2 0
github.com/sametyilmaztemel/remotty/internal/host/daemon.go:820.39,822.6 1 0
github.com/sametyilmaztemel/remotty/internal/host/daemon.go:825.4,826.16 2 0
github.com/sametyilmaztemel/remotty/internal/host/daemon.go:826.16,835.5 3 0
github.com/sametyilmaztemel/remotty/internal/host/daemon.go:837.4,837.80 1 0
github.com/sametyilmaztemel/remotty/internal/host/daemon.go:837.80,849.5 3 0
github.com/sametyilmaztemel/remotty/internal/host/daemon.go:852.4,857.8 1 0
github.com/sametyilmaztemel/remotty/internal/host/daemon.go:859.33,861.65 2 0
github.com/sametyilmaztemel/remotty/internal/host/daemon.go:861.65,864.5 2 0
github.com/sametyilmaztemel/remotty/internal/host/daemon.go:866.4,867.16 2 0
github.com/sametyilmaztemel/remotty/internal/host/daemon.go:867.16,870.5 2 0
github.com/sametyilmaztemel/remotty/internal/host/daemon.go:871.4,877.35 2 0
github.com/sametyilmaztemel/remotty/internal/host/daemon.go:879.31,883.70 2 0
github.com/sametyilmaztemel/remotty/internal/host/daemon.go:883.70,886.5 2 0
github.com/sametyilmaztemel/remotty/internal/host/daemon.go:887.4,888.16 2 0
github.com/sametyilmaztemel/remotty/internal/host/daemon.go:888.16,893.5 2 0
github.com/sametyilmaztemel/remotty/internal/host/daemon.go:895.30,897.67 2 0
github.com/sametyilmaztemel/remotty/internal/host/daemon.go:897.67,900.5 2 0
github.com/sametyilmaztemel/remotty/internal/host/daemon.go:901.4,902.16 2 0
github.com/sametyilmaztemel/remotty/internal/host/daemon.go:902.16,904.5 1 0
github.com/sametyilmaztemel/remotty/internal/host/daemon.go:905.4,909.41 1 0
github.com/sametyilmaztemel/remotty/internal/host/daemon.go:914.83,916.22 1 0
github.com/sametyilmaztemel/remotty/internal/host/daemon.go:916.22,918.3 1 0
github.com/sametyilmaztemel/remotty/internal/host/daemon.go:921.2,921.42 1 0
github.com/sametyilmaztemel/remotty/internal/host/daemon.go:921.42,924.3 2 0
github.com/sametyilmaztemel/remotty/internal/host/daemon.go:927.2,927.39 1 0
github.com/sametyilmaztemel/remotty/internal/host/daemon.go:927.39,929.3 1 0
github.com/sametyilmaztemel/remotty/internal/host/daemon.go:932.2,932.66 1 0
github.com/sametyilmaztemel/remotty/internal/host/daemon.go:932.66,934.3 1 0
github.com/sametyilmaztemel/remotty/internal/host/daemon.go:937.2,937.33 1 0
github.com/sametyilmaztemel/remotty/internal/host/daemon.go:937.33,939.52 2 0
github.com/sametyilmaztemel/remotty/internal/host/daemon.go:939.52,941.4 1 0
github.com/sametyilmaztemel/remotty/internal/host/daemon.go:943.3,943.19 1 0
github.com/sametyilmaztemel/remotty/internal/host/daemon.go:944.34,945.34 1 0
github.com/sametyilmaztemel/remotty/internal/host/daemon.go:946.37,948.68 1 0
github.com/sametyilmaztemel/remotty/internal/host/daemon.go:948.68,950.5 1 0
github.com/sametyilmaztemel/remotty/internal/host/daemon.go:954.2,954.51 1 0
github.com/sametyilmaztemel/remotty/internal/host/daemon.go:957.61,964.35 4 0
github.com/sametyilmaztemel/remotty/internal/host/daemon.go:964.35,965.38 1 0
github.com/sametyilmaztemel/remotty/internal/host/daemon.go:965.38,966.26 1 0
github.com/sametyilmaztemel/remotty/internal/host/daemon.go:966.26,968.5 1 0
github.com/sametyilmaztemel/remotty/internal/host/daemon.go:969.4,969.36 1 0
github.com/sametyilmaztemel/remotty/internal/host/daemon.go:972.2,974.69 2 0
github.com/sametyilmaztemel/remotty/internal/host/daemon.go:978.48,982.9 4 0
github.com/sametyilmaztemel/remotty/internal/host/daemon.go:982.9,984.3 1 0
github.com/sametyilmaztemel/remotty/internal/host/daemon.go:985.2,985.38 1 0
github.com/sametyilmaztemel/remotty/internal/host/daemon.go:989.69,990.25 1 0
github.com/sametyilmaztemel/remotty/internal/host/daemon.go:990.25,992.3 1 0
github.com/sametyilmaztemel/remotty/internal/host/daemon.go:993.2,993.32 1 0
github.com/sametyilmaztemel/remotty/internal/host/daemon.go:993.32,995.3 1 0
github.com/sametyilmaztemel/remotty/internal/host/daemon.go:996.2,996.24 1 0
github.com/sametyilmaztemel/remotty/internal/host/daemon.go:996.24,998.3 1 0
github.com/sametyilmaztemel/remotty/internal/host/daemon.go:999.2,1000.60 2 0
github.com/sametyilmaztemel/remotty/internal/host/daemon.go:1003.52,1007.2 3 0
github.com/sametyilmaztemel/remotty/internal/host/daemon.go:1009.53,1013.2 3 0
github.com/sametyilmaztemel/remotty/internal/host/daemon.go:1016.69,1017.25 1 0
github.com/sametyilmaztemel/remotty/internal/host/daemon.go:1017.25,1022.3 1 0
github.com/sametyilmaztemel/remotty/internal/host/daemon.go:1042.34,1043.27 1 0
[...]
github.com/sametyilmaztemel/remotty/internal/screen/stream.go:74.2,74.22 1 1
github.com/sametyilmaztemel/remotty/internal/screen/stream.go:74.22,76.3 1 0
github.com/sametyilmaztemel/remotty/internal/screen/stream.go:77.2,77.25 1 1
github.com/sametyilmaztemel/remotty/internal/screen/stream.go:77.25,79.3 1 0
github.com/sametyilmaztemel/remotty/internal/screen/stream.go:80.2,80.25 1 1
github.com/sametyilmaztemel/remotty/internal/screen/stream.go:80.25,82.3 1 0
github.com/sametyilmaztemel/remotty/internal/screen/stream.go:83.2,83.37 1 1
github.com/sametyilmaztemel/remotty/internal/screen/stream.go:83.37,85.3 1 1
github.com/sametyilmaztemel/remotty/internal/screen/stream.go:86.2,86.34 1 1
github.com/sametyilmaztemel/remotty/internal/screen/stream.go:86.34,88.3 1 1
github.com/sametyilmaztemel/remotty/internal/screen/stream.go:89.2,89.34 1 1
github.com/sametyilmaztemel/remotty/internal/screen/stream.go:89.34,91.3 1 1
github.com/sametyilmaztemel/remotty/internal/screen/stream.go:93.2,100.15 2 1
github.com/sametyilmaztemel/remotty/internal/screen/stream.go:105.34,107.15 2 0
github.com/sametyilmaztemel/remotty/internal/screen/stream.go:107.15,110.3 2 0
github.com/sametyilmaztemel/remotty/internal/screen/stream.go:111.2,128.6 10 0
github.com/sametyilmaztemel/remotty/internal/screen/stream.go:128.6,129.10 1 0
github.com/sametyilmaztemel/remotty/internal/screen/stream.go:130.19,132.14 2 0
github.com/sametyilmaztemel/remotty/internal/screen/stream.go:133.19,135.20 2 0
github.com/sametyilmaztemel/remotty/internal/screen/stream.go:135.20,138.5 2 0
github.com/sametyilmaztemel/remotty/internal/screen/stream.go:145.39,147.15 2 1
github.com/sametyilmaztemel/remotty/internal/screen/stream.go:147.15,150.3 2 0
github.com/sametyilmaztemel/remotty/internal/screen/stream.go:151.2,157.12 6 1
github.com/sametyilmaztemel/remotty/internal/screen/stream.go:157.12,169.7 5 1
github.com/sametyilmaztemel/remotty/internal/screen/stream.go:169.7,170.11 1 1
github.com/sametyilmaztemel/remotty/internal/screen/stream.go:171.20,173.11 2 1
github.com/sametyilmaztemel/remotty/internal/screen/stream.go:174.20,176.21 2 1
github.com/sametyilmaztemel/remotty/internal/screen/stream.go:176.21,182.6 5 0
github.com/sametyilmaztemel/remotty/internal/screen/stream.go:187.2,187.12 1 1
github.com/sametyilmaztemel/remotty/internal/screen/stream.go:191.27,195.15 3 1
github.com/sametyilmaztemel/remotty/internal/screen/stream.go:195.15,198.3 2 1
github.com/sametyilmaztemel/remotty/internal/screen/stream.go:202.37,206.2 3 1
github.com/sametyilmaztemel/remotty/internal/screen/stream.go:209.40,215.26 5 1
github.com/sametyilmaztemel/remotty/internal/screen/stream.go:215.26,217.3 1 1
github.com/sametyilmaztemel/remotty/internal/screen/stream.go:219.2,220.27 2 1
github.com/sametyilmaztemel/remotty/internal/screen/stream.go:220.27,222.3 1 1
github.com/sametyilmaztemel/remotty/internal/screen/stream.go:224.2,232.3 1 1
github.com/sametyilmaztemel/remotty/internal/screen/stream.go:237.51,241.17 3 1
github.com/sametyilmaztemel/remotty/internal/screen/stream.go:241.17,243.3 1 1
github.com/sametyilmaztemel/remotty/internal/screen/stream.go:244.2,244.21 1 1
github.com/sametyilmaztemel/remotty/internal/screen/stream.go:244.21,246.3 1 1
github.com/sametyilmaztemel/remotty/internal/screen/stream.go:247.2,247.24 1 1
github.com/sametyilmaztemel/remotty/internal/screen/stream.go:247.24,249.3 1 1
github.com/sametyilmaztemel/remotty/internal/screen/stream.go:250.2,250.24 1 1
github.com/sametyilmaztemel/remotty/internal/screen/stream.go:250.24,252.3 1 1
github.com/sametyilmaztemel/remotty/internal/screen/stream.go:253.2,256.45 4 1
github.com/sametyilmaztemel/remotty/internal/screen/stream.go:261.42,266.16 3 1
github.com/sametyilmaztemel/remotty/internal/screen/stream.go:266.16,272.3 5 1
github.com/sametyilmaztemel/remotty/internal/screen/stream.go:275.2,275.47 1 0
github.com/sametyilmaztemel/remotty/internal/screen/stream.go:275.47,277.3 1 0
github.com/sametyilmaztemel/remotty/internal/screen/stream.go:280.2,281.27 2 0
github.com/sametyilmaztemel/remotty/internal/screen/stream.go:281.27,285.3 3 0
github.com/sametyilmaztemel/remotty/internal/screen/stream.go:288.2,289.16 2 0
github.com/sametyilmaztemel/remotty/internal/screen/stream.go:289.16,295.3 5 0
github.com/sametyilmaztemel/remotty/internal/screen/stream.go:297.2,312.28 12 0
github.com/sametyilmaztemel/remotty/internal/screen/stream.go:312.28,314.3 1 0
github.com/sametyilmaztemel/remotty/internal/screen/stream.go:315.2,318.74 2 0
github.com/sametyilmaztemel/remotty/internal/screen/stream.go:324.49,325.54 1 1
github.com/sametyilmaztemel/remotty/internal/screen/stream.go:325.54,327.3 1 1
github.com/sametyilmaztemel/remotty/internal/screen/stream.go:330.2,331.33 2 0
github.com/sametyilmaztemel/remotty/internal/screen/stream.go:331.33,333.3 1 0
github.com/sametyilmaztemel/remotty/internal/screen/stream.go:334.2,344.9 5 0
github.com/sametyilmaztemel/remotty/internal/screen/stream.go:345.20,347.22 1 0
github.com/sametyilmaztemel/remotty/internal/screen/stream.go:348.56,350.22 1 0
github.com/sametyilmaztemel/remotty/internal/screen/stream.go:351.56,353.22 1 0
github.com/sametyilmaztemel/remotty/internal/screen/stream.go:357.2,357.39 1 0
github.com/sametyilmaztemel/remotty/internal/screen/stream.go:357.39,359.3 1 0
github.com/sametyilmaztemel/remotty/internal/screen/stream.go:360.2,360.39 1 0
github.com/sametyilmaztemel/remotty/internal/screen/stream.go:360.39,362.3 1 0
github.com/sametyilmaztemel/remotty/internal/screen/stream.go:364.2,365.23 2 0
github.com/sametyilmaztemel/remotty/internal/screen/stream.go:370.59,379.64 6 0
github.com/sametyilmaztemel/remotty/internal/screen/stream.go:379.64,381.3 1 0
github.com/sametyilmaztemel/remotty/internal/screen/stream.go:384.2,384.15 1 0
github.com/sametyilmaztemel/remotty/internal/screen/stream.go:384.15,386.3 1 0
github.com/sametyilmaztemel/remotty/internal/screen/stream.go:387.2,387.15 1 0
github.com/sametyilmaztemel/remotty/internal/screen/stream.go:387.15,389.3 1 0
github.com/sametyilmaztemel/remotty/internal/screen/stream.go:392.2,393.17 2 0
github.com/sametyilmaztemel/remotty/internal/screen/stream.go:393.17,396.3 2 0
github.com/sametyilmaztemel/remotty/internal/screen/stream.go:397.2,397.17 1 0
github.com/sametyilmaztemel/remotty/internal/screen/stream.go:397.17,400.3 2 0
github.com/sametyilmaztemel/remotty/internal/screen/stream.go:402.2,402.15 1 0
github.com/sametyilmaztemel/remotty/internal/screen/stream.go:402.15,404.3 1 0
github.com/sametyilmaztemel/remotty/internal/screen/stream.go:405.2,405.15 1 0
github.com/sametyilmaztemel/remotty/internal/screen/stream.go:405.15,407.3 1 0
github.com/sametyilmaztemel/remotty/internal/screen/stream.go:410.2,410.34 1 0
github.com/sametyilmaztemel/remotty/internal/screen/stream.go:410.34,412.3 1 0
github.com/sametyilmaztemel/remotty/internal/screen/stream.go:414.2,414.39 1 0
github.com/sametyilmaztemel/remotty/internal/screen/stream.go:418.65,426.31 5 0
github.com/sametyilmaztemel/remotty/internal/screen/stream.go:426.31,427.32 1 0
github.com/sametyilmaztemel/remotty/internal/screen/stream.go:427.32,438.18 7 0
github.com/sametyilmaztemel/remotty/internal/screen/stream.go:438.18,440.5 1 0
github.com/sametyilmaztemel/remotty/internal/screen/stream.go:441.4,441.18 1 0
github.com/sametyilmaztemel/remotty/internal/screen/stream.go:441.18,443.5 1 0
github.com/sametyilmaztemel/remotty/internal/screen/stream.go:446.4,470.6 11 0
github.com/sametyilmaztemel/remotty/internal/screen/stream.go:474.2,474.12 1 0
github.com/sametyilmaztemel/remotty/internal/screen/stream.go:477.36,479.2 1 0
github.com/sametyilmaztemel/remotty/internal/screen/stream.go:481.31,482.12 1 0
github.com/sametyilmaztemel/remotty/internal/screen/stream.go:482.12,484.3 1 0
github.com/sametyilmaztemel/remotty/internal/screen/stream.go:485.2,485.12 1 0
github.com/sametyilmaztemel/remotty/internal/screen/stream.go:485.12,487.3 1 0
github.com/sametyilmaztemel/remotty/internal/screen/stream.go:488.2,488.10 1 0
github.com/sametyilmaztemel/remotty/tui/main.go:58.27,66.2 1 1
github.com/sametyilmaztemel/remotty/tui/main.go:68.31,73.2 1 1
github.com/sametyilmaztemel/remotty/tui/main.go:75.57,76.27 1 1
github.com/sametyilmaztemel/remotty/tui/main.go:77.18,78.23 1 1
github.com/sametyilmaztemel/remotty/tui/main.go:79.22,80.22 1 1
github.com/sametyilmaztemel/remotty/tui/main.go:81.18,82.20 1 1
github.com/sametyilmaztemel/remotty/tui/main.go:82.20,84.5 1 1
github.com/sametyilmaztemel/remotty/tui/main.go:85.20,86.33 1 1
github.com/sametyilmaztemel/remotty/tui/main.go:86.33,88.5 1 1
github.com/sametyilmaztemel/remotty/tui/main.go:89.16,90.24 1 1
github.com/sametyilmaztemel/remotty/tui/main.go:90.24,94.5 3 1
github.com/sametyilmaztemel/remotty/tui/main.go:95.12,97.36 2 1
github.com/sametyilmaztemel/remotty/tui/main.go:100.16,103.115 3 1
github.com/sametyilmaztemel/remotty/tui/main.go:105.17,106.25 1 1
github.com/sametyilmaztemel/remotty/tui/main.go:108.16,109.51 1 1
github.com/sametyilmaztemel/remotty/tui/main.go:112.2,112.15 1 1
github.com/sametyilmaztemel/remotty/tui/main.go:115.30,118.23 2 1
github.com/sametyilmaztemel/remotty/tui/main.go:118.23,121.3 2 1
github.com/sametyilmaztemel/remotty/tui/main.go:123.2,125.31 2 1
github.com/sametyilmaztemel/remotty/tui/main.go:125.31,128.20 3 1
github.com/sametyilmaztemel/remotty/tui/main.go:128.20,131.4 2 1
github.com/sametyilmaztemel/remotty/tui/main.go:132.3,132.42 1 1
github.com/sametyilmaztemel/remotty/tui/main.go:135.2,136.27 2 1
github.com/sametyilmaztemel/remotty/tui/main.go:144.42,145.24 1 1
github.com/sametyilmaztemel/remotty/tui/main.go:145.24,149.17 2 0
github.com/sametyilmaztemel/remotty/tui/main.go:149.17,151.4 1 0
github.com/sametyilmaztemel/remotty/tui/main.go:153.3,154.17 2 0
github.com/sametyilmaztemel/remotty/tui/main.go:154.17,156.4 1 0
github.com/sametyilmaztemel/remotty/tui/main.go:158.3,159.27 2 0
github.com/sametyilmaztemel/remotty/tui/main.go:159.27,162.4 1 0
github.com/sametyilmaztemel/remotty/tui/main.go:163.3,163.25 1 0
github.com/sametyilmaztemel/remotty/tui/main.go:167.56,168.24 1 1
github.com/sametyilmaztemel/remotty/tui/main.go:168.24,171.18 2 0
github.com/sametyilmaztemel/remotty/tui/main.go:171.18,173.4 1 0
github.com/sametyilmaztemel/remotty/tui/main.go:175.3,181.17 3 0
github.com/sametyilmaztemel/remotty/tui/main.go:181.17,183.4 1 0
github.com/sametyilmaztemel/remotty/tui/main.go:186.3,186.51 1 0
github.com/sametyilmaztemel/remotty/tui/main.go:186.51,188.4 1 0
github.com/sametyilmaztemel/remotty/tui/main.go:189.3,189.35 1 0
github.com/sametyilmaztemel/remotty/tui/main.go:193.49,195.22 2 1
github.com/sametyilmaztemel/remotty/tui/main.go:195.22,196.12 1 1
github.com/sametyilmaztemel/remotty/tui/main.go:196.12,198.4 1 1
github.com/sametyilmaztemel/remotty/tui/main.go:199.3,199.14 1 1
github.com/sametyilmaztemel/remotty/tui/main.go:201.2,201.15 1 1
github.com/sametyilmaztemel/remotty/tui/main.go:204.37,205.22 1 1
github.com/sametyilmaztemel/remotty/tui/main.go:205.22,206.15 1 1
github.com/sametyilmaztemel/remotty/tui/main.go:206.15,208.4 1 1
github.com/sametyilmaztemel/remotty/tui/main.go:210.2,210.10 1 1
github.com/sametyilmaztemel/remotty/tui/main.go:213.13,215.35 2 0
github.com/sametyilmaztemel/remotty/tui/main.go:215.35,218.3 2 0
github.com/sametyilmaztemel/remotty/internal/webrtc/engine.go:25.50,27.2 1 1
github.com/sametyilmaztemel/remotty/internal/webrtc/engine.go:30.51,34.2 3 1
github.com/sametyilmaztemel/remotty/internal/webrtc/engine.go:37.50,39.2 1 0
github.com/sametyilmaztemel/remotty/internal/webrtc/engine.go:42.49,42.66 1 0
github.com/sametyilmaztemel/remotty/internal/webrtc/engine.go:78.47,84.2 1 1
github.com/sametyilmaztemel/remotty/internal/webrtc/engine.go:117.61,119.16 2 1
github.com/sametyilmaztemel/remotty/internal/webrtc/engine.go:119.16,121.3 1 0
github.com/sametyilmaztemel/remotty/internal/webrtc/engine.go:122.2,122.22 1 1
github.com/sametyilmaztemel/remotty/internal/webrtc/engine.go:126.48,130.2 3 1
github.com/sametyilmaztemel/remotty/internal/webrtc/engine.go:134.51,136.61 2 1
github.com/sametyilmaztemel/remotty/internal/webrtc/engine.go:136.61,137.16 1 0
github.com/sametyilmaztemel/remotty/internal/webrtc/engine.go:137.16,139.4 1 0
github.com/sametyilmaztemel/remotty/internal/webrtc/engine.go:144.57,152.39 3 1
github.com/sametyilmaztemel/remotty/internal/webrtc/engine.go:152.39,154.3 1 1
github.com/sametyilmaztemel/remotty/internal/webrtc/engine.go:155.2,155.35 1 1
github.com/sametyilmaztemel/remotty/internal/webrtc/engine.go:155.35,157.3 1 1
github.com/sametyilmaztemel/remotty/internal/webrtc/engine.go:160.2,161.35 2 1
github.com/sametyilmaztemel/remotty/internal/webrtc/engine.go:161.35,163.3 1 1
github.com/sametyilmaztemel/remotty/internal/webrtc/engine.go:166.2,167.50 2 1
github.com/sametyilmaztemel/remotty/internal/webrtc/engine.go:167.50,169.3 1 0
github.com/sametyilmaztemel/remotty/internal/webrtc/engine.go:171.2,172.63 2 1
github.com/sametyilmaztemel/remotty/internal/webrtc/engine.go:172.63,174.3 1 0
github.com/sametyilmaztemel/remotty/internal/webrtc/engine.go:176.2,187.16 4 1
github.com/sametyilmaztemel/remotty/internal/webrtc/engine.go:187.16,189.3 1 0
github.com/sametyilmaztemel/remotty/internal/webrtc/engine.go:191.2,200.68 2 1
github.com/sametyilmaztemel/remotty/internal/webrtc/engine.go:200.68,202.28 2 0
github.com/sametyilmaztemel/remotty/internal/webrtc/engine.go:202.28,204.4 1 0
github.com/sametyilmaztemel/remotty/internal/webrtc/engine.go:206.3,206.16 1 0
github.com/sametyilmaztemel/remotty/internal/webrtc/engine.go:208.40,211.24 1 0
github.com/sametyilmaztemel/remotty/internal/webrtc/engine.go:214.37,218.20 2 0
github.com/sametyilmaztemel/remotty/internal/webrtc/engine.go:218.20,220.12 2 0
github.com/sametyilmaztemel/remotty/internal/webrtc/engine.go:221.40,221.40 0 0
github.com/sametyilmaztemel/remotty/internal/webrtc/engine.go:222.13,222.13 0 0
github.com/sametyilmaztemel/remotty/internal/webrtc/engine.go:224.5,224.49 1 0
github.com/sametyilmaztemel/remotty/internal/webrtc/engine.go:224.49,226.6 1 0
github.com/sametyilmaztemel/remotty/internal/webrtc/engine.go:228.4,228.24 1 0
github.com/sametyilmaztemel/remotty/internal/webrtc/engine.go:233.2,233.46 1 1
github.com/sametyilmaztemel/remotty/internal/webrtc/engine.go:233.46,240.20 5 0
github.com/sametyilmaztemel/remotty/internal/webrtc/engine.go:240.20,242.32 2 0
github.com/sametyilmaztemel/remotty/internal/webrtc/engine.go:242.32,244.5 1 0
github.com/sametyilmaztemel/remotty/internal/webrtc/engine.go:247.3,247.21 1 0
github.com/sametyilmaztemel/remotty/internal/webrtc/engine.go:247.21,249.4 1 0
github.com/sametyilmaztemel/remotty/internal/webrtc/engine.go:253.2,253.55 1 1
github.com/sametyilmaztemel/remotty/internal/webrtc/engine.go:253.55,254.35 1 1
github.com/sametyilmaztemel/remotty/internal/webrtc/engine.go:254.35,256.4 1 1
github.com/sametyilmaztemel/remotty/internal/webrtc/engine.go:257.3,259.55 3 1
github.com/sametyilmaztemel/remotty/internal/webrtc/engine.go:259.55,261.4 1 0
github.com/sametyilmaztemel/remotty/internal/webrtc/engine.go:264.2,264.15 1 1
github.com/sametyilmaztemel/remotty/internal/webrtc/engine.go:268.64,270.16 2 1
github.com/sametyilmaztemel/remotty/internal/webrtc/engine.go:270.16,272.3 1 0
github.com/sametyilmaztemel/remotty/internal/webrtc/engine.go:274.2,274.56 1 1
github.com/sametyilmaztemel/remotty/internal/webrtc/engine.go:274.56,276.3 1 0
github.com/sametyilmaztemel/remotty/internal/webrtc/engine.go:278.2,282.8 2 1
github.com/sametyilmaztemel/remotty/internal/webrtc/engine.go:286.58,291.60 2 1
github.com/sametyilmaztemel/remotty/internal/webrtc/engine.go:291.60,293.3 1 0
github.com/sametyilmaztemel/remotty/internal/webrtc/engine.go:295.2,298.17 1 1
github.com/sametyilmaztemel/remotty/internal/webrtc/engine.go:298.17,300.3 1 1
github.com/sametyilmaztemel/remotty/internal/webrtc/engine.go:302.2,303.16 2 0
github.com/sametyilmaztemel/remotty/internal/webrtc/engine.go:303.16,305.3 1 0
github.com/sametyilmaztemel/remotty/internal/webrtc/engine.go:307.2,307.57 1 0
github.com/sametyilmaztemel/remotty/internal/webrtc/engine.go:307.57,309.3 1 0
github.com/sametyilmaztemel/remotty/internal/webrtc/engine.go:311.2,318.49 4 0
github.com/sametyilmaztemel/remotty/internal/webrtc/engine.go:322.59,327.61 2 1
github.com/sametyilmaztemel/remotty/internal/webrtc/engine.go:327.61,329.3 1 0
github.com/sametyilmaztemel/remotty/internal/webrtc/engine.go:331.2,334.4 1 1
github.com/sametyilmaztemel/remotty/internal/webrtc/engine.go:338.56,340.64 2 1
github.com/sametyilmaztemel/remotty/internal/webrtc/engine.go:340.64,342.3 1 0
github.com/sametyilmaztemel/remotty/internal/webrtc/engine.go:343.2,343.40 1 1
github.com/sametyilmaztemel/remotty/internal/webrtc/engine.go:347.63,352.16 2 1
github.com/sametyilmaztemel/remotty/internal/webrtc/engine.go:352.16,355.3 2 0
github.com/sametyilmaztemel/remotty/internal/webrtc/engine.go:357.2,361.38 4 1
github.com/sametyilmaztemel/remotty/internal/webrtc/engine.go:365.72,371.16 2 1
github.com/sametyilmaztemel/remotty/internal/webrtc/engine.go:371.16,373.3 1 0
github.com/sametyilmaztemel/remotty/internal/webrtc/engine.go:375.2,376.16 2 1
github.com/sametyilmaztemel/remotty/internal/webrtc/engine.go:376.16,378.3 1 0
github.com/sametyilmaztemel/remotty/internal/webrtc/engine.go:380.2,381.19 2 1
github.com/sametyilmaztemel/remotty/internal/webrtc/engine.go:387.34,389.18 2 1
github.com/sametyilmaztemel/remotty/internal/webrtc/engine.go:389.18,392.3 2 1
github.com/sametyilmaztemel/remotty/internal/webrtc/engine.go:393.2,400.6 6 1
github.com/sametyilmaztemel/remotty/internal/webrtc/engine.go:400.6,403.45 2 1
github.com/sametyilmaztemel/remotty/internal/webrtc/engine.go:403.45,405.4 1 1
github.com/sametyilmaztemel/remotty/internal/webrtc/engine.go:407.3,413.40 2 1
github.com/sametyilmaztemel/remotty/internal/webrtc/engine.go:413.40,420.33 2 1
github.com/sametyilmaztemel/remotty/internal/webrtc/engine.go:420.33,429.48 5 1
github.com/sametyilmaztemel/remotty/internal/webrtc/engine.go:429.48,431.6 1 1
github.com/sametyilmaztemel/remotty/internal/webrtc/engine.go:432.5,433.11 2 1
github.com/sametyilmaztemel/remotty/internal/webrtc/engine.go:437.4,437.11 1 1
github.com/sametyilmaztemel/remotty/internal/webrtc/engine.go:438.27,443.11 4 1
github.com/sametyilmaztemel/remotty/internal/webrtc/engine.go:444.31,446.44 2 1
github.com/sametyilmaztemel/remotty/internal/webrtc/engine.go:446.44,448.6 1 0
github.com/sametyilmaztemel/remotty/internal/webrtc/engine.go:450.4,450.12 1 1
github.com/sametyilmaztemel/remotty/internal/webrtc/engine.go:454.3,457.9 4 0
github.com/sametyilmaztemel/remotty/internal/webrtc/engine.go:463.37,467.14 3 1
github.com/sametyilmaztemel/remotty/internal/webrtc/engine.go:467.14,469.3 1 1
github.com/sametyilmaztemel/remotty/internal/webrtc/engine.go:472.2,475.16 2 1
github.com/sametyilmaztemel/remotty/internal/webrtc/engine.go:475.16,477.3 1 1
github.com/sametyilmaztemel/remotty/internal/webrtc/engine.go:479.2,479.56 1 1
github.com/sametyilmaztemel/remotty/internal/webrtc/engine.go:479.56,481.3 1 1
github.com/sametyilmaztemel/remotty/internal/webrtc/engine.go:484.2,490.64 3 0
github.com/sametyilmaztemel/remotty/internal/webrtc/engine.go:490.64,492.3 1 0
github.com/sametyilmaztemel/remotty/internal/webrtc/engine.go:494.2,495.12 2 0
github.com/sametyilmaztemel/remotty/internal/webrtc/engine.go:499.32,502.14 3 1
github.com/sametyilmaztemel/remotty/internal/webrtc/engine.go:502.14,504.3 1 1
github.com/sametyilmaztemel/remotty/internal/webrtc/engine.go:505.2,509.18 3 1
github.com/sametyilmaztemel/remotty/internal/webrtc/engine.go:509.18,511.10 2 1
github.com/sametyilmaztemel/remotty/internal/webrtc/engine.go:512.38,512.38 0 1
github.com/sametyilmaztemel/remotty/internal/webrtc/engine.go:513.11,513.11 0 1
github.com/sametyilmaztemel/remotty/internal/webrtc/engine.go:516.2,518.21 2 1
github.com/sametyilmaztemel/remotty/internal/webrtc/engine.go:522.60,524.2 1 1
github.com/sametyilmaztemel/remotty/internal/webrtc/engine.go:526.28,528.2 1 1
