mode: set
github.com/sametyilmaztemel/remotty/cmd/remotty/main.go:5.13,7.2 1 0
github.com/sametyilmaztemel/remotty/internal/client/client.go:31.78,36.2 1 1
github.com/sametyilmaztemel/remotty/internal/client/client.go:39.59,41.16 2 0
github.com/sametyilmaztemel/remotty/internal/client/client.go:41.16,43.3 1 0
github.com/sametyilmaztemel/remotty/internal/client/client.go:44.2,49.16 4 0
github.com/sametyilmaztemel/remotty/internal/client/client.go:49.16,51.3 1 0
github.com/sametyilmaztemel/remotty/internal/client/client.go:53.2,56.38 3 0
github.com/sametyilmaztemel/remotty/internal/client/client.go:56.38,63.3 4 0
github.com/sametyilmaztemel/remotty/internal/client/client.go:65.2,65.61 1 0
github.com/sametyilmaztemel/remotty/internal/client/client.go:69.64,71.16 2 0
github.com/sametyilmaztemel/remotty/internal/client/client.go:71.16,73.3 1 0
github.com/sametyilmaztemel/remotty/internal/client/client.go:74.2,85.16 5 0
github.com/sametyilmaztemel/remotty/internal/client/client.go:85.16,87.3 1 0
github.com/sametyilmaztemel/remotty/internal/client/client.go:89.2,92.35 3 0
github.com/sametyilmaztemel/remotty/internal/client/client.go:92.35,96.3 3 0
github.com/sametyilmaztemel/remotty/internal/client/client.go:98.2,98.39 1 0
github.com/sametyilmaztemel/remotty/internal/client/client.go:98.39,100.3 1 0
github.com/sametyilmaztemel/remotty/internal/client/client.go:102.2,113.65 4 0
github.com/sametyilmaztemel/remotty/internal/client/client.go:113.65,117.3 3 0
github.com/sametyilmaztemel/remotty/internal/client/client.go:118.2,118.16 1 0
github.com/sametyilmaztemel/remotty/internal/client/client.go:118.16,120.3 1 0
github.com/sametyilmaztemel/remotty/internal/client/client.go:121.2,124.12 2 0
github.com/sametyilmaztemel/remotty/internal/client/client.go:124.12,125.7 1 0
github.com/sametyilmaztemel/remotty/internal/client/client.go:125.7,127.18 2 0
github.com/sametyilmaztemel/remotty/internal/client/client.go:127.18,129.5 1 0
github.com/sametyilmaztemel/remotty/internal/client/client.go:130.4,133.23 3 0
github.com/sametyilmaztemel/remotty/internal/client/client.go:134.27,135.31 1 0
github.com/sametyilmaztemel/remotty/internal/client/client.go:136.34,137.29 1 0
github.com/sametyilmaztemel/remotty/internal/client/client.go:146.2,152.16 5 0
github.com/sametyilmaztemel/remotty/internal/client/client.go:152.16,154.3 1 0
github.com/sametyilmaztemel/remotty/internal/client/client.go:155.2,159.16 3 0
github.com/sametyilmaztemel/remotty/internal/client/client.go:159.16,161.3 1 0
github.com/sametyilmaztemel/remotty/internal/client/client.go:163.2,168.32 4 0
github.com/sametyilmaztemel/remotty/internal/client/client.go:168.32,172.3 1 0
github.com/sametyilmaztemel/remotty/internal/client/client.go:175.2,181.12 2 0
github.com/sametyilmaztemel/remotty/internal/client/client.go:181.12,183.7 2 0
github.com/sametyilmaztemel/remotty/internal/client/client.go:183.7,185.18 2 0
github.com/sametyilmaztemel/remotty/internal/client/client.go:185.18,187.5 1 0
github.com/sametyilmaztemel/remotty/internal/client/client.go:188.4,188.13 1 0
github.com/sametyilmaztemel/remotty/internal/client/client.go:188.13,190.5 1 0
github.com/sametyilmaztemel/remotty/internal/client/client.go:195.2,202.12 7 0
github.com/sametyilmaztemel/remotty/internal/client/client.go:202.12,203.22 1 0
github.com/sametyilmaztemel/remotty/internal/client/client.go:203.22,205.18 2 0
github.com/sametyilmaztemel/remotty/internal/client/client.go:205.18,206.13 1 0
github.com/sametyilmaztemel/remotty/internal/client/client.go:208.4,209.38 2 0
github.com/sametyilmaztemel/remotty/internal/client/client.go:209.38,211.13 2 0
github.com/sametyilmaztemel/remotty/internal/client/client.go:213.4,222.7 4 0
github.com/sametyilmaztemel/remotty/internal/client/client.go:227.2,229.41 2 0
github.com/sametyilmaztemel/remotty/internal/client/client.go:229.41,231.3 1 0
github.com/sametyilmaztemel/remotty/internal/client/client.go:233.2,233.37 1 0
github.com/sametyilmaztemel/remotty/internal/client/client.go:233.37,236.37 3 0
github.com/sametyilmaztemel/remotty/internal/client/client.go:236.37,238.4 1 0
github.com/sametyilmaztemel/remotty/internal/client/client.go:238.9,238.46 1 0
github.com/sametyilmaztemel/remotty/internal/client/client.go:238.46,241.4 2 0
github.com/sametyilmaztemel/remotty/internal/client/client.go:245.2,245.41 1 0
github.com/sametyilmaztemel/remotty/internal/client/client.go:245.41,247.52 2 0
github.com/sametyilmaztemel/remotty/internal/client/client.go:247.52,249.4 1 0
github.com/sametyilmaztemel/remotty/internal/client/client.go:251.3,251.19 1 0
github.com/sametyilmaztemel/remotty/internal/client/client.go:252.33,254.65 2 0
github.com/sametyilmaztemel/remotty/internal/client/client.go:254.65,256.5 1 0
github.com/sametyilmaztemel/remotty/internal/client/client.go:257.4,258.66 1 0
github.com/sametyilmaztemel/remotty/internal/client/client.go:260.33,262.65 2 0
github.com/sametyilmaztemel/remotty/internal/client/client.go:262.65,264.5 1 0
github.com/sametyilmaztemel/remotty/internal/client/client.go:265.4,266.40 1 0
github.com/sametyilmaztemel/remotty/internal/client/client.go:268.30,270.67 2 0
github.com/sametyilmaztemel/remotty/internal/client/client.go:270.67,272.5 1 0
github.com/sametyilmaztemel/remotty/internal/client/client.go:273.4,274.64 1 0
github.com/sametyilmaztemel/remotty/internal/client/client.go:276.31,280.70 2 0
github.com/sametyilmaztemel/remotty/internal/client/client.go:280.70,282.5 1 0
github.com/sametyilmaztemel/remotty/internal/client/client.go:283.4,283.80 1 0
github.com/sametyilmaztemel/remotty/internal/client/client.go:287.2,288.12 2 0
github.com/sametyilmaztemel/remotty/cmd/remotty/cmd/connect.go:21.54,25.55 2 0
github.com/sametyilmaztemel/remotty/cmd/remotty/cmd/connect.go:25.55,27.4 1 0
github.com/sametyilmaztemel/remotty/cmd/remotty/cmd/connect.go:28.3,28.57 1 0
github.com/sametyilmaztemel/remotty/cmd/remotty/cmd/connect.go:28.57,30.4 1 0
github.com/sametyilmaztemel/remotty/cmd/remotty/cmd/connect.go:33.3,33.79 1 0
github.com/sametyilmaztemel/remotty/cmd/remotty/cmd/connect.go:33.79,35.4 1 0
github.com/sametyilmaztemel/remotty/cmd/remotty/cmd/connect.go:36.3,36.89 1 0
github.com/sametyilmaztemel/remotty/cmd/remotty/cmd/connect.go:36.89,38.4 1 0
github.com/sametyilmaztemel/remotty/cmd/remotty/cmd/connect.go:41.3,41.20 1 0
github.com/sametyilmaztemel/remotty/cmd/remotty/cmd/connect.go:41.20,43.4 1 0
github.com/sametyilmaztemel/remotty/cmd/remotty/cmd/connect.go:45.3,46.17 2 0
github.com/sametyilmaztemel/remotty/cmd/remotty/cmd/connect.go:46.17,48.4 1 0
github.com/sametyilmaztemel/remotty/cmd/remotty/cmd/connect.go:51.3,51.23 1 0
github.com/sametyilmaztemel/remotty/cmd/remotty/cmd/connect.go:51.23,53.18 2 0
github.com/sametyilmaztemel/remotty/cmd/remotty/cmd/connect.go:53.18,55.5 1 0
github.com/sametyilmaztemel/remotty/cmd/remotty/cmd/connect.go:56.4,56.23 1 0
github.com/sametyilmaztemel/remotty/cmd/remotty/cmd/connect.go:56.23,59.5 2 0
github.com/sametyilmaztemel/remotty/cmd/remotty/cmd/connect.go:60.4,61.28 2 0
github.com/sametyilmaztemel/remotty/cmd/remotty/cmd/connect.go:61.28,64.5 1 0
github.com/sametyilmaztemel/remotty/cmd/remotty/cmd/connect.go:65.4,65.14 1 0
github.com/sametyilmaztemel/remotty/cmd/remotty/cmd/connect.go:68.3,72.35 3 0
github.com/sametyilmaztemel/remotty/cmd/remotty/cmd/connect.go:76.13,80.2 3 1
github.com/sametyilmaztemel/remotty/cmd/remotty/cmd/connect.go:82.49,84.22 2 1
github.com/sametyilmaztemel/remotty/cmd/remotty/cmd/connect.go:84.22,85.12 1 1
github.com/sametyilmaztemel/remotty/cmd/remotty/cmd/connect.go:85.12,87.4 1 1
github.com/sametyilmaztemel/remotty/cmd/remotty/cmd/connect.go:88.3,88.14 1 1
github.com/sametyilmaztemel/remotty/cmd/remotty/cmd/connect.go:90.2,90.15 1 1
github.com/sametyilmaztemel/remotty/cmd/remotty/cmd/host.go:22.54,28.23 4 0
github.com/sametyilmaztemel/remotty/cmd/remotty/cmd/host.go:28.23,30.4 1 0
github.com/sametyilmaztemel/remotty/cmd/remotty/cmd/host.go:31.3,31.21 1 0
github.com/sametyilmaztemel/remotty/cmd/remotty/cmd/host.go:31.21,33.4 1 0
github.com/sametyilmaztemel/remotty/cmd/remotty/cmd/host.go:34.3,34.64 1 0
github.com/sametyilmaztemel/remotty/cmd/remotty/cmd/host.go:34.64,36.4 1 0
github.com/sametyilmaztemel/remotty/cmd/remotty/cmd/host.go:37.3,37.43 1 0
github.com/sametyilmaztemel/remotty/cmd/remotty/cmd/host.go:37.43,39.4 1 0
github.com/sametyilmaztemel/remotty/cmd/remotty/cmd/host.go:42.3,42.79 1 0
github.com/sametyilmaztemel/remotty/cmd/remotty/cmd/host.go:42.79,44.4 1 0
github.com/sametyilmaztemel/remotty/cmd/remotty/cmd/host.go:45.3,45.89 1 0
github.com/sametyilmaztemel/remotty/cmd/remotty/cmd/host.go:45.89,47.4 1 0
github.com/sametyilmaztemel/remotty/cmd/remotty/cmd/host.go:49.3,50.17 2 0
github.com/sametyilmaztemel/remotty/cmd/remotty/cmd/host.go:50.17,53.4 2 0
github.com/sametyilmaztemel/remotty/cmd/remotty/cmd/host.go:55.3,55.17 1 0
github.com/sametyilmaztemel/remotty/cmd/remotty/cmd/host.go:55.17,56.43 1 0
github.com/sametyilmaztemel/remotty/cmd/remotty/cmd/host.go:56.43,63.19 2 0
github.com/sametyilmaztemel/remotty/cmd/remotty/cmd/host.go:63.19,66.6 2 0
github.com/sametyilmaztemel/remotty/cmd/remotty/cmd/host.go:67.5,71.18 5 0
github.com/sametyilmaztemel/remotty/cmd/remotty/cmd/host.go:75.3,87.25 4 0
github.com/sametyilmaztemel/remotty/cmd/remotty/cmd/host.go:91.13,97.2 5 1
github.com/sametyilmaztemel/remotty/cmd/remotty/cmd/root.go:29.67,32.3 2 0
github.com/sametyilmaztemel/remotty/cmd/remotty/cmd/root.go:33.47,35.3 1 0
github.com/sametyilmaztemel/remotty/cmd/remotty/cmd/root.go:38.16,39.42 1 0
github.com/sametyilmaztemel/remotty/cmd/remotty/cmd/root.go:39.42,42.3 2 0
github.com/sametyilmaztemel/remotty/cmd/remotty/cmd/root.go:45.13,50.2 4 1
github.com/sametyilmaztemel/remotty/cmd/remotty/cmd/root.go:52.19,54.16 2 0
github.com/sametyilmaztemel/remotty/cmd/remotty/cmd/root.go:54.16,57.3 2 0
github.com/sametyilmaztemel/remotty/cmd/remotty/cmd/root.go:58.2,60.24 2 0
github.com/sametyilmaztemel/remotty/cmd/remotty/cmd/root.go:60.24,62.3 1 0
github.com/sametyilmaztemel/remotty/cmd/remotty/cmd/root.go:63.2,63.28 1 0
github.com/sametyilmaztemel/remotty/cmd/remotty/cmd/root.go:63.28,65.3 1 0
github.com/sametyilmaztemel/remotty/cmd/remotty/cmd/root.go:66.2,66.19 1 0
github.com/sametyilmaztemel/remotty/cmd/remotty/cmd/root.go:66.19,68.3 1 0
github.com/sametyilmaztemel/remotty/cmd/remotty/cmd/root.go:71.26,73.16 2 0
github.com/sametyilmaztemel/remotty/cmd/remotty/cmd/root.go:73.16,75.3 1 0
github.com/sametyilmaztemel/remotty/cmd/remotty/cmd/root.go:76.2,78.12 3 0
github.com/sametyilmaztemel/remotty/cmd/remotty/cmd/signal.go:21.54,25.49 2 0
github.com/sametyilmaztemel/remotty/cmd/remotty/cmd/signal.go:25.49,27.4 1 0
github.com/sametyilmaztemel/remotty/cmd/remotty/cmd/signal.go:28.3,28.53 1 0
github.com/sametyilmaztemel/remotty/cmd/remotty/cmd/signal.go:28.53,30.4 1 0
github.com/sametyilmaztemel/remotty/cmd/remotty/cmd/signal.go:31.3,31.44 1 0
github.com/sametyilmaztemel/remotty/cmd/remotty/cmd/signal.go:31.44,33.4 1 0
github.com/sametyilmaztemel/remotty/cmd/remotty/cmd/signal.go:34.3,34.44 1 0
github.com/sametyilmaztemel/remotty/cmd/remotty/cmd/signal.go:34.44,36.4 1 0
github.com/sametyilmaztemel/remotty/cmd/remotty/cmd/signal.go:37.3,37.57 1 0
github.com/sametyilmaztemel/remotty/cmd/remotty/cmd/signal.go:37.57,39.4 1 0
github.com/sametyilmaztemel/remotty/cmd/remotty/cmd/signal.go:40.3,40.56 1 0
github.com/sametyilmaztemel/remotty/cmd/remotty/cmd/signal.go:40.56,42.4 1 0
github.com/sametyilmaztemel/remotty/cmd/remotty/cmd/signal.go:43.3,43.56 1 0
github.com/sametyilmaztemel/remotty/cmd/remotty/cmd/signal.go:43.56,45.4 1 0
github.com/sametyilmaztemel/remotty/cmd/remotty/cmd/signal.go:48.3,48.68 1 0
github.com/sametyilmaztemel/remotty/cmd/remotty/cmd/signal.go:48.68,50.4 1 0
github.com/sametyilmaztemel/remotty/cmd/remotty/cmd/signal.go:52.3,65.27 5 0
github.com/sametyilmaztemel/remotty/cmd/remotty/cmd/signal.go:69.13,78.2 8 1
github.com/sametyilmaztemel/remotty/internal/backup/backup.go:38.64,40.53 2 1
github.com/sametyilmaztemel/remotty/internal/backup/backup.go:40.53,42.3 1 0
github.com/sametyilmaztemel/remotty/internal/backup/backup.go:44.2,49.16 5 1
github.com/sametyilmaztemel/remotty/internal/backup/backup.go:49.16,51.3 1 0
github.com/sametyilmaztemel/remotty/internal/backup/backup.go:52.2,63.22 7 1
github.com/sametyilmaztemel/remotty/internal/backup/backup.go:63.22,64.68 1 1
github.com/sametyilmaztemel/remotty/internal/backup/backup.go:64.68,65.70 1 1
github.com/sametyilmaztemel/remotty/internal/backup/backup.go:65.70,67.5 1 0
github.com/sametyilmaztemel/remotty/internal/backup/backup.go:68.4,68.16 1 1
github.com/sametyilmaztemel/remotty/internal/backup/backup.go:73.2,78.32 2 1
github.com/sametyilmaztemel/remotty/internal/backup/backup.go:78.32,79.22 1 1
github.com/sametyilmaztemel/remotty/internal/backup/backup.go:79.22,80.12 1 0
github.com/sametyilmaztemel/remotty/internal/backup/backup.go:82.3,82.59 1 1
github.com/sametyilmaztemel/remotty/internal/backup/backup.go:82.59,83.64 1 0
github.com/sametyilmaztemel/remotty/internal/backup/backup.go:83.64,85.5 1 0
github.com/sametyilmaztemel/remotty/internal/backup/backup.go:86.4,87.9 2 0
github.com/sametyilmaztemel/remotty/internal/backup/backup.go:92.2,93.16 2 1
github.com/sametyilmaztemel/remotty/internal/backup/backup.go:93.16,94.13 1 0
github.com/sametyilmaztemel/remotty/internal/backup/backup.go:94.13,96.4 1 0
github.com/sametyilmaztemel/remotty/internal/backup/backup.go:98.8,98.32 1 1
github.com/sametyilmaztemel/remotty/internal/backup/backup.go:98.32,99.85 1 1
github.com/sametyilmaztemel/remotty/internal/backup/backup.go:99.85,100.18 1 1
github.com/sametyilmaztemel/remotty/internal/backup/backup.go:100.18,102.5 1 0
github.com/sametyilmaztemel/remotty/internal/backup/backup.go:104.4,105.18 2 1
github.com/sametyilmaztemel/remotty/internal/backup/backup.go:105.18,107.5 1 0
github.com/sametyilmaztemel/remotty/internal/backup/backup.go:108.4,108.96 1 1
github.com/sametyilmaztemel/remotty/internal/backup/backup.go:108.96,109.29 1 1
github.com/sametyilmaztemel/remotty/internal/backup/backup.go:109.29,111.6 1 0
github.com/sametyilmaztemel/remotty/internal/backup/backup.go:112.5,112.28 1 1
github.com/sametyilmaztemel/remotty/internal/backup/backup.go:115.4,115.26 1 1
github.com/sametyilmaztemel/remotty/internal/backup/backup.go:115.26,117.5 1 0
github.com/sametyilmaztemel/remotty/internal/backup/backup.go:118.4,118.20 1 1
github.com/sametyilmaztemel/remotty/internal/backup/backup.go:118.20,120.5 1 1
github.com/sametyilmaztemel/remotty/internal/backup/backup.go:121.4,122.58 2 1
github.com/sametyilmaztemel/remotty/internal/backup/backup.go:122.58,124.5 1 0
github.com/sametyilmaztemel/remotty/internal/backup/backup.go:125.4,126.14 2 1
github.com/sametyilmaztemel/remotty/internal/backup/backup.go:128.3,128.17 1 1
github.com/sametyilmaztemel/remotty/internal/backup/backup.go:128.17,130.4 1 0
github.com/sametyilmaztemel/remotty/internal/backup/backup.go:133.2,133.12 1 1
github.com/sametyilmaztemel/remotty/internal/backup/backup.go:133.12,136.3 2 1
github.com/sametyilmaztemel/remotty/internal/backup/backup.go:138.2,138.24 1 1
github.com/sametyilmaztemel/remotty/internal/backup/backup.go:144.57,146.16 2 1
github.com/sametyilmaztemel/remotty/internal/backup/backup.go:146.16,148.3 1 1
github.com/sametyilmaztemel/remotty/internal/backup/backup.go:149.2,152.16 3 1
github.com/sametyilmaztemel/remotty/internal/backup/backup.go:152.16,154.3 1 0
github.com/sametyilmaztemel/remotty/internal/backup/backup.go:155.2,159.6 3 1
github.com/sametyilmaztemel/remotty/internal/backup/backup.go:159.6,161.20 2 1
github.com/sametyilmaztemel/remotty/internal/backup/backup.go:161.20,162.9 1 1
github.com/sametyilmaztemel/remotty/internal/backup/backup.go:164.3,164.17 1 1
github.com/sametyilmaztemel/remotty/internal/backup/backup.go:164.17,166.4 1 0
github.com/sametyilmaztemel/remotty/internal/backup/backup.go:169.3,170.10 2 1
github.com/sametyilmaztemel/remotty/internal/backup/backup.go:171.37,172.57 1 1
github.com/sametyilmaztemel/remotty/internal/backup/backup.go:173.48,175.50 2 1
github.com/sametyilmaztemel/remotty/internal/backup/backup.go:176.11,177.54 1 0
github.com/sametyilmaztemel/remotty/internal/backup/backup.go:181.3,181.80 1 1
github.com/sametyilmaztemel/remotty/internal/backup/backup.go:181.80,183.4 1 0
github.com/sametyilmaztemel/remotty/internal/backup/backup.go:185.3,185.37 1 1
github.com/sametyilmaztemel/remotty/internal/backup/backup.go:185.37,186.76 1 0
github.com/sametyilmaztemel/remotty/internal/backup/backup.go:186.76,188.5 1 0
github.com/sametyilmaztemel/remotty/internal/backup/backup.go:189.4,189.12 1 0
github.com/sametyilmaztemel/remotty/internal/backup/backup.go:193.3,193.69 1 1
github.com/sametyilmaztemel/remotty/internal/backup/backup.go:193.69,195.4 1 0
github.com/sametyilmaztemel/remotty/internal/backup/backup.go:197.3,198.17 2 1
github.com/sametyilmaztemel/remotty/internal/backup/backup.go:198.17,200.4 1 0
github.com/sametyilmaztemel/remotty/internal/backup/backup.go:202.3,202.49 1 1
github.com/sametyilmaztemel/remotty/internal/backup/backup.go:202.49,205.4 2 0
github.com/sametyilmaztemel/remotty/internal/backup/backup.go:206.3,206.18 1 1
github.com/sametyilmaztemel/remotty/internal/backup/backup.go:209.2,209.12 1 1
github.com/sametyilmaztemel/remotty/internal/backup/backup.go:213.44,217.16 3 1
github.com/sametyilmaztemel/remotty/internal/backup/backup.go:217.16,218.25 1 1
github.com/sametyilmaztemel/remotty/internal/backup/backup.go:218.25,220.4 1 1
github.com/sametyilmaztemel/remotty/internal/backup/backup.go:221.3,221.53 1 0
github.com/sametyilmaztemel/remotty/internal/backup/backup.go:224.2,225.32 2 1
github.com/sametyilmaztemel/remotty/internal/backup/backup.go:225.32,226.122 1 1
github.com/sametyilmaztemel/remotty/internal/backup/backup.go:226.122,227.12 1 0
github.com/sametyilmaztemel/remotty/internal/backup/backup.go:230.3,231.17 2 1
github.com/sametyilmaztemel/remotty/internal/backup/backup.go:231.17,232.12 1 0
github.com/sametyilmaztemel/remotty/internal/backup/backup.go:235.3,240.5 1 1
github.com/sametyilmaztemel/remotty/internal/backup/backup.go:244.2,244.42 1 1
github.com/sametyilmaztemel/remotty/internal/backup/backup.go:244.42,246.3 1 1
github.com/sametyilmaztemel/remotty/internal/backup/backup.go:248.2,248.21 1 1
github.com/sametyilmaztemel/remotty/internal/backup/backup.go:253.78,255.16 2 1
github.com/sametyilmaztemel/remotty/internal/backup/backup.go:255.16,257.3 1 0
github.com/sametyilmaztemel/remotty/internal/backup/backup.go:259.2,259.18 1 1
github.com/sametyilmaztemel/remotty/internal/backup/backup.go:259.18,261.3 1 1
github.com/sametyilmaztemel/remotty/internal/backup/backup.go:262.2,262.17 1 1
github.com/sametyilmaztemel/remotty/internal/backup/backup.go:262.17,264.3 1 1
github.com/sametyilmaztemel/remotty/internal/backup/backup.go:266.2,269.28 3 1
github.com/sametyilmaztemel/remotty/internal/backup/backup.go:269.28,271.47 1 1
github.com/sametyilmaztemel/remotty/internal/backup/backup.go:271.47,272.44 1 1
github.com/sametyilmaztemel/remotty/internal/backup/backup.go:272.44,274.13 2 0
github.com/sametyilmaztemel/remotty/internal/backup/backup.go:276.4,276.13 1 1
github.com/sametyilmaztemel/remotty/internal/backup/backup.go:280.2,280.21 1 1
github.com/sametyilmaztemel/remotty/internal/backup/backup.go:284.76,286.16 2 1
github.com/sametyilmaztemel/remotty/internal/backup/backup.go:286.16,288.3 1 0
github.com/sametyilmaztemel/remotty/internal/backup/backup.go:290.2,291.16 2 1
github.com/sametyilmaztemel/remotty/internal/backup/backup.go:291.16,293.3 1 0
github.com/sametyilmaztemel/remotty/internal/backup/backup.go:294.2,297.47 3 1
github.com/sametyilmaztemel/remotty/internal/backup/backup.go:297.47,299.3 1 0
github.com/sametyilmaztemel/remotty/internal/backup/backup.go:301.2,302.16 2 1
github.com/sametyilmaztemel/remotty/internal/backup/backup.go:302.16,304.3 1 0
github.com/sametyilmaztemel/remotty/internal/backup/backup.go:305.2,308.12 3 1
github.com/sametyilmaztemel/remotty/internal/config/config.go:118.47,159.36 25 1
github.com/sametyilmaztemel/remotty/internal/config/config.go:159.36,161.3 1 1
github.com/sametyilmaztemel/remotty/internal/config/config.go:164.2,164.22 1 1
github.com/sametyilmaztemel/remotty/internal/config/config.go:164.22,166.3 1 1
github.com/sametyilmaztemel/remotty/internal/config/config.go:166.8,172.3 5 1
github.com/sametyilmaztemel/remotty/internal/config/config.go:175.2,175.41 1 1
github.com/sametyilmaztemel/remotty/internal/config/config.go:175.41,176.56 1 1
github.com/sametyilmaztemel/remotty/internal/config/config.go:176.56,178.4 1 0
github.com/sametyilmaztemel/remotty/internal/config/config.go:181.2,182.42 2 1
github.com/sametyilmaztemel/remotty/internal/config/config.go:182.42,184.3 1 0
github.com/sametyilmaztemel/remotty/internal/config/config.go:187.2,187.25 1 1
github.com/sametyilmaztemel/remotty/internal/config/config.go:187.25,189.3 1 1
github.com/sametyilmaztemel/remotty/internal/config/config.go:191.2,191.18 1 1
github.com/sametyilmaztemel/remotty/internal/config/config.go:195.38,197.2 1 1
github.com/sametyilmaztemel/remotty/internal/config/config.go:200.41,202.19 2 1
github.com/sametyilmaztemel/remotty/internal/config/config.go:202.19,204.3 1 1
github.com/sametyilmaztemel/remotty/internal/config/config.go:205.2,205.58 1 1
github.com/sametyilmaztemel/remotty/internal/config/config.go:209.52,210.34 1 1
github.com/sametyilmaztemel/remotty/internal/config/config.go:211.15,212.28 1 1
github.com/sametyilmaztemel/remotty/internal/config/config.go:213.14,214.27 1 1
github.com/sametyilmaztemel/remotty/internal/config/config.go:215.14,216.27 1 1
github.com/sametyilmaztemel/remotty/internal/config/config.go:217.15,218.28 1 1
github.com/sametyilmaztemel/remotty/internal/config/config.go:219.10,220.27 1 1
github.com/sametyilmaztemel/remotty/internal/config/config.go:224.30,226.16 2 1
github.com/sametyilmaztemel/remotty/internal/config/config.go:226.16,228.3 1 0
github.com/sametyilmaztemel/remotty/internal/config/config.go:229.2,229.40 1 1
github.com/sametyilmaztemel/remotty/internal/config/config.go:233.35,237.28 2 1
github.com/sametyilmaztemel/remotty/internal/config/config.go:237.28,239.40 1 0
github.com/sametyilmaztemel/remotty/internal/config/config.go:239.40,241.4 1 0
github.com/sametyilmaztemel/remotty/internal/config/config.go:245.2,245.48 1 1
github.com/sametyilmaztemel/remotty/internal/config/config.go:245.48,247.3 1 1
github.com/sametyilmaztemel/remotty/internal/config/config.go:248.2,248.45 1 1
github.com/sametyilmaztemel/remotty/internal/config/config.go:248.45,250.3 1 1
github.com/sametyilmaztemel/remotty/internal/config/config.go:251.2,251.28 1 1
github.com/sametyilmaztemel/remotty/internal/config/config.go:251.28,253.3 1 0
github.com/sametyilmaztemel/remotty/internal/config/config.go:254.2,254.26 1 1
github.com/sametyilmaztemel/remotty/internal/config/config.go:254.26,255.34 1 1
github.com/sametyilmaztemel/remotty/internal/config/config.go:255.34,257.4 1 1
github.com/sametyilmaztemel/remotty/internal/config/config.go:258.3,258.33 1 1
github.com/sametyilmaztemel/remotty/internal/config/config.go:258.33,260.4 1 1
github.com/sametyilmaztemel/remotty/internal/config/config.go:263.2,263.49 1 1
github.com/sametyilmaztemel/remotty/internal/config/config.go:263.49,264.103 1 0
github.com/sametyilmaztemel/remotty/internal/config/config.go:264.103,266.4 1 0
github.com/sametyilmaztemel/remotty/internal/config/config.go:270.2,270.63 1 1
github.com/sametyilmaztemel/remotty/internal/config/config.go:270.63,272.3 1 1
github.com/sametyilmaztemel/remotty/internal/config/config.go:273.2,273.28 1 1
github.com/sametyilmaztemel/remotty/internal/config/config.go:273.28,274.102 1 0
github.com/sametyilmaztemel/remotty/internal/config/config.go:274.102,276.4 1 0
github.com/sametyilmaztemel/remotty/internal/config/config.go:278.2,278.30 1 1
github.com/sametyilmaztemel/remotty/internal/config/config.go:278.30,280.3 1 1
github.com/sametyilmaztemel/remotty/internal/config/config.go:281.2,281.68 1 1
github.com/sametyilmaztemel/remotty/internal/config/config.go:281.68,283.3 1 0
github.com/sametyilmaztemel/remotty/internal/config/config.go:284.2,284.33 1 1
github.com/sametyilmaztemel/remotty/internal/config/config.go:284.33,286.3 1 0
github.com/sametyilmaztemel/remotty/internal/config/config.go:287.2,287.111 1 1
github.com/sametyilmaztemel/remotty/internal/config/config.go:287.111,289.3 1 0
github.com/sametyilmaztemel/remotty/internal/config/config.go:290.2,290.29 1 1
github.com/sametyilmaztemel/remotty/internal/config/config.go:290.29,292.3 1 0
github.com/sametyilmaztemel/remotty/internal/config/config.go:293.2,293.68 1 1
github.com/sametyilmaztemel/remotty/internal/config/config.go:293.68,295.3 1 0
github.com/sametyilmaztemel/remotty/internal/config/config.go:296.2,296.31 1 1
github.com/sametyilmaztemel/remotty/internal/config/config.go:296.31,298.3 1 0
github.com/sametyilmaztemel/remotty/internal/config/config.go:299.2,299.70 1 1
github.com/sametyilmaztemel/remotty/internal/config/config.go:299.70,301.3 1 0
github.com/sametyilmaztemel/remotty/internal/config/config.go:302.2,302.28 1 1
github.com/sametyilmaztemel/remotty/internal/config/config.go:302.28,304.3 1 0
github.com/sametyilmaztemel/remotty/internal/config/config.go:306.2,306.36 1 1
github.com/sametyilmaztemel/remotty/internal/config/config.go:306.36,309.36 3 0
github.com/sametyilmaztemel/remotty/internal/config/config.go:309.36,310.32 1 0
github.com/sametyilmaztemel/remotty/internal/config/config.go:310.32,313.10 3 0
github.com/sametyilmaztemel/remotty/internal/config/config.go:316.3,316.13 1 0
github.com/sametyilmaztemel/remotty/internal/config/config.go:316.13,318.4 1 0
github.com/sametyilmaztemel/remotty/internal/config/config.go:322.2,322.30 1 1
github.com/sametyilmaztemel/remotty/internal/config/config.go:322.30,323.106 1 0
github.com/sametyilmaztemel/remotty/internal/config/config.go:323.106,325.4 1 0
github.com/sametyilmaztemel/remotty/internal/config/config.go:329.2,329.29 1 1
github.com/sametyilmaztemel/remotty/internal/config/config.go:329.29,331.3 1 1
github.com/sametyilmaztemel/remotty/internal/config/config.go:332.2,332.33 1 1
github.com/sametyilmaztemel/remotty/internal/config/config.go:332.33,334.3 1 0
github.com/sametyilmaztemel/remotty/internal/config/config.go:335.2,335.44 1 1
github.com/sametyilmaztemel/remotty/internal/config/config.go:335.44,337.3 1 0
github.com/sametyilmaztemel/remotty/internal/config/config.go:339.2,339.40 1 1
github.com/sametyilmaztemel/remotty/internal/config/config.go:339.40,340.106 1 0
github.com/sametyilmaztemel/remotty/internal/config/config.go:340.106,342.4 1 0
github.com/sametyilmaztemel/remotty/internal/config/config.go:346.2,346.44 1 1
github.com/sametyilmaztemel/remotty/internal/config/config.go:346.44,348.3 1 1
github.com/sametyilmaztemel/remotty/internal/config/config.go:349.2,349.52 1 1
github.com/sametyilmaztemel/remotty/internal/config/config.go:349.52,351.3 1 0
github.com/sametyilmaztemel/remotty/internal/config/config.go:352.2,352.31 1 1
github.com/sametyilmaztemel/remotty/internal/config/config.go:352.31,354.3 1 0
github.com/sametyilmaztemel/remotty/internal/config/config.go:355.2,355.34 1 1
github.com/sametyilmaztemel/remotty/internal/config/config.go:355.34,357.3 1 0
github.com/sametyilmaztemel/remotty/internal/config/config.go:360.2,360.42 1 1
github.com/sametyilmaztemel/remotty/internal/config/config.go:361.74,361.74 0 1
github.com/sametyilmaztemel/remotty/internal/config/config.go:363.10,364.81 1 1
github.com/sametyilmaztemel/remotty/internal/config/config.go:366.2,366.43 1 1
github.com/sametyilmaztemel/remotty/internal/config/config.go:367.29,367.29 0 1
github.com/sametyilmaztemel/remotty/internal/config/config.go:369.10,370.106 1 0
github.com/sametyilmaztemel/remotty/internal/config/config.go:374.2,374.51 1 1
github.com/sametyilmaztemel/remotty/internal/config/config.go:374.51,376.3 1 1
github.com/sametyilmaztemel/remotty/internal/config/config.go:377.2,377.82 1 1
github.com/sametyilmaztemel/remotty/internal/config/config.go:377.82,379.3 1 1
github.com/sametyilmaztemel/remotty/internal/config/config.go:380.2,380.60 1 1
github.com/sametyilmaztemel/remotty/internal/config/config.go:380.60,382.3 1 0
github.com/sametyilmaztemel/remotty/internal/config/config.go:384.2,384.19 1 1
github.com/sametyilmaztemel/remotty/internal/config/config.go:384.19,386.3 1 1
github.com/sametyilmaztemel/remotty/internal/config/config.go:387.2,387.12 1 1
github.com/sametyilmaztemel/remotty/internal/logging/logger.go:22.73,29.42 5 1
github.com/sametyilmaztemel/remotty/internal/logging/logger.go:29.42,33.44 1 1
github.com/sametyilmaztemel/remotty/internal/logging/logger.go:33.44,34.17 1 0
github.com/sametyilmaztemel/remotty/internal/logging/logger.go:34.17,36.6 1 0
github.com/sametyilmaztemel/remotty/internal/logging/logger.go:37.5,37.36 1 0
github.com/sametyilmaztemel/remotty/internal/logging/logger.go:39.46,41.5 1 0
github.com/sametyilmaztemel/remotty/internal/logging/logger.go:44.3,44.37 1 1
github.com/sametyilmaztemel/remotty/internal/logging/logger.go:47.2,47.19 1 1
github.com/sametyilmaztemel/remotty/internal/logging/logger.go:47.19,49.17 2 1
github.com/sametyilmaztemel/remotty/internal/logging/logger.go:49.17,51.4 1 1
github.com/sametyilmaztemel/remotty/internal/logging/logger.go:52.3,52.31 1 1
github.com/sametyilmaztemel/remotty/internal/logging/logger.go:55.2,59.16 4 1
github.com/sametyilmaztemel/remotty/internal/logging/logger.go:59.16,61.3 1 0
github.com/sametyilmaztemel/remotty/internal/logging/logger.go:63.2,63.49 1 1
github.com/sametyilmaztemel/remotty/internal/logging/logger.go:83.59,85.19 2 1
github.com/sametyilmaztemel/remotty/internal/logging/logger.go:85.19,88.17 3 1
github.com/sametyilmaztemel/remotty/internal/logging/logger.go:88.17,90.4 1 0
github.com/sametyilmaztemel/remotty/internal/logging/logger.go:91.3,91.8 1 1
github.com/sametyilmaztemel/remotty/internal/logging/logger.go:93.2,93.32 1 1
github.com/sametyilmaztemel/remotty/internal/logging/logger.go:97.94,109.2 3 1
github.com/sametyilmaztemel/remotty/internal/host/clipboard.go:34.64,39.2 1 0
github.com/sametyilmaztemel/remotty/internal/host/clipboard.go:42.59,46.2 3 0
github.com/sametyilmaztemel/remotty/internal/host/clipboard.go:49.42,53.15 3 0
github.com/sametyilmaztemel/remotty/internal/host/clipboard.go:53.15,55.3 1 0
github.com/sametyilmaztemel/remotty/internal/host/clipboard.go:57.2,62.16 4 0
github.com/sametyilmaztemel/remotty/internal/host/clipboard.go:62.16,64.3 1 0
github.com/sametyilmaztemel/remotty/internal/host/clipboard.go:65.2,69.12 4 0
github.com/sametyilmaztemel/remotty/internal/host/clipboard.go:73.35,77.16 3 0
github.com/sametyilmaztemel/remotty/internal/host/clipboard.go:77.16,79.3 1 0
github.com/sametyilmaztemel/remotty/internal/host/clipboard.go:80.2,82.47 3 0
github.com/sametyilmaztemel/remotty/internal/host/clipboard.go:86.50,88.2 1 0
github.com/sametyilmaztemel/remotty/internal/host/clipboard.go:91.51,95.45 3 0
github.com/sametyilmaztemel/remotty/internal/host/clipboard.go:95.45,97.3 1 0
github.com/sametyilmaztemel/remotty/internal/host/clipboard.go:98.2,99.12 2 0
github.com/sametyilmaztemel/remotty/internal/host/clipboard.go:103.39,107.6 3 0
github.com/sametyilmaztemel/remotty/internal/host/clipboard.go:107.6,108.10 1 0
github.com/sametyilmaztemel/remotty/internal/host/clipboard.go:109.19,110.10 1 0
github.com/sametyilmaztemel/remotty/internal/host/clipboard.go:111.19,112.22 1 0
github.com/sametyilmaztemel/remotty/internal/host/clipboard.go:118.45,120.16 2 0
github.com/sametyilmaztemel/remotty/internal/host/clipboard.go:120.16,122.3 1 0
github.com/sametyilmaztemel/remotty/internal/host/clipboard.go:124.2,126.16 3 0
github.com/sametyilmaztemel/remotty/internal/host/clipboard.go:126.16,128.3 1 0
github.com/sametyilmaztemel/remotty/internal/host/clipboard.go:129.2,132.35 3 0
github.com/sametyilmaztemel/remotty/internal/host/clipboard.go:132.35,135.3 2 0
github.com/sametyilmaztemel/remotty/internal/host/clipboard.go:139.38,141.16 2 0
github.com/sametyilmaztemel/remotty/internal/host/clipboard.go:141.16,143.3 1 0
github.com/sametyilmaztemel/remotty/internal/host/clipboard.go:144.2,146.34 3 0
github.com/sametyilmaztemel/remotty/internal/host/clipboard.go:146.34,148.3 1 0
github.com/sametyilmaztemel/remotty/internal/host/clipboard.go:149.2,149.53 1 0
github.com/sametyilmaztemel/remotty/internal/host/clipboard.go:153.40,155.16 2 0
github.com/sametyilmaztemel/remotty/internal/host/clipboard.go:155.16,157.3 1 0
github.com/sametyilmaztemel/remotty/internal/host/clipboard.go:158.2,159.34 2 0
github.com/sametyilmaztemel/remotty/internal/host/clipboard.go:159.34,161.3 1 0
github.com/sametyilmaztemel/remotty/internal/host/clipboard.go:162.2,162.12 1 0
github.com/sametyilmaztemel/remotty/internal/host/clipboard.go:167.35,168.22 1 0
github.com/sametyilmaztemel/remotty/internal/host/clipboard.go:169.16,170.33 1 0
github.com/sametyilmaztemel/remotty/internal/host/clipboard.go:171.15,172.24 1 0
github.com/sametyilmaztemel/remotty/internal/host/clipboard.go:173.10,174.13 1 0
github.com/sametyilmaztemel/remotty/internal/host/clipboard.go:180.36,181.22 1 0
github.com/sametyilmaztemel/remotty/internal/host/clipboard.go:182.16,183.32 1 0
github.com/sametyilmaztemel/remotty/internal/host/clipboard.go:184.15,185.25 1 0
github.com/sametyilmaztemel/remotty/internal/host/clipboard.go:186.10,187.13 1 0
github.com/sametyilmaztemel/remotty/internal/host/clipboard.go:193.31,194.28 1 0
github.com/sametyilmaztemel/remotty/internal/host/clipboard.go:194.28,196.3 1 0
github.com/sametyilmaztemel/remotty/internal/host/clipboard.go:197.2,197.25 1 0
github.com/sametyilmaztemel/remotty/internal/host/clipboard.go:197.25,199.3 1 0
github.com/sametyilmaztemel/remotty/internal/host/clipboard.go:200.2,200.24 1 0
github.com/sametyilmaztemel/remotty/internal/host/clipboard.go:200.24,202.3 1 0
github.com/sametyilmaztemel/remotty/internal/host/clipboard.go:203.2,203.12 1 0
github.com/sametyilmaztemel/remotty/internal/host/clipboard.go:208.32,209.27 1 0
github.com/sametyilmaztemel/remotty/internal/host/clipboard.go:209.27,211.3 1 0
github.com/sametyilmaztemel/remotty/internal/host/clipboard.go:212.2,212.25 1 0
github.com/sametyilmaztemel/remotty/internal/host/clipboard.go:212.25,214.3 1 0
github.com/sametyilmaztemel/remotty/internal/host/clipboard.go:215.2,215.24 1 0
github.com/sametyilmaztemel/remotty/internal/host/clipboard.go:215.24,217.3 1 0
github.com/sametyilmaztemel/remotty/internal/host/clipboard.go:218.2,218.12 1 0
github.com/sametyilmaztemel/remotty/internal/host/clipboard.go:222.35,225.2 2 0
github.com/sametyilmaztemel/remotty/internal/host/clipboard.go:228.84,230.62 2 0
github.com/sametyilmaztemel/remotty/internal/host/clipboard.go:230.62,233.3 2 0
github.com/sametyilmaztemel/remotty/internal/host/clipboard.go:235.2,238.22 2 0
github.com/sametyilmaztemel/remotty/internal/host/clipboard.go:238.22,239.62 1 0
github.com/sametyilmaztemel/remotty/internal/host/clipboard.go:239.62,241.4 1 0
github.com/sametyilmaztemel/remotty/internal/host/clipboard.go:246.75,252.41 3 0
github.com/sametyilmaztemel/remotty/internal/host/clipboard.go:252.41,254.3 1 0
github.com/sametyilmaztemel/remotty/internal/host/daemon.go:65.76,67.54 1 1
github.com/sametyilmaztemel/remotty/internal/host/daemon.go:67.54,69.17 2 1
github.com/sametyilmaztemel/remotty/internal/host/daemon.go:69.17,71.4 1 0
github.com/sametyilmaztemel/remotty/internal/host/daemon.go:72.3,72.24 1 1
github.com/sametyilmaztemel/remotty/internal/host/daemon.go:76.2,76.54 1 1
github.com/sametyilmaztemel/remotty/internal/host/daemon.go:76.54,78.3 1 1
github.com/sametyilmaztemel/remotty/internal/host/daemon.go:79.2,79.73 1 1
github.com/sametyilmaztemel/remotty/internal/host/daemon.go:79.73,81.3 1 1
github.com/sametyilmaztemel/remotty/internal/host/daemon.go:83.2,83.20 1 1
github.com/sametyilmaztemel/remotty/internal/host/daemon.go:83.20,85.3 1 1
github.com/sametyilmaztemel/remotty/internal/host/daemon.go:86.2,86.25 1 1
github.com/sametyilmaztemel/remotty/internal/host/daemon.go:86.25,88.31 2 1
github.com/sametyilmaztemel/remotty/internal/host/daemon.go:88.31,90.4 1 0
github.com/sametyilmaztemel/remotty/internal/host/daemon.go:92.2,92.28 1 1
github.com/sametyilmaztemel/remotty/internal/host/daemon.go:92.28,94.3 1 1
github.com/sametyilmaztemel/remotty/internal/host/daemon.go:95.2,95.27 1 1
github.com/sametyilmaztemel/remotty/internal/host/daemon.go:95.27,97.3 1 1
github.com/sametyilmaztemel/remotty/internal/host/daemon.go:98.2,98.26 1 1
github.com/sametyilmaztemel/remotty/internal/host/daemon.go:98.26,100.3 1 1
github.com/sametyilmaztemel/remotty/internal/host/daemon.go:102.2,103.47 2 1
github.com/sametyilmaztemel/remotty/internal/host/daemon.go:103.47,105.3 1 1
github.com/sametyilmaztemel/remotty/internal/host/daemon.go:107.2,114.8 1 1
github.com/sametyilmaztemel/remotty/internal/host/daemon.go:118.49,126.26 5 0
github.com/sametyilmaztemel/remotty/internal/host/daemon.go:126.26,128.3 1 0
github.com/sametyilmaztemel/remotty/internal/host/daemon.go:130.2,130.6 1 0
github.com/sametyilmaztemel/remotty/internal/host/daemon.go:130.6,131.10 1 0
github.com/sametyilmaztemel/remotty/internal/host/daemon.go:132.21,133.14 1 0
github.com/sametyilmaztemel/remotty/internal/host/daemon.go:134.11,135.41 1 0
github.com/sametyilmaztemel/remotty/internal/host/daemon.go:135.41,140.12 2 0
github.com/sametyilmaztemel/remotty/internal/host/daemon.go:141.23,142.16 1 0
github.com/sametyilmaztemel/remotty/internal/host/daemon.go:143.32,146.30 2 0
github.com/sametyilmaztemel/remotty/internal/host/daemon.go:146.30,148.7 1 0
github.com/sametyilmaztemel/remotty/internal/host/daemon.go:150.10,153.5 1 0
github.com/sametyilmaztemel/remotty/internal/host/daemon.go:158.53,162.16 3 0
github.com/sametyilmaztemel/remotty/internal/host/daemon.go:162.16,164.3 1 0
github.com/sametyilmaztemel/remotty/internal/host/daemon.go:166.2,182.47 6 0
github.com/sametyilmaztemel/remotty/internal/host/daemon.go:182.47,184.3 1 0
github.com/sametyilmaztemel/remotty/internal/host/daemon.go:187.2,188.16 2 0
github.com/sametyilmaztemel/remotty/internal/host/daemon.go:188.16,190.3 1 0
github.com/sametyilmaztemel/remotty/internal/host/daemon.go:192.2,194.39 3 0
github.com/sametyilmaztemel/remotty/internal/host/daemon.go:194.39,201.32 5 0
github.com/sametyilmaztemel/remotty/internal/host/daemon.go:201.32,203.4 1 0
github.com/sametyilmaztemel/remotty/internal/host/daemon.go:207.2,212.30 4 0
github.com/sametyilmaztemel/remotty/internal/host/daemon.go:215.75,219.6 3 0
github.com/sametyilmaztemel/remotty/internal/host/daemon.go:219.6,220.10 1 0
github.com/sametyilmaztemel/remotty/internal/host/daemon.go:221.21,222.10 1 0
github.com/sametyilmaztemel/remotty/internal/host/daemon.go:223.19,224.90 1 0
github.com/sametyilmaztemel/remotty/internal/host/daemon.go:224.90,227.5 2 0
github.com/sametyilmaztemel/remotty/internal/host/daemon.go:232.76,233.6 1 0
github.com/sametyilmaztemel/remotty/internal/host/daemon.go:233.6,234.10 1 0
github.com/sametyilmaztemel/remotty/internal/host/daemon.go:235.21,236.14 1 0
github.com/sametyilmaztemel/remotty/internal/host/daemon.go:237.11,239.18 2 0
github.com/sametyilmaztemel/remotty/internal/host/daemon.go:239.18,241.5 1 0
github.com/sametyilmaztemel/remotty/internal/host/daemon.go:243.4,244.53 2 0
github.com/sametyilmaztemel/remotty/internal/host/daemon.go:244.53,246.13 2 0
github.com/sametyilmaztemel/remotty/internal/host/daemon.go:249.4,249.24 1 0
github.com/sametyilmaztemel/remotty/internal/host/daemon.go:254.54,255.18 1 0
github.com/sametyilmaztemel/remotty/internal/host/daemon.go:256.27,257.30 1 0
github.com/sametyilmaztemel/remotty/internal/host/daemon.go:258.28,259.30 1 0
github.com/sametyilmaztemel/remotty/internal/host/daemon.go:260.25,261.21 1 0
github.com/sametyilmaztemel/remotty/internal/host/daemon.go:265.61,279.66 7 0
github.com/sametyilmaztemel/remotty/internal/host/daemon.go:279.66,286.3 3 0
github.com/sametyilmaztemel/remotty/internal/host/daemon.go:289.2,289.30 1 0
github.com/sametyilmaztemel/remotty/internal/host/daemon.go:289.30,291.38 2 0
github.com/sametyilmaztemel/remotty/internal/host/daemon.go:291.38,292.43 1 0
github.com/sametyilmaztemel/remotty/internal/host/daemon.go:292.43,294.10 2 0
github.com/sametyilmaztemel/remotty/internal/host/daemon.go:297.3,297.15 1 0
github.com/sametyilmaztemel/remotty/internal/host/daemon.go:297.15,300.4 2 0
github.com/sametyilmaztemel/remotty/internal/host/daemon.go:304.2,304.65 1 0
github.com/sametyilmaztemel/remotty/internal/host/daemon.go:304.65,313.40 5 0
github.com/sametyilmaztemel/remotty/internal/host/daemon.go:313.40,318.5 1 0
github.com/sametyilmaztemel/remotty/internal/host/daemon.go:319.31,323.5 1 0
github.com/sametyilmaztemel/remotty/internal/host/daemon.go:324.30,329.5 2 0
github.com/sametyilmaztemel/remotty/internal/host/daemon.go:332.2,332.16 1 0
github.com/sametyilmaztemel/remotty/internal/host/daemon.go:332.16,335.3 2 0
github.com/sametyilmaztemel/remotty/internal/host/daemon.go:337.2,351.16 6 0
github.com/sametyilmaztemel/remotty/internal/host/daemon.go:351.16,354.3 2 0
github.com/sametyilmaztemel/remotty/internal/host/daemon.go:356.2,358.34 3 0
github.com/sametyilmaztemel/remotty/internal/host/daemon.go:361.81,362.52 1 0
github.com/sametyilmaztemel/remotty/internal/host/daemon.go:362.52,367.21 3 0
github.com/sametyilmaztemel/remotty/internal/host/daemon.go:367.21,369.4 1 0
github.com/sametyilmaztemel/remotty/internal/host/daemon.go:371.3,371.16 1 0
github.com/sametyilmaztemel/remotty/internal/host/daemon.go:372.15,373.36 1 0
github.com/sametyilmaztemel/remotty/internal/host/daemon.go:374.19,375.40 1 0
github.com/sametyilmaztemel/remotty/internal/host/daemon.go:376.17,377.38 1 0
github.com/sametyilmaztemel/remotty/internal/host/daemon.go:378.19,379.40 1 0
github.com/sametyilmaztemel/remotty/internal/host/daemon.go:380.15,381.36 1 0
github.com/sametyilmaztemel/remotty/internal/host/daemon.go:382.20,383.41 1 0
github.com/sametyilmaztemel/remotty/internal/host/daemon.go:388.78,389.33 1 0
github.com/sametyilmaztemel/remotty/internal/host/daemon.go:389.33,391.52 2 0
github.com/sametyilmaztemel/remotty/internal/host/daemon.go:391.52,393.4 1 0
github.com/sametyilmaztemel/remotty/internal/host/daemon.go:395.3,395.35 1 0
github.com/sametyilmaztemel/remotty/internal/host/daemon.go:395.35,402.13 4 0
github.com/sametyilmaztemel/remotty/internal/host/daemon.go:402.13,406.5 3 0
github.com/sametyilmaztemel/remotty/internal/host/daemon.go:406.10,409.5 2 0
github.com/sametyilmaztemel/remotty/internal/host/daemon.go:414.82,415.21 1 0
github.com/sametyilmaztemel/remotty/internal/host/daemon.go:415.21,418.3 2 0
github.com/sametyilmaztemel/remotty/internal/host/daemon.go:421.2,422.16 2 0
github.com/sametyilmaztemel/remotty/internal/host/daemon.go:422.16,426.3 3 0
github.com/sametyilmaztemel/remotty/internal/host/daemon.go:427.2,430.12 2 0
github.com/sametyilmaztemel/remotty/internal/host/daemon.go:430.12,432.7 2 0
github.com/sametyilmaztemel/remotty/internal/host/daemon.go:432.7,434.18 2 0
github.com/sametyilmaztemel/remotty/internal/host/daemon.go:434.18,435.10 1 0
github.com/sametyilmaztemel/remotty/internal/host/daemon.go:437.4,437.13 1 0
github.com/sametyilmaztemel/remotty/internal/host/daemon.go:437.13,439.5 1 0
github.com/sametyilmaztemel/remotty/internal/host/daemon.go:444.2,444.33 1 0
github.com/sametyilmaztemel/remotty/internal/host/daemon.go:444.33,445.22 1 0
github.com/sametyilmaztemel/remotty/internal/host/daemon.go:445.22,447.4 1 0
github.com/sametyilmaztemel/remotty/internal/host/daemon.go:449.3,450.52 2 0
github.com/sametyilmaztemel/remotty/internal/host/daemon.go:450.52,454.4 2 0
github.com/sametyilmaztemel/remotty/internal/host/daemon.go:456.3,456.19 1 0
github.com/sametyilmaztemel/remotty/internal/host/daemon.go:457.26,460.30 3 0
github.com/sametyilmaztemel/remotty/internal/host/daemon.go:461.27,464.42 3 0
github.com/sametyilmaztemel/remotty/internal/host/daemon.go:469.80,470.21 1 0
github.com/sametyilmaztemel/remotty/internal/host/daemon.go:470.21,473.3 2 0
github.com/sametyilmaztemel/remotty/internal/host/daemon.go:475.2,475.33 1 0
github.com/sametyilmaztemel/remotty/internal/host/daemon.go:475.33,477.52 2 0
github.com/sametyilmaztemel/remotty/internal/host/daemon.go:477.52,479.4 1 0
github.com/sametyilmaztemel/remotty/internal/host/daemon.go:481.3,481.19 1 0
github.com/sametyilmaztemel/remotty/internal/host/daemon.go:482.32,484.37 1 0
github.com/sametyilmaztemel/remotty/internal/host/daemon.go:484.37,487.5 2 0
github.com/sametyilmaztemel/remotty/internal/host/daemon.go:489.4,490.26 2 0
github.com/sametyilmaztemel/remotty/internal/host/daemon.go:490.26,492.5 1 0
github.com/sametyilmaztemel/remotty/internal/host/daemon.go:494.4,495.19 2 0
github.com/sametyilmaztemel/remotty/internal/host/daemon.go:495.19,497.5 1 0
github.com/sametyilmaztemel/remotty/internal/host/daemon.go:498.4,498.23 1 0
github.com/sametyilmaztemel/remotty/internal/host/daemon.go:498.23,500.5 1 0
github.com/sametyilmaztemel/remotty/internal/host/daemon.go:501.4,501.28 1 0
github.com/sametyilmaztemel/remotty/internal/host/daemon.go:501.28,504.5 2 0
github.com/sametyilmaztemel/remotty/internal/host/daemon.go:506.4,508.127 3 0
github.com/sametyilmaztemel/remotty/internal/host/daemon.go:508.127,510.43 1 0
github.com/sametyilmaztemel/remotty/internal/host/daemon.go:510.43,512.6 1 0
github.com/sametyilmaztemel/remotty/internal/host/daemon.go:515.5,522.49 4 0
github.com/sametyilmaztemel/remotty/internal/host/daemon.go:522.49,525.6 2 0
github.com/sametyilmaztemel/remotty/internal/host/daemon.go:526.5,526.16 1 0
github.com/sametyilmaztemel/remotty/internal/host/daemon.go:528.4,528.18 1 0
github.com/sametyilmaztemel/remotty/internal/host/daemon.go:528.18,532.5 3 0
github.com/sametyilmaztemel/remotty/internal/host/daemon.go:534.4,535.48 2 0
github.com/sametyilmaztemel/remotty/internal/host/daemon.go:535.48,540.5 4 0
github.com/sametyilmaztemel/remotty/internal/host/daemon.go:542.4,542.46 1 0
github.com/sametyilmaztemel/remotty/internal/host/daemon.go:544.31,545.37 1 0
github.com/sametyilmaztemel/remotty/internal/host/daemon.go:545.37,549.5 3 0
github.com/sametyilmaztemel/remotty/internal/host/daemon.go:551.30,553.64 2 0
github.com/sametyilmaztemel/remotty/internal/host/daemon.go:553.64,555.5 1 0
github.com/sametyilmaztemel/remotty/internal/host/daemon.go:556.4,556.65 1 0
github.com/sametyilmaztemel/remotty/internal/host/daemon.go:556.65,558.5 1 0
github.com/sametyilmaztemel/remotty/internal/host/daemon.go:560.31,562.64 2 0
github.com/sametyilmaztemel/remotty/internal/host/daemon.go:562.64,564.5 1 0
github.com/sametyilmaztemel/remotty/internal/host/daemon.go:565.4,565.20 1 0
github.com/sametyilmaztemel/remotty/internal/host/daemon.go:565.20,566.88 1 0
github.com/sametyilmaztemel/remotty/internal/host/daemon.go:566.88,568.6 1 0
github.com/sametyilmaztemel/remotty/internal/host/daemon.go:569.10,570.86 1 0
github.com/sametyilmaztemel/remotty/internal/host/daemon.go:570.86,572.6 1 0
github.com/sametyilmaztemel/remotty/internal/host/daemon.go:575.32,577.64 2 0
github.com/sametyilmaztemel/remotty/internal/host/daemon.go:577.64,579.5 1 0
github.com/sametyilmaztemel/remotty/internal/host/daemon.go:580.4,580.77 1 0
github.com/sametyilmaztemel/remotty/internal/host/daemon.go:580.77,582.5 1 0
github.com/sametyilmaztemel/remotty/internal/host/daemon.go:584.29,586.64 2 0
github.com/sametyilmaztemel/remotty/internal/host/daemon.go:586.64,588.5 1 0
github.com/sametyilmaztemel/remotty/internal/host/daemon.go:589.4,589.27 1 0
github.com/sametyilmaztemel/remotty/internal/host/daemon.go:589.27,591.38 1 0
github.com/sametyilmaztemel/remotty/internal/host/daemon.go:591.38,593.22 2 0
github.com/sametyilmaztemel/remotty/internal/host/daemon.go:593.22,594.54 1 0
github.com/sametyilmaztemel/remotty/internal/host/daemon.go:594.54,596.8 1 0
github.com/sametyilmaztemel/remotty/internal/host/daemon.go:599.10,599.35 1 0
github.com/sametyilmaztemel/remotty/internal/host/daemon.go:599.35,600.60 1 0
github.com/sametyilmaztemel/remotty/internal/host/daemon.go:600.60,602.6 1 0
github.com/sametyilmaztemel/remotty/internal/host/daemon.go:605.31,607.64 2 0
github.com/sametyilmaztemel/remotty/internal/host/daemon.go:607.64,609.5 1 0
github.com/sametyilmaztemel/remotty/internal/host/daemon.go:610.4,610.61 1 0
github.com/sametyilmaztemel/remotty/internal/host/daemon.go:610.61,612.5 1 0
github.com/sametyilmaztemel/remotty/internal/host/daemon.go:617.82,618.21 1 0
github.com/sametyilmaztemel/remotty/internal/host/daemon.go:618.21,621.3 2 0
github.com/sametyilmaztemel/remotty/internal/host/daemon.go:623.2,623.33 1 0
github.com/sametyilmaztemel/remotty/internal/host/daemon.go:623.33,625.52 2 0
github.com/sametyilmaztemel/remotty/internal/host/daemon.go:625.52,627.4 1 0
github.com/sametyilmaztemel/remotty/internal/host/daemon.go:629.3,629.19 1 0
github.com/sametyilmaztemel/remotty/internal/host/daemon.go:630.32,632.60 2 0
github.com/sametyilmaztemel/remotty/internal/host/daemon.go:632.60,634.5 1 0
github.com/sametyilmaztemel/remotty/internal/host/daemon.go:637.4,638.18 2 0
github.com/sametyilmaztemel/remotty/internal/host/daemon.go:638.18,647.5 3 0
github.com/sametyilmaztemel/remotty/internal/host/daemon.go:649.4,658.7 2 0
github.com/sametyilmaztemel/remotty/internal/host/daemon.go:660.30,662.62 2 0
github.com/sametyilmaztemel/remotty/internal/host/daemon.go:662.62,664.5 1 0
github.com/sametyilmaztemel/remotty/internal/host/daemon.go:666.4,667.16 2 0
github.com/sametyilmaztemel/remotty/internal/host/daemon.go:667.16,670.5 2 0
github.com/sametyilmaztemel/remotty/internal/host/daemon.go:672.4,672.80 1 0
github.com/sametyilmaztemel/remotty/internal/host/daemon.go:672.80,684.5 3 0
github.com/sametyilmaztemel/remotty/internal/host/daemon.go:687.4,692.8 1 0
github.com/sametyilmaztemel/remotty/internal/host/daemon.go:694.33,696.65 2 0
github.com/sametyilmaztemel/remotty/internal/host/daemon.go:696.65,698.5 1 0
github.com/sametyilmaztemel/remotty/internal/host/daemon.go:700.4,701.16 2 0
github.com/sametyilmaztemel/remotty/internal/host/daemon.go:701.16,703.5 1 0
github.com/sametyilmaztemel/remotty/internal/host/daemon.go:704.4,709.35 2 0
github.com/sametyilmaztemel/remotty/internal/host/daemon.go:711.31,715.70 2 0
github.com/sametyilmaztemel/remotty/internal/host/daemon.go:715.70,717.5 1 0
github.com/sametyilmaztemel/remotty/internal/host/daemon.go:718.4,719.16 2 0
github.com/sametyilmaztemel/remotty/internal/host/daemon.go:719.16,722.5 2 0
github.com/sametyilmaztemel/remotty/internal/host/daemon.go:724.30,726.67 2 0
github.com/sametyilmaztemel/remotty/internal/host/daemon.go:726.67,728.5 1 0
github.com/sametyilmaztemel/remotty/internal/host/daemon.go:729.4,730.16 2 0
github.com/sametyilmaztemel/remotty/internal/host/daemon.go:730.16,732.5 1 0
github.com/sametyilmaztemel/remotty/internal/host/daemon.go:733.4,737.43 1 0
github.com/sametyilmaztemel/remotty/internal/host/daemon.go:742.78,743.21 1 0
github.com/sametyilmaztemel/remotty/internal/host/daemon.go:743.21,746.3 2 0
github.com/sametyilmaztemel/remotty/internal/host/daemon.go:748.2,750.33 2 0
github.com/sametyilmaztemel/remotty/internal/host/daemon.go:750.33,752.52 2 0
github.com/sametyilmaztemel/remotty/internal/host/daemon.go:752.52,755.4 2 0
github.com/sametyilmaztemel/remotty/internal/host/daemon.go:757.3,757.19 1 0
github.com/sametyilmaztemel/remotty/internal/host/daemon.go:758.32,760.60 2 0
github.com/sametyilmaztemel/remotty/internal/host/daemon.go:760.60,763.5 2 0
github.com/sametyilmaztemel/remotty/internal/host/daemon.go:766.4,767.18 2 0
github.com/sametyilmaztemel/remotty/internal/host/daemon.go:767.18,776.5 3 0
github.com/sametyilmaztemel/remotty/internal/host/daemon.go:778.4,787.7 2 0
github.com/sametyilmaztemel/remotty/internal/host/daemon.go:789.30,791.62 2 0
github.com/sametyilmaztemel/remotty/internal/host/daemon.go:791.62,794.5 2 0
github.com/sametyilmaztemel/remotty/internal/host/daemon.go:798.4,798.27 1 0
github.com/sametyilmaztemel/remotty/internal/host/daemon.go:798.27,801.39 2 0
github.com/sametyilmaztemel/remotty/internal/host/daemon.go:801.39,803.6 1 0
github.com/sametyilmaztemel/remotty/internal/host/daemon.go:806.4,807.16 2 0
github.com/sametyilmaztemel/remotty/internal/host/daemon.go:807.16,816.5 3 0
github.com/sametyilmaztemel/remotty/internal/host/daemon.go:818.4,818.80 1 0
github.com/sametyilmaztemel/remotty/internal/host/daemon.go:818.80,830.5 3 0
github.com/sametyilmaztemel/remotty/internal/host/daemon.go:833.4,838.8 1 0
github.com/sametyilmaztemel/remotty/internal/host/daemon.go:840.33,842.65 2 0
github.com/sametyilmaztemel/remotty/internal/host/daemon.go:842.65,845.5 2 0
github.com/sametyilmaztemel/remotty/internal/host/daemon.go:847.4,848.16 2 0
github.com/sametyilmaztemel/remotty/internal/host/daemon.go:848.16,851.5 2 0
github.com/sametyilmaztemel/remotty/internal/host/daemon.go:852.4,858.35 2 0
github.com/sametyilmaztemel/remotty/internal/host/daemon.go:860.31,864.70 2 0
github.com/sametyilmaztemel/remotty/internal/host/daemon.go:864.70,867.5 2 0
github.com/sametyilmaztemel/remotty/internal/host/daemon.go:868.4,869.16 2 0
github.com/sametyilmaztemel/remotty/internal/host/daemon.go:869.16,874.5 2 0
github.com/sametyilmaztemel/remotty/internal/host/daemon.go:876.30,878.67 2 0
github.com/sametyilmaztemel/remotty/internal/host/daemon.go:878.67,881.5 2 0
github.com/sametyilmaztemel/remotty/internal/host/daemon.go:882.4,883.16 2 0
github.com/sametyilmaztemel/remotty/internal/host/daemon.go:883.16,885.5 1 0
github.com/sametyilmaztemel/remotty/internal/host/daemon.go:886.4,890.41 1 0
github.com/sametyilmaztemel/remotty/internal/host/daemon.go:895.83,897.22 1 0
github.com/sametyilmaztemel/remotty/internal/host/daemon.go:897.22,899.3 1 0
github.com/sametyilmaztemel/remotty/internal/host/daemon.go:902.2,902.42 1 0
github.com/sametyilmaztemel/remotty/internal/host/daemon.go:902.42,905.3 2 0
github.com/sametyilmaztemel/remotty/internal/host/daemon.go:908.2,908.39 1 0
github.com/sametyilmaztemel/remotty/internal/host/daemon.go:908.39,910.3 1 0
github.com/sametyilmaztemel/remotty/internal/host/daemon.go:913.2,913.66 1 0
github.com/sametyilmaztemel/remotty/internal/host/daemon.go:913.66,915.3 1 0
github.com/sametyilmaztemel/remotty/internal/host/daemon.go:918.2,918.33 1 0
github.com/sametyilmaztemel/remotty/internal/host/daemon.go:918.33,920.52 2 0
github.com/sametyilmaztemel/remotty/internal/host/daemon.go:920.52,922.4 1 0
github.com/sametyilmaztemel/remotty/internal/host/daemon.go:924.3,924.19 1 0
github.com/sametyilmaztemel/remotty/internal/host/daemon.go:925.34,926.34 1 0
github.com/sametyilmaztemel/remotty/internal/host/daemon.go:927.37,929.68 1 0
github.com/sametyilmaztemel/remotty/internal/host/daemon.go:929.68,931.5 1 0
github.com/sametyilmaztemel/remotty/internal/host/daemon.go:935.2,935.51 1 0
github.com/sametyilmaztemel/remotty/internal/host/daemon.go:938.61,945.35 4 0
github.com/sametyilmaztemel/remotty/internal/host/daemon.go:945.35,946.38 1 0
github.com/sametyilmaztemel/remotty/internal/host/daemon.go:946.38,947.26 1 0
github.com/sametyilmaztemel/remotty/internal/host/daemon.go:947.26,949.5 1 0
github.com/sametyilmaztemel/remotty/internal/host/daemon.go:950.4,950.36 1 0
github.com/sametyilmaztemel/remotty/internal/host/daemon.go:953.2,955.69 2 0
github.com/sametyilmaztemel/remotty/internal/host/daemon.go:959.48,963.9 4 0
github.com/sametyilmaztemel/remotty/internal/host/daemon.go:963.9,965.3 1 0
github.com/sametyilmaztemel/remotty/internal/host/daemon.go:966.2,966.38 1 0
github.com/sametyilmaztemel/remotty/internal/host/daemon.go:970.69,971.25 1 0
github.com/sametyilmaztemel/remotty/internal/host/daemon.go:971.25,973.3 1 0
github.com/sametyilmaztemel/remotty/internal/host/daemon.go:974.2,974.32 1 0
github.com/sametyilmaztemel/remotty/internal/host/daemon.go:974.32,976.3 1 0
github.com/sametyilmaztemel/remotty/internal/host/daemon.go:977.2,977.24 1 0
github.com/sametyilmaztemel/remotty/internal/host/daemon.go:977.24,979.3 1 0
github.com/sametyilmaztemel/remotty/internal/host/daemon.go:980.2,981.60 2 0
github.com/sametyilmaztemel/remotty/internal/host/daemon.go:984.52,988.2 3 0
github.com/sametyilmaztemel/remotty/internal/host/daemon.go:990.53,994.2 3 0
github.com/sametyilmaztemel/remotty/internal/host/daemon.go:997.69,998.25 1 0
github.com/sametyilmaztemel/remotty/internal/host/daemon.go:998.25,1003.3 1 0
github.com/sametyilmaztemel/remotty/internal/host/daemon.go:1023.34,1024.27 1 0
github.com/sametyilmaztemel/remotty/internal/host/daemon.go:1024.27,1034.17 5 0
github.com/sametyilmaztemel/remotty/internal/host/daemon.go:1034.17,1037.4 2 0
github.com/sametyilmaztemel/remotty/internal/host/daemon.go:1039.3,1039.13 1 0
github.com/sametyilmaztemel/remotty/internal/host/daemon.go:1039.13,1041.84 2 0
github.com/sametyilmaztemel/remotty/internal/host/daemon.go:1041.84,1043.5 1 0
github.com/sametyilmaztemel/remotty/internal/host/daemon.go:1048.76,1053.34 4 0
github.com/sametyilmaztemel/remotty/internal/host/daemon.go:1053.34,1062.3 2 0
github.com/sametyilmaztemel/remotty/internal/host/daemon.go:1063.2,1066.33 3 0
github.com/sametyilmaztemel/remotty/internal/host/daemon.go:1069.28,1073.22 2 0
github.com/sametyilmaztemel/remotty/internal/host/daemon.go:1073.22,1075.3 1 0
github.com/sametyilmaztemel/remotty/internal/host/daemon.go:1078.2,1078.23 1 0
github.com/sametyilmaztemel/remotty/internal/host/daemon.go:1078.23,1081.50 3 0
github.com/sametyilmaztemel/remotty/internal/host/daemon.go:1081.50,1083.4 1 0
github.com/sametyilmaztemel/remotty/internal/host/daemon.go:1086.2,1089.35 3 0
github.com/sametyilmaztemel/remotty/internal/host/daemon.go:1089.35,1091.3 1 0
github.com/sametyilmaztemel/remotty/internal/host/daemon.go:1093.2,1093.25 1 0
github.com/sametyilmaztemel/remotty/internal/host/daemon.go:1093.25,1095.3 1 0
github.com/sametyilmaztemel/remotty/internal/mux/mux.go:28.36,33.2 1 1
github.com/sametyilmaztemel/remotty/internal/mux/mux.go:36.70,40.34 3 1
github.com/sametyilmaztemel/remotty/internal/mux/mux.go:40.34,42.3 1 1
github.com/sametyilmaztemel/remotty/internal/mux/mux.go:44.2,46.16 3 1
github.com/sametyilmaztemel/remotty/internal/mux/mux.go:50.64,55.9 4 1
github.com/sametyilmaztemel/remotty/internal/mux/mux.go:55.9,57.3 1 1
github.com/sametyilmaztemel/remotty/internal/mux/mux.go:59.2,59.9 1 1
github.com/sametyilmaztemel/remotty/internal/mux/mux.go:60.18,60.18 0 1
github.com/sametyilmaztemel/remotty/internal/mux/mux.go:61.10,61.10 0 1
github.com/sametyilmaztemel/remotty/internal/mux/mux.go:64.2,64.12 1 1
github.com/sametyilmaztemel/remotty/internal/mux/mux.go:68.43,72.2 3 1
github.com/sametyilmaztemel/remotty/internal/auth/password.go:14.52,16.16 2 1
github.com/sametyilmaztemel/remotty/internal/auth/password.go:16.16,18.3 1 0
github.com/sametyilmaztemel/remotty/internal/auth/password.go:19.2,19.27 1 1
github.com/sametyilmaztemel/remotty/internal/auth/password.go:23.48,26.2 2 1
github.com/sametyilmaztemel/remotty/internal/auth/password.go:29.58,31.43 2 1
github.com/sametyilmaztemel/remotty/internal/auth/password.go:31.43,33.3 1 0
github.com/sametyilmaztemel/remotty/internal/auth/password.go:35.2,37.59 2 1
github.com/sametyilmaztemel/remotty/internal/auth/password.go:41.48,43.40 2 1
github.com/sametyilmaztemel/remotty/internal/auth/password.go:43.40,45.3 1 0
github.com/sametyilmaztemel/remotty/internal/auth/password.go:46.2,46.35 1 1
github.com/sametyilmaztemel/remotty/internal/auth/password.go:50.65,51.25 1 1
github.com/sametyilmaztemel/remotty/internal/auth/password.go:51.25,53.3 1 1
github.com/sametyilmaztemel/remotty/internal/auth/password.go:54.2,54.31 1 1
github.com/sametyilmaztemel/remotty/internal/auth/password.go:54.31,55.34 1 1
github.com/sametyilmaztemel/remotty/internal/auth/password.go:55.34,57.4 1 1
github.com/sametyilmaztemel/remotty/internal/auth/password.go:59.2,59.14 1 1
github.com/sametyilmaztemel/remotty/internal/protocol/message.go:91.61,97.2 2 1
github.com/sametyilmaztemel/remotty/internal/qr/qr.go:22.37,25.2 2 1
github.com/sametyilmaztemel/remotty/internal/qr/qr.go:29.60,34.16 3 1
github.com/sametyilmaztemel/remotty/internal/qr/qr.go:34.16,36.3 1 0
github.com/sametyilmaztemel/remotty/internal/qr/qr.go:38.2,39.24 2 1
github.com/sametyilmaztemel/remotty/internal/qr/qr.go:43.65,46.16 3 1
github.com/sametyilmaztemel/remotty/internal/qr/qr.go:46.16,48.3 1 0
github.com/sametyilmaztemel/remotty/internal/qr/qr.go:49.2,50.24 2 1
github.com/sametyilmaztemel/remotty/internal/qr/qr.go:54.49,55.51 1 1
github.com/sametyilmaztemel/remotty/internal/qr/qr.go:55.51,57.3 1 1
github.com/sametyilmaztemel/remotty/internal/qr/qr.go:58.2,60.60 3 1
github.com/sametyilmaztemel/remotty/internal/qr/qr.go:60.60,62.3 1 1
github.com/sametyilmaztemel/remotty/internal/qr/qr.go:63.2,63.16 1 1
github.com/sametyilmaztemel/remotty/internal/pty/pty.go:36.28,40.2 1 1
github.com/sametyilmaztemel/remotty/internal/pty/pty.go:43.62,45.17 2 1
github.com/sametyilmaztemel/remotty/internal/pty/pty.go:45.17,47.3 1 0
github.com/sametyilmaztemel/remotty/internal/pty/pty.go:49.2,60.16 4 1
github.com/sametyilmaztemel/remotty/internal/pty/pty.go:60.16,62.3 1 0
github.com/sametyilmaztemel/remotty/internal/pty/pty.go:64.2,81.12 7 1
github.com/sametyilmaztemel/remotty/internal/pty/pty.go:81.12,82.36 1 1
github.com/sametyilmaztemel/remotty/internal/pty/pty.go:82.36,84.4 1 1
github.com/sametyilmaztemel/remotty/internal/pty/pty.go:85.3,88.16 4 1
github.com/sametyilmaztemel/remotty/internal/pty/pty.go:91.2,92.15 2 1
github.com/sametyilmaztemel/remotty/internal/pty/pty.go:96.49,98.2 1 1
github.com/sametyilmaztemel/remotty/internal/pty/pty.go:101.84,106.2 4 1
github.com/sametyilmaztemel/remotty/internal/pty/pty.go:109.51,113.2 3 1
github.com/sametyilmaztemel/remotty/internal/pty/pty.go:116.51,122.2 5 1
github.com/sametyilmaztemel/remotty/internal/pty/pty.go:125.33,128.2 2 1
github.com/sametyilmaztemel/remotty/internal/pty/pty.go:131.42,133.2 1 1
github.com/sametyilmaztemel/remotty/internal/pty/pty.go:136.34,137.9 1 1
github.com/sametyilmaztemel/remotty/internal/pty/pty.go:138.16,139.15 1 1
github.com/sametyilmaztemel/remotty/internal/pty/pty.go:140.10,141.14 1 1
github.com/sametyilmaztemel/remotty/internal/pty/recorder.go:31.64,33.47 2 1
github.com/sametyilmaztemel/remotty/internal/pty/recorder.go:33.47,35.3 1 0
github.com/sametyilmaztemel/remotty/internal/pty/recorder.go:37.2,38.16 2 1
github.com/sametyilmaztemel/remotty/internal/pty/recorder.go:38.16,40.3 1 0
github.com/sametyilmaztemel/remotty/internal/pty/recorder.go:42.2,46.8 1 1
github.com/sametyilmaztemel/remotty/internal/pty/recorder.go:50.56,51.16 1 1
github.com/sametyilmaztemel/remotty/internal/pty/recorder.go:51.16,53.3 1 1
github.com/sametyilmaztemel/remotty/internal/pty/recorder.go:54.2,60.4 3 1
github.com/sametyilmaztemel/remotty/internal/pty/recorder.go:64.52,65.16 1 1
github.com/sametyilmaztemel/remotty/internal/pty/recorder.go:65.16,67.3 1 0
github.com/sametyilmaztemel/remotty/internal/pty/recorder.go:68.2,75.4 3 1
github.com/sametyilmaztemel/remotty/internal/pty/recorder.go:79.34,85.46 6 1
github.com/sametyilmaztemel/remotty/internal/pty/recorder.go:85.46,87.3 1 0
github.com/sametyilmaztemel/remotty/internal/pty/recorder.go:88.2,88.23 1 1
github.com/sametyilmaztemel/remotty/internal/transfer/transfer.go:58.42,63.2 1 1
github.com/sametyilmaztemel/remotty/internal/transfer/transfer.go:66.50,68.2 1 1
github.com/sametyilmaztemel/remotty/internal/transfer/transfer.go:71.64,73.16 2 1
github.com/sametyilmaztemel/remotty/internal/transfer/transfer.go:73.16,75.3 1 1
github.com/sametyilmaztemel/remotty/internal/transfer/transfer.go:77.2,93.15 5 1
github.com/sametyilmaztemel/remotty/internal/transfer/transfer.go:97.87,99.47 2 1
github.com/sametyilmaztemel/remotty/internal/transfer/transfer.go:99.47,101.3 1 0
github.com/sametyilmaztemel/remotty/internal/transfer/transfer.go:103.2,120.15 5 1
github.com/sametyilmaztemel/remotty/internal/transfer/transfer.go:124.78,128.31 3 1
github.com/sametyilmaztemel/remotty/internal/transfer/transfer.go:128.31,130.3 1 1
github.com/sametyilmaztemel/remotty/internal/transfer/transfer.go:133.2,133.20 1 1
github.com/sametyilmaztemel/remotty/internal/transfer/transfer.go:133.20,135.43 2 1
github.com/sametyilmaztemel/remotty/internal/transfer/transfer.go:135.43,137.4 1 1
github.com/sametyilmaztemel/remotty/internal/transfer/transfer.go:141.2,142.16 2 1
github.com/sametyilmaztemel/remotty/internal/transfer/transfer.go:142.16,144.3 1 0
github.com/sametyilmaztemel/remotty/internal/transfer/transfer.go:145.2,148.56 3 1
github.com/sametyilmaztemel/remotty/internal/transfer/transfer.go:148.56,150.3 1 0
github.com/sametyilmaztemel/remotty/internal/transfer/transfer.go:151.2,151.41 1 1
github.com/sametyilmaztemel/remotty/internal/transfer/transfer.go:151.41,153.3 1 0
github.com/sametyilmaztemel/remotty/internal/transfer/transfer.go:155.2,158.12 3 1
github.com/sametyilmaztemel/remotty/internal/transfer/transfer.go:162.65,166.34 3 1
github.com/sametyilmaztemel/remotty/internal/transfer/transfer.go:166.34,168.3 1 1
github.com/sametyilmaztemel/remotty/internal/transfer/transfer.go:170.2,171.16 2 1
github.com/sametyilmaztemel/remotty/internal/transfer/transfer.go:171.16,173.3 1 1
github.com/sametyilmaztemel/remotty/internal/transfer/transfer.go:174.2,181.33 6 1
github.com/sametyilmaztemel/remotty/internal/transfer/transfer.go:181.33,183.3 1 0
github.com/sametyilmaztemel/remotty/internal/transfer/transfer.go:184.2,189.28 4 1
github.com/sametyilmaztemel/remotty/internal/transfer/transfer.go:193.31,198.2 4 1
github.com/sametyilmaztemel/remotty/internal/transfer/transfer.go:201.29,205.2 3 1
github.com/sametyilmaztemel/remotty/internal/transfer/transfer.go:208.39,211.24 3 1
github.com/sametyilmaztemel/remotty/internal/transfer/transfer.go:211.24,213.3 1 1
github.com/sametyilmaztemel/remotty/internal/transfer/transfer.go:214.2,214.59 1 1
github.com/sametyilmaztemel/remotty/internal/transfer/transfer.go:217.44,221.2 3 1
github.com/sametyilmaztemel/remotty/internal/signal/ratelimit.go:24.53,36.2 3 1
github.com/sametyilmaztemel/remotty/internal/signal/ratelimit.go:40.46,47.9 5 1
github.com/sametyilmaztemel/remotty/internal/signal/ratelimit.go:47.9,53.3 2 1
github.com/sametyilmaztemel/remotty/internal/signal/ratelimit.go:56.2,61.34 5 1
github.com/sametyilmaztemel/remotty/internal/signal/ratelimit.go:61.34,63.3 1 0
github.com/sametyilmaztemel/remotty/internal/signal/ratelimit.go:65.2,65.18 1 1
github.com/sametyilmaztemel/remotty/internal/signal/ratelimit.go:65.18,67.3 1 1
github.com/sametyilmaztemel/remotty/internal/signal/ratelimit.go:69.2,70.13 2 1
github.com/sametyilmaztemel/remotty/internal/signal/ratelimit.go:73.38,77.21 3 1
github.com/sametyilmaztemel/remotty/internal/signal/ratelimit.go:77.21,80.33 3 0
github.com/sametyilmaztemel/remotty/internal/signal/ratelimit.go:80.33,81.33 1 0
github.com/sametyilmaztemel/remotty/internal/signal/ratelimit.go:81.33,83.5 1 0
github.com/sametyilmaztemel/remotty/internal/signal/ratelimit.go:85.3,85.17 1 0
github.com/sametyilmaztemel/remotty/internal/signal/ratelimit.go:90.42,92.16 2 1
github.com/sametyilmaztemel/remotty/internal/signal/ratelimit.go:92.16,94.3 1 1
github.com/sametyilmaztemel/remotty/internal/signal/ratelimit.go:95.2,95.13 1 1
github.com/sametyilmaztemel/remotty/internal/signal/server.go:34.48,34.63 1 1
github.com/sametyilmaztemel/remotty/internal/signal/server.go:91.70,103.23 3 1
github.com/sametyilmaztemel/remotty/internal/signal/server.go:103.23,105.3 1 1
github.com/sametyilmaztemel/remotty/internal/signal/server.go:107.2,107.10 1 1
github.com/sametyilmaztemel/remotty/internal/signal/server.go:111.51,121.24 7 0
github.com/sametyilmaztemel/remotty/internal/signal/server.go:121.24,122.69 1 0
github.com/sametyilmaztemel/remotty/internal/signal/server.go:122.69,126.4 3 0
github.com/sametyilmaztemel/remotty/internal/signal/server.go:126.9,128.4 1 0
github.com/sametyilmaztemel/remotty/internal/signal/server.go:131.2,138.71 2 0
github.com/sametyilmaztemel/remotty/internal/signal/server.go:138.71,138.85 1 0
github.com/sametyilmaztemel/remotty/internal/signal/server.go:142.2,143.16 2 0
github.com/sametyilmaztemel/remotty/internal/signal/server.go:143.16,145.3 1 0
github.com/sametyilmaztemel/remotty/internal/signal/server.go:147.2,154.12 2 0
github.com/sametyilmaztemel/remotty/internal/signal/server.go:154.12,155.24 1 0
github.com/sametyilmaztemel/remotty/internal/signal/server.go:155.24,157.4 1 0
github.com/sametyilmaztemel/remotty/internal/signal/server.go:157.9,159.4 1 0
github.com/sametyilmaztemel/remotty/internal/signal/server.go:160.3,160.48 1 0
github.com/sametyilmaztemel/remotty/internal/signal/server.go:160.48,162.4 1 0
github.com/sametyilmaztemel/remotty/internal/signal/server.go:166.2,167.21 2 0
github.com/sametyilmaztemel/remotty/internal/signal/server.go:171.35,173.25 2 1
github.com/sametyilmaztemel/remotty/internal/signal/server.go:173.25,177.3 3 0
github.com/sametyilmaztemel/remotty/internal/signal/server.go:178.2,178.12 1 1
github.com/sametyilmaztemel/remotty/internal/signal/server.go:182.74,183.25 1 1
github.com/sametyilmaztemel/remotty/internal/signal/server.go:183.25,186.3 2 0
github.com/sametyilmaztemel/remotty/internal/signal/server.go:189.2,189.27 1 1
github.com/sametyilmaztemel/remotty/internal/signal/server.go:189.27,191.18 2 1
github.com/sametyilmaztemel/remotty/internal/signal/server.go:191.18,194.42 2 1
github.com/sametyilmaztemel/remotty/internal/signal/server.go:194.42,196.5 1 1
github.com/sametyilmaztemel/remotty/internal/signal/server.go:198.3,198.31 1 1
github.com/sametyilmaztemel/remotty/internal/signal/server.go:198.31,204.4 4 1
github.com/sametyilmaztemel/remotty/internal/signal/server.go:207.2,208.16 2 1
github.com/sametyilmaztemel/remotty/internal/signal/server.go:208.16,211.3 2 0
github.com/sametyilmaztemel/remotty/internal/signal/server.go:213.2,235.18 10 1
github.com/sametyilmaztemel/remotty/internal/signal/server.go:239.39,243.6 2 1
github.com/sametyilmaztemel/remotty/internal/signal/server.go:243.6,245.17 2 1
github.com/sametyilmaztemel/remotty/internal/signal/server.go:245.17,246.61 1 1
github.com/sametyilmaztemel/remotty/internal/signal/server.go:246.61,248.5 1 0
github.com/sametyilmaztemel/remotty/internal/signal/server.go:248.10,248.108 1 1
github.com/sametyilmaztemel/remotty/internal/signal/server.go:248.108,250.5 1 1
github.com/sametyilmaztemel/remotty/internal/signal/server.go:251.4,251.10 1 1
github.com/sametyilmaztemel/remotty/internal/signal/server.go:255.3,257.33 2 1
github.com/sametyilmaztemel/remotty/internal/signal/server.go:257.33,260.12 3 1
github.com/sametyilmaztemel/remotty/internal/signal/server.go:263.3,264.52 2 1
github.com/sametyilmaztemel/remotty/internal/signal/server.go:264.52,267.12 3 1
github.com/sametyilmaztemel/remotty/internal/signal/server.go:270.3,270.28 1 1
github.com/sametyilmaztemel/remotty/internal/signal/server.go:275.65,278.18 2 1
github.com/sametyilmaztemel/remotty/internal/signal/server.go:279.28,280.30 1 1
github.com/sametyilmaztemel/remotty/internal/signal/server.go:281.29,282.26 1 1
github.com/sametyilmaztemel/remotty/internal/signal/server.go:283.26,284.28 1 0
github.com/sametyilmaztemel/remotty/internal/signal/server.go:285.29,286.26 1 1
github.com/sametyilmaztemel/remotty/internal/signal/server.go:287.27,288.29 1 1
github.com/sametyilmaztemel/remotty/internal/signal/server.go:289.71,290.27 1 1
github.com/sametyilmaztemel/remotty/internal/signal/server.go:291.24,292.66 1 1
github.com/sametyilmaztemel/remotty/internal/signal/server.go:293.10,294.76 1 0
github.com/sametyilmaztemel/remotty/internal/signal/server.go:298.67,299.27 1 1
github.com/sametyilmaztemel/remotty/internal/signal/server.go:299.27,302.3 2 1
github.com/sametyilmaztemel/remotty/internal/signal/server.go:304.2,305.58 2 1
github.com/sametyilmaztemel/remotty/internal/signal/server.go:305.58,308.3 2 0
github.com/sametyilmaztemel/remotty/internal/signal/server.go:311.2,312.20 2 1
github.com/sametyilmaztemel/remotty/internal/signal/server.go:312.20,315.3 2 1
github.com/sametyilmaztemel/remotty/internal/signal/server.go:316.2,316.36 1 1
github.com/sametyilmaztemel/remotty/internal/signal/server.go:316.36,319.3 2 1
github.com/sametyilmaztemel/remotty/internal/signal/server.go:320.2,320.42 1 1
github.com/sametyilmaztemel/remotty/internal/signal/server.go:320.42,323.3 2 1
github.com/sametyilmaztemel/remotty/internal/signal/server.go:325.2,353.5 9 1
github.com/sametyilmaztemel/remotty/internal/signal/server.go:356.46,360.2 3 1
github.com/sametyilmaztemel/remotty/internal/signal/server.go:362.65,364.61 2 1
github.com/sametyilmaztemel/remotty/internal/signal/server.go:364.61,366.3 1 1
github.com/sametyilmaztemel/remotty/internal/signal/server.go:367.2,368.28 2 1
github.com/sametyilmaztemel/remotty/internal/signal/server.go:368.28,370.3 1 1
github.com/sametyilmaztemel/remotty/internal/signal/server.go:371.2,371.18 1 1
github.com/sametyilmaztemel/remotty/internal/signal/server.go:374.46,375.21 1 1
github.com/sametyilmaztemel/remotty/internal/signal/server.go:375.21,377.3 1 1
github.com/sametyilmaztemel/remotty/internal/signal/server.go:378.2,382.32 4 1
github.com/sametyilmaztemel/remotty/internal/signal/server.go:382.32,383.57 1 1
github.com/sametyilmaztemel/remotty/internal/signal/server.go:383.57,385.4 1 1
github.com/sametyilmaztemel/remotty/internal/signal/server.go:387.2,391.5 2 1
github.com/sametyilmaztemel/remotty/internal/signal/server.go:394.66,396.58 2 1
github.com/sametyilmaztemel/remotty/internal/signal/server.go:396.58,399.3 2 0
github.com/sametyilmaztemel/remotty/internal/signal/server.go:401.2,401.21 1 1
github.com/sametyilmaztemel/remotty/internal/signal/server.go:401.21,403.3 1 1
github.com/sametyilmaztemel/remotty/internal/signal/server.go:406.2,408.9 3 1
github.com/sametyilmaztemel/remotty/internal/signal/server.go:408.9,410.49 1 1
github.com/sametyilmaztemel/remotty/internal/signal/server.go:410.49,412.4 1 1
github.com/sametyilmaztemel/remotty/internal/signal/server.go:414.2,416.51 2 1
github.com/sametyilmaztemel/remotty/internal/signal/server.go:416.51,419.3 2 1
github.com/sametyilmaztemel/remotty/internal/signal/server.go:422.2,459.5 14 1
github.com/sametyilmaztemel/remotty/internal/signal/server.go:462.66,467.24 4 1
github.com/sametyilmaztemel/remotty/internal/signal/server.go:467.24,470.3 2 1
github.com/sametyilmaztemel/remotty/internal/signal/server.go:472.2,473.31 2 1
github.com/sametyilmaztemel/remotty/internal/signal/server.go:473.31,475.3 1 1
github.com/sametyilmaztemel/remotty/internal/signal/server.go:475.8,477.3 1 1
github.com/sametyilmaztemel/remotty/internal/signal/server.go:479.2,479.19 1 1
github.com/sametyilmaztemel/remotty/internal/signal/server.go:479.19,481.3 1 0
github.com/sametyilmaztemel/remotty/internal/signal/server.go:483.2,484.28 2 1
github.com/sametyilmaztemel/remotty/internal/signal/server.go:487.42,491.57 2 1
github.com/sametyilmaztemel/remotty/internal/signal/server.go:491.57,493.30 2 1
github.com/sametyilmaztemel/remotty/internal/signal/server.go:493.30,495.4 1 1
github.com/sametyilmaztemel/remotty/internal/signal/server.go:495.9,497.4 1 1
github.com/sametyilmaztemel/remotty/internal/signal/server.go:498.3,498.19 1 1
github.com/sametyilmaztemel/remotty/internal/signal/server.go:498.19,505.4 3 1
github.com/sametyilmaztemel/remotty/internal/signal/server.go:506.3,507.22 2 1
github.com/sametyilmaztemel/remotty/internal/signal/server.go:511.2,511.35 1 1
github.com/sametyilmaztemel/remotty/internal/signal/server.go:511.35,512.22 1 1
github.com/sametyilmaztemel/remotty/internal/signal/server.go:512.22,514.9 2 1
github.com/sametyilmaztemel/remotty/internal/signal/server.go:518.2,526.23 6 1
github.com/sametyilmaztemel/remotty/internal/signal/server.go:526.23,529.3 1 1
github.com/sametyilmaztemel/remotty/internal/signal/server.go:531.2,534.27 1 1
github.com/sametyilmaztemel/remotty/internal/signal/server.go:539.71,554.2 7 1
github.com/sametyilmaztemel/remotty/internal/signal/server.go:558.77,559.32 1 1
github.com/sametyilmaztemel/remotty/internal/signal/server.go:559.32,562.3 2 1
github.com/sametyilmaztemel/remotty/internal/signal/server.go:563.2,566.32 4 1
github.com/sametyilmaztemel/remotty/internal/signal/server.go:566.32,568.3 1 0
github.com/sametyilmaztemel/remotty/internal/signal/server.go:569.2,570.34 2 1
github.com/sametyilmaztemel/remotty/internal/signal/server.go:573.70,584.2 5 1
github.com/sametyilmaztemel/remotty/internal/signal/server.go:588.64,591.49 3 1
github.com/sametyilmaztemel/remotty/internal/signal/server.go:591.49,593.3 1 0
github.com/sametyilmaztemel/remotty/internal/signal/server.go:596.69,598.14 2 1
github.com/sametyilmaztemel/remotty/internal/signal/server.go:599.22,600.37 1 0
github.com/sametyilmaztemel/remotty/internal/signal/server.go:601.23,602.37 1 1
github.com/sametyilmaztemel/remotty/internal/signal/server.go:603.44,604.39 1 1
github.com/sametyilmaztemel/remotty/internal/signal/server.go:605.27,606.40 1 1
github.com/sametyilmaztemel/remotty/internal/signal/server.go:607.24,608.37 1 1
github.com/sametyilmaztemel/remotty/internal/signal/server.go:609.17,610.37 1 1
github.com/sametyilmaztemel/remotty/internal/signal/server.go:611.10,612.33 1 0
github.com/sametyilmaztemel/remotty/internal/signal/server.go:614.2,617.5 1 1
github.com/sametyilmaztemel/remotty/internal/signal/server.go:621.45,628.2 6 1
github.com/sametyilmaztemel/remotty/internal/signal/server.go:631.105,632.71 1 1
github.com/sametyilmaztemel/remotty/internal/signal/server.go:632.71,635.68 2 1
github.com/sametyilmaztemel/remotty/internal/signal/server.go:635.68,638.4 2 1
github.com/sametyilmaztemel/remotty/internal/signal/server.go:641.3,641.30 1 1
github.com/sametyilmaztemel/remotty/internal/signal/server.go:641.30,643.4 1 1
github.com/sametyilmaztemel/remotty/internal/signal/server.go:643.9,643.17 1 1
github.com/sametyilmaztemel/remotty/internal/signal/server.go:643.17,645.4 1 1
github.com/sametyilmaztemel/remotty/internal/signal/server.go:646.3,649.37 3 1
github.com/sametyilmaztemel/remotty/internal/signal/server.go:649.37,652.4 2 1
github.com/sametyilmaztemel/remotty/internal/signal/server.go:655.3,655.16 1 1
github.com/sametyilmaztemel/remotty/internal/signal/server.go:655.16,657.21 2 1
github.com/sametyilmaztemel/remotty/internal/signal/server.go:657.21,661.5 3 1
github.com/sametyilmaztemel/remotty/internal/signal/server.go:665.3,672.23 3 1
github.com/sametyilmaztemel/remotty/internal/signal/server.go:677.70,678.30 1 1
github.com/sametyilmaztemel/remotty/internal/signal/server.go:678.30,680.3 1 1
github.com/sametyilmaztemel/remotty/internal/signal/server.go:681.2,681.28 1 1
github.com/sametyilmaztemel/remotty/internal/signal/server.go:681.28,682.30 1 1
github.com/sametyilmaztemel/remotty/internal/signal/server.go:682.30,684.4 1 1
github.com/sametyilmaztemel/remotty/internal/signal/server.go:686.2,686.14 1 1
github.com/sametyilmaztemel/remotty/internal/screen/capture_stub.go:13.57,16.2 1 1
github.com/sametyilmaztemel/remotty/internal/screen/capture_stub.go:19.36,22.2 1 0
github.com/sametyilmaztemel/remotty/internal/screen/capture_stub.go:25.38,25.50 1 0
github.com/sametyilmaztemel/remotty/internal/screen/capture_stub.go:28.39,28.51 1 0
github.com/sametyilmaztemel/remotty/internal/screen/capture_stub.go:31.26,31.38 1 0
github.com/sametyilmaztemel/remotty/internal/screen/capture_stub.go:34.44,34.58 1 0
github.com/sametyilmaztemel/remotty/internal/screen/capturer.go:40.49,41.18 1 0
github.com/sametyilmaztemel/remotty/internal/screen/capturer.go:41.18,43.3 1 0
github.com/sametyilmaztemel/remotty/internal/screen/capturer.go:44.2,44.22 1 0
github.com/sametyilmaztemel/remotty/internal/screen/capturer.go:44.22,46.3 1 0
github.com/sametyilmaztemel/remotty/internal/screen/capturer.go:47.2,47.27 1 0
github.com/sametyilmaztemel/remotty/internal/screen/capturer.go:47.27,49.3 1 0
github.com/sametyilmaztemel/remotty/internal/screen/capturer.go:51.2,57.15 2 0
github.com/sametyilmaztemel/remotty/internal/screen/capturer.go:61.34,62.15 1 0
github.com/sametyilmaztemel/remotty/internal/screen/capturer.go:62.15,64.3 1 0
github.com/sametyilmaztemel/remotty/internal/screen/capturer.go:65.2,67.12 2 0
github.com/sametyilmaztemel/remotty/internal/screen/capturer.go:67.12,70.16 3 0
[...]
github.com/sametyilmaztemel/remotty/internal/screen/stream.go:31.41,42.2 1 1
github.com/sametyilmaztemel/remotty/internal/screen/stream.go:67.79,68.21 1 1
github.com/sametyilmaztemel/remotty/internal/screen/stream.go:68.21,70.3 1 1
github.com/sametyilmaztemel/remotty/internal/screen/stream.go:71.2,71.18 1 1
github.com/sametyilmaztemel/remotty/internal/screen/stream.go:71.18,73.3 1 1
github.com/sametyilmaztemel/remotty/internal/screen/stream.go:74.2,74.22 1 1
github.com/sametyilmaztemel/remotty/internal/screen/stream.go:74.22,76.3 1 0
github.com/sametyilmaztemel/remotty/internal/screen/stream.go:77.2,77.25 1 1
github.com/sametyilmaztemel/remotty/internal/screen/stream.go:77.25,79.3 1 0
github.com/sametyilmaztemel/remotty/internal/screen/stream.go:80.2,80.25 1 1
github.com/sametyilmaztemel/remotty/internal/screen/stream.go:80.25,82.3 1 0
github.com/sametyilmaztemel/remotty/internal/screen/stream.go:83.2,83.37 1 1
github.com/sametyilmaztemel/remotty/internal/screen/stream.go:83.37,85.3 1 1
github.com/sametyilmaztemel/remotty/internal/screen/stream.go:86.2,86.34 1 1
github.com/sametyilmaztemel/remotty/internal/screen/stream.go:86.34,88.3 1 1
github.com/sametyilmaztemel/remotty/internal/screen/stream.go:89.2,89.34 1 1
github.com/sametyilmaztemel/remotty/internal/screen/stream.go:89.34,91.3 1 1
github.com/sametyilmaztemel/remotty/internal/screen/stream.go:93.2,100.15 2 1
github.com/sametyilmaztemel/remotty/internal/screen/stream.go:105.34,107.15 2 0
github.com/sametyilmaztemel/remotty/internal/screen/stream.go:107.15,110.3 2 0
github.com/sametyilmaztemel/remotty/internal/screen/stream.go:111.2,128.6 10 0
github.com/sametyilmaztemel/remotty/internal/screen/stream.go:128.6,129.10 1 0
github.com/sametyilmaztemel/remotty/internal/screen/stream.go:130.19,132.14 2 0
github.com/sametyilmaztemel/remotty/internal/screen/stream.go:133.19,135.20 2 0
github.com/sametyilmaztemel/remotty/internal/screen/stream.go:135.20,138.5 2 0
github.com/sametyilmaztemel/remotty/internal/screen/stream.go:145.39,147.15 2 1
github.com/sametyilmaztemel/remotty/internal/screen/stream.go:147.15,150.3 2 0
github.com/sametyilmaztemel/remotty/internal/screen/stream.go:151.2,157.12 6 1
github.com/sametyilmaztemel/remotty/internal/screen/stream.go:157.12,169.7 5 1
github.com/sametyilmaztemel/remotty/internal/screen/stream.go:169.7,170.11 1 1
github.com/sametyilmaztemel/remotty/internal/screen/stream.go:171.20,173.11 2 1
github.com/sametyilmaztemel/remotty/internal/screen/stream.go:174.20,176.21 2 1
github.com/sametyilmaztemel/remotty/internal/screen/stream.go:176.21,182.6 5 0
github.com/sametyilmaztemel/remotty/internal/screen/stream.go:187.2,187.12 1 1
github.com/sametyilmaztemel/remotty/internal/screen/stream.go:191.27,195.15 3 1
github.com/sametyilmaztemel/remotty/internal/screen/stream.go:195.15,198.3 2 1
github.com/sametyilmaztemel/remotty/internal/screen/stream.go:202.37,206.2 3 1
github.com/sametyilmaztemel/remotty/internal/screen/stream.go:209.40,215.26 5 1
github.com/sametyilmaztemel/remotty/internal/screen/stream.go:215.26,217.3 1 1
github.com/sametyilmaztemel/remotty/internal/screen/stream.go:219.2,220.27 2 1
github.com/sametyilmaztemel/remotty/internal/screen/stream.go:220.27,222.3 1 1
github.com/sametyilmaztemel/remotty/internal/screen/stream.go:224.2,232.3 1 1
github.com/sametyilmaztemel/remotty/internal/screen/stream.go:237.51,241.17 3 1
github.com/sametyilmaztemel/remotty/internal/screen/stream.go:241.17,243.3 1 1
github.com/sametyilmaztemel/remotty/internal/screen/stream.go:244.2,244.21 1 1
github.com/sametyilmaztemel/remotty/internal/screen/stream.go:244.21,246.3 1 1
github.com/sametyilmaztemel/remotty/internal/screen/stream.go:247.2,247.24 1 1
github.com/sametyilmaztemel/remotty/internal/screen/stream.go:247.24,249.3 1 1
github.com/sametyilmaztemel/remotty/internal/screen/stream.go:250.2,250.24 1 1
github.com/sametyilmaztemel/remotty/internal/screen/stream.go:250.24,252.3 1 1
github.com/sametyilmaztemel/remotty/internal/screen/stream.go:253.2,256.45 4 1
github.com/sametyilmaztemel/remotty/internal/screen/stream.go:261.42,266.16 3 1
github.com/sametyilmaztemel/remotty/internal/screen/stream.go:266.16,272.3 5 1
github.com/sametyilmaztemel/remotty/internal/screen/stream.go:275.2,275.47 1 0
github.com/sametyilmaztemel/remotty/internal/screen/stream.go:275.47,277.3 1 0
github.com/sametyilmaztemel/remotty/internal/screen/stream.go:280.2,281.27 2 0
github.com/sametyilmaztemel/remotty/internal/screen/stream.go:281.27,285.3 3 0
github.com/sametyilmaztemel/remotty/internal/screen/stream.go:288.2,289.16 2 0
github.com/sametyilmaztemel/remotty/internal/screen/stream.go:289.16,295.3 5 0
github.com/sametyilmaztemel/remotty/internal/screen/stream.go:297.2,312.28 12 0
github.com/sametyilmaztemel/remotty/internal/screen/stream.go:312.28,314.3 1 0
github.com/sametyilmaztemel/remotty/internal/screen/stream.go:315.2,318.74 2 0
github.com/sametyilmaztemel/remotty/internal/screen/stream.go:324.49,325.54 1 1
github.com/sametyilmaztemel/remotty/internal/screen/stream.go:325.54,327.3 1 1
github.com/sametyilmaztemel/remotty/internal/screen/stream.go:330.2,331.33 2 0
github.com/sametyilmaztemel/remotty/internal/screen/stream.go:331.33,333.3 1 0
github.com/sametyilmaztemel/remotty/internal/screen/stream.go:334.2,344.9 5 0
github.com/sametyilmaztemel/remotty/internal/screen/stream.go:345.20,347.22 1 0
github.com/sametyilmaztemel/remotty/internal/screen/stream.go:348.56,350.22 1 0
github.com/sametyilmaztemel/remotty/internal/screen/stream.go:351.56,353.22 1 0
github.com/sametyilmaztemel/remotty/internal/screen/stream.go:357.2,357.39 1 0
github.com/sametyilmaztemel/remotty/internal/screen/stream.go:357.39,359.3 1 0
github.com/sametyilmaztemel/remotty/internal/screen/stream.go:360.2,360.39 1 0
github.com/sametyilmaztemel/remotty/internal/screen/stream.go:360.39,362.3 1 0
github.com/sametyilmaztemel/remotty/internal/screen/stream.go:364.2,365.23 2 0
github.com/sametyilmaztemel/remotty/internal/screen/stream.go:370.59,379.64 6 0
github.com/sametyilmaztemel/remotty/internal/screen/stream.go:379.64,381.3 1 0
github.com/sametyilmaztemel/remotty/internal/screen/stream.go:384.2,384.15 1 0
github.com/sametyilmaztemel/remotty/internal/screen/stream.go:384.15,386.3 1 0
github.com/sametyilmaztemel/remotty/internal/screen/stream.go:387.2,387.15 1 0
github.com/sametyilmaztemel/remotty/internal/screen/stream.go:387.15,389.3 1 0
github.com/sametyilmaztemel/remotty/internal/screen/stream.go:392.2,393.17 2 0
github.com/sametyilmaztemel/remotty/internal/screen/stream.go:393.17,396.3 2 0
github.com/sametyilmaztemel/remotty/internal/screen/stream.go:397.2,397.17 1 0
github.com/sametyilmaztemel/remotty/internal/screen/stream.go:397.17,400.3 2 0
github.com/sametyilmaztemel/remotty/internal/screen/stream.go:402.2,402.15 1 0
github.com/sametyilmaztemel/remotty/internal/screen/stream.go:402.15,404.3 1 0
github.com/sametyilmaztemel/remotty/internal/screen/stream.go:405.2,405.15 1 0
github.com/sametyilmaztemel/remotty/internal/screen/stream.go:405.15,407.3 1 0
github.com/sametyilmaztemel/remotty/internal/screen/stream.go:410.2,410.34 1 0
github.com/sametyilmaztemel/remotty/internal/screen/stream.go:410.34,412.3 1 0
github.com/sametyilmaztemel/remotty/internal/screen/stream.go:414.2,414.39 1 0
github.com/sametyilmaztemel/remotty/internal/screen/stream.go:418.65,426.31 5 0
github.com/sametyilmaztemel/remotty/internal/screen/stream.go:426.31,427.32 1 0
github.com/sametyilmaztemel/remotty/internal/screen/stream.go:427.32,438.18 7 0
github.com/sametyilmaztemel/remotty/internal/screen/stream.go:438.18,440.5 1 0
github.com/sametyilmaztemel/remotty/internal/screen/stream.go:441.4,441.18 1 0
github.com/sametyilmaztemel/remotty/internal/screen/stream.go:441.18,443.5 1 0
github.com/sametyilmaztemel/remotty/internal/screen/stream.go:446.4,470.6 11 0
github.com/sametyilmaztemel/remotty/internal/screen/stream.go:474.2,474.12 1 0
github.com/sametyilmaztemel/remotty/internal/screen/stream.go:477.36,479.2 1 0
github.com/sametyilmaztemel/remotty/internal/screen/stream.go:481.31,482.12 1 0
github.com/sametyilmaztemel/remotty/internal/screen/stream.go:482.12,484.3 1 0
github.com/sametyilmaztemel/remotty/internal/screen/stream.go:485.2,485.12 1 0
github.com/sametyilmaztemel/remotty/internal/screen/stream.go:485.12,487.3 1 0
github.com/sametyilmaztemel/remotty/internal/screen/stream.go:488.2,488.10 1 0
github.com/sametyilmaztemel/remotty/tui/main.go:58.27,66.2 1 1
github.com/sametyilmaztemel/remotty/tui/main.go:68.31,73.2 1 1
github.com/sametyilmaztemel/remotty/tui/main.go:75.57,76.27 1 1
github.com/sametyilmaztemel/remotty/tui/main.go:77.18,78.23 1 1
github.com/sametyilmaztemel/remotty/tui/main.go:79.22,80.22 1 1
github.com/sametyilmaztemel/remotty/tui/main.go:81.18,82.20 1 1
github.com/sametyilmaztemel/remotty/tui/main.go:82.20,84.5 1 1
github.com/sametyilmaztemel/remotty/tui/main.go:85.20,86.33 1 1
github.com/sametyilmaztemel/remotty/tui/main.go:86.33,88.5 1 1
github.com/sametyilmaztemel/remotty/tui/main.go:89.16,90.24 1 1
github.com/sametyilmaztemel/remotty/tui/main.go:90.24,94.5 3 1
github.com/sametyilmaztemel/remotty/tui/main.go:95.12,97.36 2 1
github.com/sametyilmaztemel/remotty/tui/main.go:100.16,103.115 3 1
github.com/sametyilmaztemel/remotty/tui/main.go:105.17,106.25 1 1
github.com/sametyilmaztemel/remotty/tui/main.go:108.16,109.51 1 1
github.com/sametyilmaztemel/remotty/tui/main.go:112.2,112.15 1 1
github.com/sametyilmaztemel/remotty/tui/main.go:115.30,118.23 2 1
github.com/sametyilmaztemel/remotty/tui/main.go:118.23,121.3 2 1
github.com/sametyilmaztemel/remotty/tui/main.go:123.2,125.31 2 1
github.com/sametyilmaztemel/remotty/tui/main.go:125.31,128.20 3 1
github.com/sametyilmaztemel/remotty/tui/main.go:128.20,131.4 2 1
github.com/sametyilmaztemel/remotty/tui/main.go:132.3,132.42 1 1
github.com/sametyilmaztemel/remotty/tui/main.go:135.2,136.27 2 1
github.com/sametyilmaztemel/remotty/tui/main.go:144.42,145.24 1 1
github.com/sametyilmaztemel/remotty/tui/main.go:145.24,149.17 2 0
github.com/sametyilmaztemel/remotty/tui/main.go:149.17,151.4 1 0
github.com/sametyilmaztemel/remotty/tui/main.go:153.3,154.17 2 0
github.com/sametyilmaztemel/remotty/tui/main.go:154.17,156.4 1 0
github.com/sametyilmaztemel/remotty/tui/main.go:158.3,159.27 2 0
github.com/sametyilmaztemel/remotty/tui/main.go:159.27,162.4 1 0
github.com/sametyilmaztemel/remotty/tui/main.go:163.3,163.25 1 0
github.com/sametyilmaztemel/remotty/tui/main.go:167.56,168.24 1 1
github.com/sametyilmaztemel/remotty/tui/main.go:168.24,171.18 2 0
github.com/sametyilmaztemel/remotty/tui/main.go:171.18,173.4 1 0
github.com/sametyilmaztemel/remotty/tui/main.go:175.3,181.17 3 0
github.com/sametyilmaztemel/remotty/tui/main.go:181.17,183.4 1 0
github.com/sametyilmaztemel/remotty/tui/main.go:186.3,186.51 1 0
github.com/sametyilmaztemel/remotty/tui/main.go:186.51,188.4 1 0
github.com/sametyilmaztemel/remotty/tui/main.go:189.3,189.35 1 0
github.com/sametyilmaztemel/remotty/tui/main.go:193.49,195.22 2 1
github.com/sametyilmaztemel/remotty/tui/main.go:195.22,196.12 1 1
github.com/sametyilmaztemel/remotty/tui/main.go:196.12,198.4 1 1
github.com/sametyilmaztemel/remotty/tui/main.go:199.3,199.14 1 1
github.com/sametyilmaztemel/remotty/tui/main.go:201.2,201.15 1 1
github.com/sametyilmaztemel/remotty/tui/main.go:204.37,205.22 1 1
github.com/sametyilmaztemel/remotty/tui/main.go:205.22,206.15 1 1
github.com/sametyilmaztemel/remotty/tui/main.go:206.15,208.4 1 1
github.com/sametyilmaztemel/remotty/tui/main.go:210.2,210.10 1 1
github.com/sametyilmaztemel/remotty/tui/main.go:213.13,215.35 2 0
github.com/sametyilmaztemel/remotty/tui/main.go:215.35,218.3 2 0
github.com/sametyilmaztemel/remotty/internal/webrtc/engine.go:51.47,57.2 1 1
github.com/sametyilmaztemel/remotty/internal/webrtc/engine.go:90.61,92.16 2 1
github.com/sametyilmaztemel/remotty/internal/webrtc/engine.go:92.16,94.3 1 0
github.com/sametyilmaztemel/remotty/internal/webrtc/engine.go:95.2,95.22 1 1
github.com/sametyilmaztemel/remotty/internal/webrtc/engine.go:99.48,103.2 3 1
github.com/sametyilmaztemel/remotty/internal/webrtc/engine.go:107.51,109.61 2 1
github.com/sametyilmaztemel/remotty/internal/webrtc/engine.go:109.61,110.16 1 0
github.com/sametyilmaztemel/remotty/internal/webrtc/engine.go:110.16,112.4 1 0
github.com/sametyilmaztemel/remotty/internal/webrtc/engine.go:117.57,125.39 3 1
github.com/sametyilmaztemel/remotty/internal/webrtc/engine.go:125.39,127.3 1 1
github.com/sametyilmaztemel/remotty/internal/webrtc/engine.go:128.2,128.35 1 1
github.com/sametyilmaztemel/remotty/internal/webrtc/engine.go:128.35,130.3 1 1
github.com/sametyilmaztemel/remotty/internal/webrtc/engine.go:133.2,134.35 2 1
github.com/sametyilmaztemel/remotty/internal/webrtc/engine.go:134.35,136.3 1 1
github.com/sametyilmaztemel/remotty/internal/webrtc/engine.go:139.2,140.50 2 1
github.com/sametyilmaztemel/remotty/internal/webrtc/engine.go:140.50,142.3 1 0
github.com/sametyilmaztemel/remotty/internal/webrtc/engine.go:144.2,145.63 2 1
github.com/sametyilmaztemel/remotty/internal/webrtc/engine.go:145.63,147.3 1 0
github.com/sametyilmaztemel/remotty/internal/webrtc/engine.go:149.2,160.16 4 1
github.com/sametyilmaztemel/remotty/internal/webrtc/engine.go:160.16,162.3 1 0
github.com/sametyilmaztemel/remotty/internal/webrtc/engine.go:164.2,173.68 2 1
github.com/sametyilmaztemel/remotty/internal/webrtc/engine.go:173.68,175.28 2 0
github.com/sametyilmaztemel/remotty/internal/webrtc/engine.go:175.28,177.4 1 0
github.com/sametyilmaztemel/remotty/internal/webrtc/engine.go:179.3,179.16 1 0
github.com/sametyilmaztemel/remotty/internal/webrtc/engine.go:181.40,184.24 1 0
github.com/sametyilmaztemel/remotty/internal/webrtc/engine.go:187.37,191.20 2 0
github.com/sametyilmaztemel/remotty/internal/webrtc/engine.go:191.20,193.12 2 0
github.com/sametyilmaztemel/remotty/internal/webrtc/engine.go:194.40,194.40 0 0
github.com/sametyilmaztemel/remotty/internal/webrtc/engine.go:195.13,195.13 0 0
github.com/sametyilmaztemel/remotty/internal/webrtc/engine.go:197.5,197.49 1 0
github.com/sametyilmaztemel/remotty/internal/webrtc/engine.go:197.49,199.6 1 0
github.com/sametyilmaztemel/remotty/internal/webrtc/engine.go:201.4,201.24 1 0
github.com/sametyilmaztemel/remotty/internal/webrtc/engine.go:206.2,206.46 1 1
github.com/sametyilmaztemel/remotty/internal/webrtc/engine.go:206.46,213.20 5 0
github.com/sametyilmaztemel/remotty/internal/webrtc/engine.go:213.20,215.32 2 0
github.com/sametyilmaztemel/remotty/internal/webrtc/engine.go:215.32,217.5 1 0
github.com/sametyilmaztemel/remotty/internal/webrtc/engine.go:220.3,220.21 1 0
github.com/sametyilmaztemel/remotty/internal/webrtc/engine.go:220.21,222.4 1 0
github.com/sametyilmaztemel/remotty/internal/webrtc/engine.go:226.2,226.55 1 1
github.com/sametyilmaztemel/remotty/internal/webrtc/engine.go:226.55,227.35 1 1
github.com/sametyilmaztemel/remotty/internal/webrtc/engine.go:227.35,229.4 1 1
github.com/sametyilmaztemel/remotty/internal/webrtc/engine.go:230.3,232.55 3 1
github.com/sametyilmaztemel/remotty/internal/webrtc/engine.go:232.55,234.4 1 0
github.com/sametyilmaztemel/remotty/internal/webrtc/engine.go:237.2,237.15 1 1
github.com/sametyilmaztemel/remotty/internal/webrtc/engine.go:241.64,243.16 2 1
github.com/sametyilmaztemel/remotty/internal/webrtc/engine.go:243.16,245.3 1 0
github.com/sametyilmaztemel/remotty/internal/webrtc/engine.go:247.2,247.56 1 1
github.com/sametyilmaztemel/remotty/internal/webrtc/engine.go:247.56,249.3 1 0
github.com/sametyilmaztemel/remotty/internal/webrtc/engine.go:251.2,255.8 2 1
github.com/sametyilmaztemel/remotty/internal/webrtc/engine.go:259.58,264.60 2 1
github.com/sametyilmaztemel/remotty/internal/webrtc/engine.go:264.60,266.3 1 0
github.com/sametyilmaztemel/remotty/internal/webrtc/engine.go:268.2,271.17 1 1
github.com/sametyilmaztemel/remotty/internal/webrtc/engine.go:271.17,273.3 1 1
github.com/sametyilmaztemel/remotty/internal/webrtc/engine.go:275.2,276.16 2 0
github.com/sametyilmaztemel/remotty/internal/webrtc/engine.go:276.16,278.3 1 0
github.com/sametyilmaztemel/remotty/internal/webrtc/engine.go:280.2,280.57 1 0
github.com/sametyilmaztemel/remotty/internal/webrtc/engine.go:280.57,282.3 1 0
github.com/sametyilmaztemel/remotty/internal/webrtc/engine.go:284.2,291.49 4 0
github.com/sametyilmaztemel/remotty/internal/webrtc/engine.go:295.59,300.61 2 1
github.com/sametyilmaztemel/remotty/internal/webrtc/engine.go:300.61,302.3 1 0
github.com/sametyilmaztemel/remotty/internal/webrtc/engine.go:304.2,307.4 1 1
github.com/sametyilmaztemel/remotty/internal/webrtc/engine.go:311.56,313.64 2 1
github.com/sametyilmaztemel/remotty/internal/webrtc/engine.go:313.64,315.3 1 0
github.com/sametyilmaztemel/remotty/internal/webrtc/engine.go:316.2,316.40 1 1
github.com/sametyilmaztemel/remotty/internal/webrtc/engine.go:320.63,325.16 2 1
github.com/sametyilmaztemel/remotty/internal/webrtc/engine.go:325.16,328.3 2 0
github.com/sametyilmaztemel/remotty/internal/webrtc/engine.go:330.2,334.38 4 1
github.com/sametyilmaztemel/remotty/internal/webrtc/engine.go:338.72,344.16 2 1
github.com/sametyilmaztemel/remotty/internal/webrtc/engine.go:344.16,346.3 1 0
github.com/sametyilmaztemel/remotty/internal/webrtc/engine.go:348.2,349.16 2 1
github.com/sametyilmaztemel/remotty/internal/webrtc/engine.go:349.16,351.3 1 0
github.com/sametyilmaztemel/remotty/internal/webrtc/engine.go:353.2,354.19 2 1
github.com/sametyilmaztemel/remotty/internal/webrtc/engine.go:360.34,362.18 2 0
github.com/sametyilmaztemel/remotty/internal/webrtc/engine.go:362.18,365.3 2 0
github.com/sametyilmaztemel/remotty/internal/webrtc/engine.go:366.2,373.6 6 0
github.com/sametyilmaztemel/remotty/internal/webrtc/engine.go:373.6,376.45 2 0
github.com/sametyilmaztemel/remotty/internal/webrtc/engine.go:376.45,378.4 1 0
github.com/sametyilmaztemel/remotty/internal/webrtc/engine.go:380.3,386.40 2 0
github.com/sametyilmaztemel/remotty/internal/webrtc/engine.go:386.40,393.33 2 0
github.com/sametyilmaztemel/remotty/internal/webrtc/engine.go:393.33,402.48 5 0
github.com/sametyilmaztemel/remotty/internal/webrtc/engine.go:402.48,404.6 1 0
github.com/sametyilmaztemel/remotty/internal/webrtc/engine.go:405.5,406.11 2 0
github.com/sametyilmaztemel/remotty/internal/webrtc/engine.go:410.4,410.11 1 0
github.com/sametyilmaztemel/remotty/internal/webrtc/engine.go:411.27,416.11 4 0
github.com/sametyilmaztemel/remotty/internal/webrtc/engine.go:417.31,419.44 2 0
github.com/sametyilmaztemel/remotty/internal/webrtc/engine.go:419.44,421.6 1 0
github.com/sametyilmaztemel/remotty/internal/webrtc/engine.go:423.4,423.12 1 0
github.com/sametyilmaztemel/remotty/internal/webrtc/engine.go:427.3,430.9 4 0
github.com/sametyilmaztemel/remotty/internal/webrtc/engine.go:436.37,440.14 3 0
github.com/sametyilmaztemel/remotty/internal/webrtc/engine.go:440.14,442.3 1 0
github.com/sametyilmaztemel/remotty/internal/webrtc/engine.go:445.2,448.16 2 0
github.com/sametyilmaztemel/remotty/internal/webrtc/engine.go:448.16,450.3 1 0
github.com/sametyilmaztemel/remotty/internal/webrtc/engine.go:452.2,452.56 1 0
github.com/sametyilmaztemel/remotty/internal/webrtc/engine.go:452.56,454.3 1 0
github.com/sametyilmaztemel/remotty/internal/webrtc/engine.go:457.2,463.64 3 0
github.com/sametyilmaztemel/remotty/internal/webrtc/engine.go:463.64,465.3 1 0
github.com/sametyilmaztemel/remotty/internal/webrtc/engine.go:467.2,468.12 2 0
github.com/sametyilmaztemel/remotty/internal/webrtc/engine.go:472.32,475.14 3 1
github.com/sametyilmaztemel/remotty/internal/webrtc/engine.go:475.14,477.3 1 1
github.com/sametyilmaztemel/remotty/internal/webrtc/engine.go:478.2,482.18 3 1
github.com/sametyilmaztemel/remotty/internal/webrtc/engine.go:482.18,484.10 2 0
github.com/sametyilmaztemel/remotty/internal/webrtc/engine.go:485.38,485.38 0 0
github.com/sametyilmaztemel/remotty/internal/webrtc/engine.go:486.11,486.11 0 0
github.com/sametyilmaztemel/remotty/internal/webrtc/engine.go:489.2,491.21 2 1
github.com/sametyilmaztemel/remotty/internal/webrtc/engine.go:495.60,497.2 1 1
github.com/sametyilmaztemel/remotty/internal/webrtc/engine.go:499.28,501.2 1 1
