mode: set
github.com/sametyilmaztemel/remotty/internal/client/client.go:31.78,36.2 1 1
github.com/sametyilmaztemel/remotty/internal/client/client.go:39.59,41.16 2 0
github.com/sametyilmaztemel/remotty/internal/client/client.go:41.16,43.3 1 0
github.com/sametyilmaztemel/remotty/internal/client/client.go:44.2,49.16 4 0
github.com/sametyilmaztemel/remotty/internal/client/client.go:49.16,51.3 1 0
github.com/sametyilmaztemel/remotty/internal/client/client.go:53.2,56.38 3 0
github.com/sametyilmaztemel/remotty/internal/client/client.go:56.38,63.3 4 0
github.com/sametyilmaztemel/remotty/internal/client/client.go:65.2,65.61 1 0
github.com/sametyilmaztemel/remotty/internal/client/client.go:69.64,71.16 2 0
github.com/sametyilmaztemel/remotty/internal/client/client.go:71.16,73.3 1 0
github.com/sametyilmaztemel/remotty/internal/client/client.go:74.2,85.16 5 0
github.com/sametyilmaztemel/remotty/internal/client/client.go:85.16,87.3 1 0
github.com/sametyilmaztemel/remotty/internal/client/client.go:89.2,92.35 3 0
github.com/sametyilmaztemel/remotty/internal/client/client.go:92.35,96.3 3 0
github.com/sametyilmaztemel/remotty/internal/client/client.go:98.2,98.39 1 0
github.com/sametyilmaztemel/remotty/internal/client/client.go:98.39,100.3 1 0
github.com/sametyilmaztemel/remotty/internal/client/client.go:102.2,113.65 4 0
github.com/sametyilmaztemel/remotty/internal/client/client.go:113.65,117.3 3 0
github.com/sametyilmaztemel/remotty/internal/client/client.go:118.2,118.16 1 0
github.com/sametyilmaztemel/remotty/internal/client/client.go:118.16,120.3 1 0
github.com/sametyilmaztemel/remotty/internal/client/client.go:121.2,124.12 2 0
github.com/sametyilmaztemel/remotty/internal/client/client.go:124.12,125.7 1 0
github.com/sametyilmaztemel/remotty/internal/client/client.go:125.7,127.18 2 0
github.com/sametyilmaztemel/remotty/internal/client/client.go:127.18,129.5 1 0
github.com/sametyilmaztemel/remotty/internal/client/client.go:130.4,133.23 3 0
github.com/sametyilmaztemel/remotty/internal/client/client.go:134.27,135.31 1 0
github.com/sametyilmaztemel/remotty/internal/client/client.go:136.34,137.29 1 0
github.com/sametyilmaztemel/remotty/internal/client/client.go:146.2,152.16 5 0
github.com/sametyilmaztemel/remotty/internal/client/client.go:152.16,154.3 1 0
github.com/sametyilmaztemel/remotty/internal/client/client.go:155.2,159.16 3 0
github.com/sametyilmaztemel/remotty/internal/client/client.go:159.16,161.3 1 0
github.com/sametyilmaztemel/remotty/internal/client/client.go:163.2,168.32 4 0
github.com/sametyilmaztemel/remotty/internal/client/client.go:168.32,172.3 1 0
github.com/sametyilmaztemel/remotty/internal/client/client.go:175.2,181.12 2 0
github.com/sametyilmaztemel/remotty/internal/client/client.go:181.12,183.7 2 0
github.com/sametyilmaztemel/remotty/internal/client/client.go:183.7,185.18 2 0
github.com/sametyilmaztemel/remotty/internal/client/client.go:185.18,187.5 1 0
github.com/sametyilmaztemel/remotty/internal/client/client.go:188.4,188.13 1 0
github.com/sametyilmaztemel/remotty/internal/client/client.go:188.13,190.5 1 0
github.com/sametyilmaztemel/remotty/internal/client/client.go:195.2,202.12 7 0
github.com/sametyilmaztemel/remotty/internal/client/client.go:202.12,203.22 1 0
github.com/sametyilmaztemel/remotty/internal/client/client.go:203.22,205.18 2 0
github.com/sametyilmaztemel/remotty/internal/client/client.go:205.18,206.13 1 0
github.com/sametyilmaztemel/remotty/internal/client/client.go:208.4,209.38 2 0
github.com/sametyilmaztemel/remotty/internal/client/client.go:209.38,211.13 2 0
github.com/sametyilmaztemel/remotty/internal/client/client.go:213.4,222.7 4 0
github.com/sametyilmaztemel/remotty/internal/client/client.go:227.2,229.41 2 0
github.com/sametyilmaztemel/remotty/internal/client/client.go:229.41,231.3 1 0
github.com/sametyilmaztemel/remotty/internal/client/client.go:233.2,233.37 1 0
github.com/sametyilmaztemel/remotty/internal/client/client.go:233.37,236.37 3 0
github.com/sametyilmaztemel/remotty/internal/client/client.go:236.37,238.4 1 0
github.com/sametyilmaztemel/remotty/internal/client/client.go:238.9,238.46 1 0
github.com/sametyilmaztemel/remotty/internal/client/client.go:238.46,241.4 2 0
github.com/sametyilmaztemel/remotty/internal/client/client.go:245.2,245.41 1 0
github.com/sametyilmaztemel/remotty/internal/client/client.go:245.41,247.52 2 0
github.com/sametyilmaztemel/remotty/internal/client/client.go:247.52,249.4 1 0
github.com/sametyilmaztemel/remotty/internal/client/client.go:251.3,251.19 1 0
github.com/sametyilmaztemel/remotty/internal/client/client.go:252.33,254.65 2 0
github.com/sametyilmaztemel/remotty/internal/client/client.go:254.65,256.5 1 0
github.com/sametyilmaztemel/remotty/internal/client/client.go:257.4,258.66 1 0
github.com/sametyilmaztemel/remotty/internal/client/client.go:260.33,262.65 2 0
github.com/sametyilmaztemel/remotty/internal/client/client.go:262.65,264.5 1 0
github.com/sametyilmaztemel/remotty/internal/client/client.go:265.4,266.40 1 0
github.com/sametyilmaztemel/remotty/internal/client/client.go:268.30,270.67 2 0
github.com/sametyilmaztemel/remotty/internal/client/client.go:270.67,272.5 1 0
github.com/sametyilmaztemel/remotty/internal/client/client.go:273.4,274.64 1 0
github.com/sametyilmaztemel/remotty/internal/client/client.go:276.31,280.70 2 0
github.com/sametyilmaztemel/remotty/internal/client/client.go:280.70,282.5 1 0
github.com/sametyilmaztemel/remotty/internal/client/client.go:283.4,283.80 1 0
github.com/sametyilmaztemel/remotty/internal/client/client.go:287.2,288.12 2 0
